<?xml version="1.0" encoding="UTF-8"?>
<coverage generated="1745153001373" clover="3.2.0">
  <project timestamp="1745153001373" name="All files">
    <metrics statements="298" coveredstatements="114" conditionals="140" coveredconditionals="52" methods="34" coveredmethods="11" elements="472" coveredelements="177" complexity="0" loc="298" ncloc="298" packages="3" files="4" classes="4"/>
    <package name="src">
      <metrics statements="122" coveredstatements="1" conditionals="53" coveredconditionals="0" methods="22" coveredmethods="0"/>
      <file name="config.ts" path="/Users/happyhawking/Documents/Projects/AI-ML/LLM-Projects/Claude/servers/opentk-mcp/src/config.ts">
        <metrics statements="1" coveredstatements="1" conditionals="0" coveredconditionals="0" methods="0" coveredmethods="0"/>
        <line num="6" count="2" type="stmt"/>
      </file>
      <file name="index.ts" path="/Users/happyhawking/Documents/Projects/AI-ML/LLM-Projects/Claude/servers/opentk-mcp/src/index.ts">
        <metrics statements="121" coveredstatements="0" conditionals="53" coveredconditionals="0" methods="22" coveredmethods="0"/>
        <line num="10" count="0" type="stmt"/>
        <line num="17" count="0" type="stmt"/>
        <line num="22" count="0" type="stmt"/>
        <line num="23" count="0" type="stmt"/>
        <line num="24" count="0" type="stmt"/>
        <line num="26" count="0" type="stmt"/>
        <line num="37" count="0" type="stmt"/>
        <line num="42" count="0" type="stmt"/>
        <line num="43" count="0" type="stmt"/>
        <line num="44" count="0" type="cond" truecount="0" falsecount="2"/>
        <line num="46" count="0" type="stmt"/>
        <line num="57" count="0" type="stmt"/>
        <line num="62" count="0" type="stmt"/>
        <line num="63" count="0" type="stmt"/>
        <line num="64" count="0" type="stmt"/>
        <line num="66" count="0" type="stmt"/>
        <line num="77" count="0" type="stmt"/>
        <line num="82" count="0" type="stmt"/>
        <line num="83" count="0" type="stmt"/>
        <line num="84" count="0" type="stmt"/>
        <line num="86" count="0" type="stmt"/>
        <line num="97" count="0" type="stmt"/>
        <line num="102" count="0" type="stmt"/>
        <line num="104" count="0" type="stmt"/>
        <line num="106" count="0" type="cond" truecount="0" falsecount="1"/>
        <line num="107" count="0" type="stmt"/>
        <line num="115" count="0" type="stmt"/>
        <line num="117" count="0" type="stmt"/>
        <line num="128" count="0" type="stmt"/>
        <line num="133" count="0" type="stmt"/>
        <line num="134" count="0" type="stmt"/>
        <line num="137" count="0" type="cond" truecount="0" falsecount="1"/>
        <line num="138" count="0" type="stmt"/>
        <line num="147" count="0" type="cond" truecount="0" falsecount="3"/>
        <line num="148" count="0" type="stmt"/>
        <line num="157" count="0" type="stmt"/>
        <line num="159" count="0" type="stmt"/>
        <line num="160" count="0" type="stmt"/>
        <line num="161" count="0" type="stmt"/>
        <line num="165" count="0" type="stmt"/>
        <line num="167" count="0" type="stmt"/>
        <line num="178" count="0" type="stmt"/>
        <line num="188" count="0" type="stmt"/>
        <line num="189" count="0" type="stmt"/>
        <line num="192" count="0" type="cond" truecount="0" falsecount="1"/>
        <line num="193" count="0" type="stmt"/>
        <line num="202" count="0" type="cond" truecount="0" falsecount="2"/>
        <line num="205" count="0" type="cond" truecount="0" falsecount="1"/>
        <line num="206" count="0" type="stmt"/>
        <line num="215" count="0" type="stmt"/>
        <line num="217" count="0" type="stmt"/>
        <line num="218" count="0" type="stmt"/>
        <line num="219" count="0" type="stmt"/>
        <line num="223" count="0" type="stmt"/>
        <line num="225" count="0" type="stmt"/>
        <line num="236" count="0" type="stmt"/>
        <line num="241" count="0" type="stmt"/>
        <line num="243" count="0" type="stmt"/>
        <line num="244" count="0" type="stmt"/>
        <line num="245" count="0" type="stmt"/>
        <line num="246" count="0" type="stmt"/>
        <line num="259" count="0" type="cond" truecount="0" falsecount="2"/>
        <line num="262" count="0" type="stmt"/>
        <line num="263" count="0" type="stmt"/>
        <line num="265" count="0" type="cond" truecount="0" falsecount="2"/>
        <line num="267" count="0" type="stmt"/>
        <line num="268" count="0" type="stmt"/>
        <line num="269" count="0" type="stmt"/>
        <line num="283" count="0" type="stmt"/>
        <line num="287" count="0" type="stmt"/>
        <line num="298" count="0" type="stmt"/>
        <line num="303" count="0" type="stmt"/>
        <line num="304" count="0" type="stmt"/>
        <line num="305" count="0" type="stmt"/>
        <line num="306" count="0" type="stmt"/>
        <line num="319" count="0" type="stmt"/>
        <line num="330" count="0" type="stmt"/>
        <line num="335" count="0" type="stmt"/>
        <line num="336" count="0" type="stmt"/>
        <line num="337" count="0" type="stmt"/>
        <line num="339" count="0" type="stmt"/>
        <line num="350" count="0" type="stmt"/>
        <line num="358" count="0" type="stmt"/>
        <line num="359" count="0" type="stmt"/>
        <line num="360" count="0" type="stmt"/>
        <line num="362" count="0" type="stmt"/>
        <line num="373" count="0" type="stmt"/>
        <line num="383" count="0" type="stmt"/>
        <line num="384" count="0" type="stmt"/>
        <line num="385" count="0" type="stmt"/>
        <line num="387" count="0" type="stmt"/>
        <line num="398" count="0" type="stmt"/>
        <line num="403" count="0" type="stmt"/>
        <line num="404" count="0" type="stmt"/>
        <line num="405" count="0" type="stmt"/>
        <line num="407" count="0" type="stmt"/>
        <line num="418" count="0" type="stmt"/>
        <line num="423" count="0" type="stmt"/>
        <line num="424" count="0" type="stmt"/>
        <line num="425" count="0" type="stmt"/>
        <line num="427" count="0" type="stmt"/>
        <line num="438" count="0" type="stmt"/>
        <line num="443" count="0" type="stmt"/>
        <line num="444" count="0" type="stmt"/>
        <line num="445" count="0" type="stmt"/>
        <line num="447" count="0" type="stmt"/>
        <line num="458" count="0" type="stmt"/>
        <line num="463" count="0" type="stmt"/>
        <line num="464" count="0" type="stmt"/>
        <line num="465" count="0" type="stmt"/>
        <line num="467" count="0" type="stmt"/>
        <line num="478" count="0" type="stmt"/>
        <line num="483" count="0" type="stmt"/>
        <line num="484" count="0" type="stmt"/>
        <line num="487" count="0" type="stmt"/>
        <line num="489" count="0" type="stmt"/>
        <line num="502" count="0" type="stmt"/>
        <line num="503" count="0" type="stmt"/>
        <line num="505" count="0" type="stmt"/>
        <line num="506" count="0" type="stmt"/>
        <line num="507" count="0" type="stmt"/>
      </file>
    </package>
    <package name="src.services">
      <metrics statements="167" coveredstatements="104" conditionals="81" coveredconditionals="46" methods="11" coveredmethods="10"/>
      <file name="api.ts" path="/Users/happyhawking/Documents/Projects/AI-ML/LLM-Projects/Claude/servers/opentk-mcp/src/services/api.ts">
        <metrics statements="167" coveredstatements="104" conditionals="81" coveredconditionals="46" methods="11" coveredmethods="10"/>
        <line num="15" count="0" type="stmt"/>
        <line num="17" count="0" type="cond" truecount="0" falsecount="2"/>
        <line num="20" count="0" type="stmt"/>
        <line num="25" count="0" type="stmt"/>
        <line num="30" count="0" type="cond" truecount="0" falsecount="1"/>
        <line num="31" count="0" type="stmt"/>
        <line num="34" count="0" type="stmt"/>
        <line num="37" count="0" type="cond" truecount="0" falsecount="1"/>
        <line num="38" count="0" type="stmt"/>
        <line num="39" count="0" type="stmt"/>
        <line num="43" count="0" type="stmt"/>
        <line num="44" count="0" type="stmt"/>
        <line num="46" count="0" type="stmt"/>
        <line num="47" count="0" type="stmt"/>
        <line num="50" count="0" type="stmt"/>
        <line num="51" count="0" type="stmt"/>
        <line num="63" count="10" type="stmt"/>
        <line num="65" count="10" type="cond" truecount="1" falsecount="1"/>
        <line num="68" count="10" type="stmt"/>
        <line num="73" count="10" type="stmt"/>
        <line num="78" count="10" type="cond" truecount="1" falsecount="0"/>
        <line num="79" count="1" type="stmt"/>
        <line num="82" count="9" type="stmt"/>
        <line num="84" count="1" type="stmt"/>
        <line num="85" count="1" type="stmt"/>
        <line num="97" count="1" type="stmt"/>
        <line num="99" count="1" type="cond" truecount="1" falsecount="1"/>
        <line num="102" count="1" type="stmt"/>
        <line num="107" count="1" type="stmt"/>
        <line num="112" count="1" type="cond" truecount="0" falsecount="1"/>
        <line num="113" count="0" type="stmt"/>
        <line num="116" count="1" type="stmt"/>
        <line num="117" count="1" type="cond" truecount="1" falsecount="1"/>
        <line num="119" count="1" type="stmt"/>
        <line num="121" count="0" type="stmt"/>
        <line num="122" count="0" type="stmt"/>
        <line num="134" count="4" type="stmt"/>
        <line num="137" count="4" type="stmt"/>
        <line num="140" count="4" type="stmt"/>
        <line num="141" count="4" type="stmt"/>
        <line num="142" count="4" type="cond" truecount="2" falsecount="0"/>
        <line num="143" count="4" type="cond" truecount="2" falsecount="0"/>
        <line num="145" count="4" type="stmt"/>
        <line num="166" count="4" type="cond" truecount="1" falsecount="0"/>
        <line num="168" count="4" type="cond" truecount="1" falsecount="0"/>
        <line num="169" count="4" type="stmt"/>
        <line num="172" count="4" type="stmt"/>
        <line num="174" count="4" type="cond" truecount="3" falsecount="0"/>
        <line num="175" count="2" type="stmt"/>
        <line num="178" count="2" type="stmt"/>
        <line num="179" count="2" type="stmt"/>
        <line num="180" count="2" type="cond" truecount="1" falsecount="1"/>
        <line num="181" count="2" type="cond" truecount="2" falsecount="0"/>
        <line num="183" count="2" type="stmt"/>
        <line num="203" count="2" type="cond" truecount="0" falsecount="1"/>
        <line num="204" count="0" type="stmt"/>
        <line num="205" count="0" type="stmt"/>
        <line num="206" count="0" type="stmt"/>
        <line num="207" count="0" type="stmt"/>
        <line num="215" count="4" type="stmt"/>
        <line num="220" count="0" type="stmt"/>
        <line num="224" count="0" type="stmt"/>
        <line num="225" count="0" type="cond" truecount="0" falsecount="1"/>
        <line num="226" count="0" type="stmt"/>
        <line num="227" count="0" type="stmt"/>
        <line num="231" count="0" type="stmt"/>
        <line num="232" count="0" type="stmt"/>
        <line num="234" count="0" type="stmt"/>
        <line num="235" count="0" type="stmt"/>
        <line num="238" count="0" type="stmt"/>
        <line num="239" count="0" type="stmt"/>
        <line num="249" count="2" type="stmt"/>
        <line num="251" count="2" type="stmt"/>
        <line num="254" count="2" type="stmt"/>
        <line num="255" count="2" type="stmt"/>
        <line num="263" count="2" type="cond" truecount="2" falsecount="0"/>
        <line num="266" count="2" type="cond" truecount="2" falsecount="1"/>
        <line num="267" count="0" type="stmt"/>
        <line num="269" count="0" type="stmt"/>
        <line num="270" count="0" type="cond" truecount="0" falsecount="3"/>
        <line num="271" count="0" type="stmt"/>
        <line num="275" count="2" type="cond" truecount="0" falsecount="1"/>
        <line num="276" count="0" type="stmt"/>
        <line num="279" count="0" type="stmt"/>
        <line num="283" count="2" type="stmt"/>
        <line num="284" count="2" type="stmt"/>
        <line num="287" count="2" type="stmt"/>
        <line num="288" count="2" type="cond" truecount="3" falsecount="0"/>
        <line num="289" count="2" type="stmt"/>
        <line num="293" count="0" type="stmt"/>
        <line num="294" count="0" type="cond" truecount="0" falsecount="3"/>
        <line num="295" count="0" type="stmt"/>
        <line num="298" count="0" type="stmt"/>
        <line num="302" count="0" type="stmt"/>
        <line num="304" count="0" type="stmt"/>
        <line num="306" count="0" type="stmt"/>
        <line num="316" count="2" type="stmt"/>
        <line num="318" count="2" type="stmt"/>
        <line num="320" count="2" type="stmt"/>
        <line num="327" count="2" type="cond" truecount="0" falsecount="1"/>
        <line num="329" count="0" type="cond" truecount="0" falsecount="1"/>
        <line num="330" count="0" type="stmt"/>
        <line num="331" count="0" type="stmt"/>
        <line num="333" count="0" type="stmt"/>
        <line num="336" count="2" type="stmt"/>
        <line num="339" count="2" type="cond" truecount="0" falsecount="1"/>
        <line num="340" count="0" type="stmt"/>
        <line num="341" count="0" type="stmt"/>
        <line num="344" count="50475" type="stmt"/>
        <line num="346" count="0" type="stmt"/>
        <line num="347" count="0" type="stmt"/>
        <line num="355" count="2" type="stmt"/>
        <line num="357" count="2" type="stmt"/>
        <line num="360" count="2" type="stmt"/>
        <line num="362" count="2" type="stmt"/>
        <line num="364" count="0" type="stmt"/>
        <line num="365" count="0" type="stmt"/>
        <line num="375" count="2" type="stmt"/>
        <line num="377" count="2" type="stmt"/>
        <line num="379" count="2" type="stmt"/>
        <line num="380" count="2" type="stmt"/>
        <line num="382" count="2" type="cond" truecount="2" falsecount="1"/>
        <line num="383" count="0" type="stmt"/>
        <line num="384" count="0" type="stmt"/>
        <line num="387" count="2" type="stmt"/>
        <line num="390" count="2" type="stmt"/>
        <line num="393" count="2" type="stmt"/>
        <line num="394" count="302" type="stmt"/>
        <line num="397" count="302" type="stmt"/>
        <line num="398" count="302" type="stmt"/>
        <line num="399" count="302" type="cond" truecount="1" falsecount="1"/>
        <line num="401" count="302" type="cond" truecount="0" falsecount="1"/>
        <line num="404" count="302" type="stmt"/>
        <line num="405" count="302" type="stmt"/>
        <line num="406" count="302" type="cond" truecount="1" falsecount="1"/>
        <line num="409" count="302" type="stmt"/>
        <line num="410" count="302" type="cond" truecount="2" falsecount="0"/>
        <line num="411" count="302" type="cond" truecount="2" falsecount="0"/>
        <line num="414" count="302" type="stmt"/>
        <line num="415" count="302" type="stmt"/>
        <line num="418" count="302" type="stmt"/>
        <line num="419" count="1208" type="stmt"/>
        <line num="423" count="302" type="cond" truecount="1" falsecount="3"/>
        <line num="426" count="302" type="stmt"/>
        <line num="441" count="2" type="stmt"/>
        <line num="443" count="0" type="stmt"/>
        <line num="444" count="0" type="stmt"/>
        <line num="454" count="3" type="stmt"/>
        <line num="456" count="3" type="stmt"/>
        <line num="459" count="2" type="stmt"/>
        <line num="461" count="2" type="stmt"/>
        <line num="463" count="1" type="stmt"/>
        <line num="464" count="1" type="stmt"/>
        <line num="475" count="2" type="stmt"/>
        <line num="477" count="2" type="stmt"/>
        <line num="478" count="2" type="stmt"/>
        <line num="479" count="2" type="cond" truecount="1" falsecount="1"/>
        <line num="482" count="2" type="stmt"/>
        <line num="483" count="2" type="cond" truecount="1" falsecount="1"/>
        <line num="484" count="2" type="cond" truecount="1" falsecount="1"/>
        <line num="487" count="2" type="stmt"/>
        <line num="488" count="2" type="stmt"/>
        <line num="489" count="2" type="cond" truecount="1" falsecount="1"/>
        <line num="492" count="2" type="stmt"/>
        <line num="506" count="0" type="stmt"/>
        <line num="507" count="0" type="stmt"/>
        <line num="513" count="2" type="stmt"/>
      </file>
    </package>
    <package name="src.utils">
      <metrics statements="9" coveredstatements="9" conditionals="6" coveredconditionals="6" methods="1" coveredmethods="1"/>
      <file name="html-parser.ts" path="/Users/happyhawking/Documents/Projects/AI-ML/LLM-Projects/Claude/servers/opentk-mcp/src/utils/html-parser.ts">
        <metrics statements="9" coveredstatements="9" conditionals="6" coveredconditionals="6" methods="1" coveredmethods="1"/>
        <line num="12" count="6" type="stmt"/>
        <line num="13" count="6" type="stmt"/>
        <line num="15" count="6" type="cond" truecount="3" falsecount="0"/>
        <line num="16" count="3" type="stmt"/>
        <line num="20" count="3" type="stmt"/>
        <line num="21" count="3" type="stmt"/>
        <line num="23" count="3" type="cond" truecount="3" falsecount="0"/>
        <line num="24" count="2" type="stmt"/>
        <line num="27" count="1" type="stmt"/>
      </file>
    </package>
  </project>
</coverage>
