{"/Users/happyhawking/Documents/Projects/Current/Claude/servers/opentk-mcp/src/config.ts": {"path":"/Users/happyhawking/Documents/Projects/Current/Claude/servers/opentk-mcp/src/config.ts","statementMap":{"0":{"start":{"line":6,"column":13},"end":{"line":6,"column":52}}},"fnMap":{},"branchMap":{},"s":{"0":2},"f":{},"b":{}}
,"/Users/happyhawking/Documents/Projects/Current/Claude/servers/opentk-mcp/src/index.ts": {"path":"/Users/happyhawking/Documents/Projects/Current/Claude/servers/opentk-mcp/src/index.ts","statementMap":{"0":{"start":{"line":19,"column":12},"end":{"line":23,"column":2}},"1":{"start":{"line":26,"column":0},"end":{"line":55,"column":2}},"2":{"start":{"line":33,"column":4},"end":{"line":53,"column":5}},"3":{"start":{"line":35,"column":28},"end":{"line":35,"column":45}},"4":{"start":{"line":38,"column":23},"end":{"line":38,"column":66}},"5":{"start":{"line":40,"column":6},"end":{"line":45,"column":8}},"6":{"start":{"line":47,"column":6},"end":{"line":52,"column":8}},"7":{"start":{"line":58,"column":0},"end":{"line":75,"column":2}},"8":{"start":{"line":63,"column":4},"end":{"line":73,"column":5}},"9":{"start":{"line":64,"column":19},"end":{"line":64,"column":63}},"10":{"start":{"line":65,"column":6},"end":{"line":65,"column":82}},"11":{"start":{"line":67,"column":6},"end":{"line":72,"column":8}},"12":{"start":{"line":78,"column":0},"end":{"line":106,"column":2}},"13":{"start":{"line":83,"column":4},"end":{"line":104,"column":5}},"14":{"start":{"line":85,"column":22},"end":{"line":85,"column":51}},"15":{"start":{"line":87,"column":6},"end":{"line":94,"column":7}},"16":{"start":{"line":88,"column":8},"end":{"line":93,"column":10}},"17":{"start":{"line":96,"column":6},"end":{"line":96,"column":85}},"18":{"start":{"line":98,"column":6},"end":{"line":103,"column":8}},"19":{"start":{"line":109,"column":0},"end":{"line":207,"column":2}},"20":{"start":{"line":119,"column":4},"end":{"line":205,"column":5}},"21":{"start":{"line":121,"column":29},"end":{"line":121,"column":62}},"22":{"start":{"line":122,"column":28},"end":{"line":122,"column":45}},"23":{"start":{"line":124,"column":19},"end":{"line":124,"column":85}},"24":{"start":{"line":127,"column":6},"end":{"line":134,"column":7}},"25":{"start":{"line":128,"column":8},"end":{"line":133,"column":10}},"26":{"start":{"line":137,"column":6},"end":{"line":144,"column":7}},"27":{"start":{"line":138,"column":8},"end":{"line":143,"column":10}},"28":{"start":{"line":147,"column":28},"end":{"line":152,"column":8}},"29":{"start":{"line":149,"column":22},"end":{"line":149,"column":39}},"30":{"start":{"line":150,"column":22},"end":{"line":150,"column":39}},"31":{"start":{"line":151,"column":8},"end":{"line":151,"column":49}},"32":{"start":{"line":155,"column":27},"end":{"line":155,"column":47}},"33":{"start":{"line":156,"column":25},"end":{"line":156,"column":65}},"34":{"start":{"line":157,"column":25},"end":{"line":157,"column":61}},"35":{"start":{"line":158,"column":23},"end":{"line":158,"column":74}},"36":{"start":{"line":159,"column":31},"end":{"line":159,"column":72}},"37":{"start":{"line":162,"column":29},"end":{"line":170,"column":8}},"38":{"start":{"line":174,"column":6},"end":{"line":186,"column":7}},"39":{"start":{"line":176,"column":8},"end":{"line":182,"column":12}},"40":{"start":{"line":176,"column":57},"end":{"line":182,"column":10}},"41":{"start":{"line":185,"column":8},"end":{"line":185,"column":44}},"42":{"start":{"line":189,"column":6},"end":{"line":197,"column":8}},"43":{"start":{"line":199,"column":6},"end":{"line":204,"column":8}},"44":{"start":{"line":210,"column":0},"end":{"line":315,"column":2}},"45":{"start":{"line":223,"column":4},"end":{"line":313,"column":5}},"46":{"start":{"line":225,"column":29},"end":{"line":225,"column":62}},"47":{"start":{"line":226,"column":28},"end":{"line":226,"column":45}},"48":{"start":{"line":228,"column":19},"end":{"line":228,"column":85}},"49":{"start":{"line":231,"column":6},"end":{"line":238,"column":7}},"50":{"start":{"line":232,"column":8},"end":{"line":237,"column":10}},"51":{"start":{"line":241,"column":23},"end":{"line":241,"column":95}},"52":{"start":{"line":241,"column":70},"end":{"line":241,"column":89}},"53":{"start":{"line":244,"column":6},"end":{"line":251,"column":7}},"54":{"start":{"line":245,"column":8},"end":{"line":250,"column":10}},"55":{"start":{"line":254,"column":28},"end":{"line":259,"column":8}},"56":{"start":{"line":256,"column":22},"end":{"line":256,"column":39}},"57":{"start":{"line":257,"column":22},"end":{"line":257,"column":39}},"58":{"start":{"line":258,"column":8},"end":{"line":258,"column":49}},"59":{"start":{"line":262,"column":27},"end":{"line":262,"column":47}},"60":{"start":{"line":263,"column":25},"end":{"line":263,"column":65}},"61":{"start":{"line":264,"column":25},"end":{"line":264,"column":61}},"62":{"start":{"line":265,"column":23},"end":{"line":265,"column":74}},"63":{"start":{"line":266,"column":31},"end":{"line":266,"column":72}},"64":{"start":{"line":269,"column":29},"end":{"line":278,"column":8}},"65":{"start":{"line":282,"column":6},"end":{"line":294,"column":7}},"66":{"start":{"line":284,"column":8},"end":{"line":290,"column":12}},"67":{"start":{"line":284,"column":57},"end":{"line":290,"column":10}},"68":{"start":{"line":293,"column":8},"end":{"line":293,"column":44}},"69":{"start":{"line":297,"column":6},"end":{"line":305,"column":8}},"70":{"start":{"line":307,"column":6},"end":{"line":312,"column":8}},"71":{"start":{"line":318,"column":0},"end":{"line":347,"column":2}},"72":{"start":{"line":323,"column":4},"end":{"line":345,"column":5}},"73":{"start":{"line":324,"column":23},"end":{"line":324,"column":99}},"74":{"start":{"line":325,"column":21},"end":{"line":325,"column":57}},"75":{"start":{"line":326,"column":6},"end":{"line":337,"column":8}},"76":{"start":{"line":339,"column":6},"end":{"line":344,"column":8}},"77":{"start":{"line":350,"column":0},"end":{"line":395,"column":2}},"78":{"start":{"line":357,"column":4},"end":{"line":393,"column":5}},"79":{"start":{"line":358,"column":19},"end":{"line":358,"column":100}},"80":{"start":{"line":359,"column":6},"end":{"line":366,"column":7}},"81":{"start":{"line":360,"column":8},"end":{"line":365,"column":10}},"82":{"start":{"line":368,"column":22},"end":{"line":368,"column":68}},"83":{"start":{"line":369,"column":6},"end":{"line":376,"column":7}},"84":{"start":{"line":370,"column":8},"end":{"line":375,"column":10}},"85":{"start":{"line":378,"column":6},"end":{"line":383,"column":8}},"86":{"start":{"line":385,"column":6},"end":{"line":392,"column":8}},"87":{"start":{"line":398,"column":0},"end":{"line":434,"column":2}},"88":{"start":{"line":406,"column":28},"end":{"line":406,"column":30}},"89":{"start":{"line":408,"column":4},"end":{"line":410,"column":5}},"90":{"start":{"line":409,"column":6},"end":{"line":409,"column":46}},"91":{"start":{"line":412,"column":4},"end":{"line":416,"column":5}},"92":{"start":{"line":414,"column":25},"end":{"line":414,"column":53}},"93":{"start":{"line":415,"column":6},"end":{"line":415,"column":66}},"94":{"start":{"line":418,"column":4},"end":{"line":425,"column":5}},"95":{"start":{"line":419,"column":6},"end":{"line":424,"column":8}},"96":{"start":{"line":427,"column":4},"end":{"line":432,"column":6}},"97":{"start":{"line":437,"column":0},"end":{"line":465,"column":2}},"98":{"start":{"line":442,"column":4},"end":{"line":463,"column":5}},"99":{"start":{"line":443,"column":19},"end":{"line":443,"column":65}},"100":{"start":{"line":444,"column":25},"end":{"line":444,"column":66}},"101":{"start":{"line":446,"column":6},"end":{"line":453,"column":7}},"102":{"start":{"line":447,"column":8},"end":{"line":452,"column":10}},"103":{"start":{"line":455,"column":6},"end":{"line":455,"column":88}},"104":{"start":{"line":457,"column":6},"end":{"line":462,"column":8}},"105":{"start":{"line":468,"column":0},"end":{"line":515,"column":2}},"106":{"start":{"line":475,"column":4},"end":{"line":513,"column":5}},"107":{"start":{"line":476,"column":19},"end":{"line":476,"column":102}},"108":{"start":{"line":477,"column":31},"end":{"line":477,"column":91}},"109":{"start":{"line":479,"column":6},"end":{"line":496,"column":7}},"110":{"start":{"line":481,"column":27},"end":{"line":481,"column":53}},"111":{"start":{"line":482,"column":27},"end":{"line":482,"column":49}},"112":{"start":{"line":483,"column":21},"end":{"line":483,"column":67}},"113":{"start":{"line":485,"column":8},"end":{"line":495,"column":10}},"114":{"start":{"line":498,"column":6},"end":{"line":503,"column":8}},"115":{"start":{"line":505,"column":6},"end":{"line":512,"column":8}},"116":{"start":{"line":518,"column":0},"end":{"line":587,"column":2}},"117":{"start":{"line":525,"column":4},"end":{"line":585,"column":5}},"118":{"start":{"line":527,"column":29},"end":{"line":527,"column":62}},"119":{"start":{"line":529,"column":19},"end":{"line":529,"column":67}},"120":{"start":{"line":530,"column":25},"end":{"line":530,"column":66}},"121":{"start":{"line":532,"column":6},"end":{"line":545,"column":7}},"122":{"start":{"line":535,"column":8},"end":{"line":544,"column":10}},"123":{"start":{"line":548,"column":31},"end":{"line":552,"column":33}},"124":{"start":{"line":549,"column":22},"end":{"line":549,"column":69}},"125":{"start":{"line":550,"column":22},"end":{"line":550,"column":69}},"126":{"start":{"line":551,"column":8},"end":{"line":551,"column":49}},"127":{"start":{"line":555,"column":55},"end":{"line":555,"column":57}},"128":{"start":{"line":556,"column":6},"end":{"line":562,"column":9}},"129":{"start":{"line":557,"column":21},"end":{"line":557,"column":47}},"130":{"start":{"line":558,"column":8},"end":{"line":560,"column":9}},"131":{"start":{"line":559,"column":10},"end":{"line":559,"column":39}},"132":{"start":{"line":561,"column":8},"end":{"line":561,"column":47}},"133":{"start":{"line":564,"column":6},"end":{"line":574,"column":8}},"134":{"start":{"line":576,"column":6},"end":{"line":584,"column":8}},"135":{"start":{"line":590,"column":0},"end":{"line":670,"column":2}},"136":{"start":{"line":598,"column":4},"end":{"line":668,"column":5}},"137":{"start":{"line":600,"column":29},"end":{"line":600,"column":62}},"138":{"start":{"line":602,"column":19},"end":{"line":602,"column":65}},"139":{"start":{"line":603,"column":28},"end":{"line":603,"column":72}},"140":{"start":{"line":605,"column":6},"end":{"line":615,"column":7}},"141":{"start":{"line":606,"column":8},"end":{"line":614,"column":10}},"142":{"start":{"line":618,"column":28},"end":{"line":622,"column":33}},"143":{"start":{"line":619,"column":22},"end":{"line":619,"column":38}},"144":{"start":{"line":620,"column":22},"end":{"line":620,"column":38}},"145":{"start":{"line":621,"column":8},"end":{"line":621,"column":49}},"146":{"start":{"line":626,"column":6},"end":{"line":645,"column":7}},"147":{"start":{"line":628,"column":8},"end":{"line":641,"column":12}},"148":{"start":{"line":628,"column":54},"end":{"line":641,"column":10}},"149":{"start":{"line":644,"column":8},"end":{"line":644,"column":41}},"150":{"start":{"line":647,"column":6},"end":{"line":657,"column":8}},"151":{"start":{"line":659,"column":6},"end":{"line":667,"column":8}},"152":{"start":{"line":673,"column":0},"end":{"line":765,"column":2}},"153":{"start":{"line":683,"column":4},"end":{"line":763,"column":5}},"154":{"start":{"line":685,"column":29},"end":{"line":685,"column":62}},"155":{"start":{"line":686,"column":28},"end":{"line":686,"column":45}},"156":{"start":{"line":688,"column":19},"end":{"line":688,"column":108}},"157":{"start":{"line":691,"column":6},"end":{"line":698,"column":7}},"158":{"start":{"line":692,"column":8},"end":{"line":697,"column":10}},"159":{"start":{"line":701,"column":6},"end":{"line":708,"column":7}},"160":{"start":{"line":702,"column":8},"end":{"line":707,"column":10}},"161":{"start":{"line":711,"column":28},"end":{"line":716,"column":8}},"162":{"start":{"line":713,"column":22},"end":{"line":713,"column":39}},"163":{"start":{"line":714,"column":22},"end":{"line":714,"column":39}},"164":{"start":{"line":715,"column":8},"end":{"line":715,"column":49}},"165":{"start":{"line":719,"column":27},"end":{"line":719,"column":47}},"166":{"start":{"line":720,"column":25},"end":{"line":720,"column":65}},"167":{"start":{"line":721,"column":25},"end":{"line":721,"column":61}},"168":{"start":{"line":722,"column":23},"end":{"line":722,"column":74}},"169":{"start":{"line":723,"column":31},"end":{"line":723,"column":72}},"170":{"start":{"line":726,"column":29},"end":{"line":735,"column":8}},"171":{"start":{"line":738,"column":31},"end":{"line":744,"column":9}},"172":{"start":{"line":738,"column":61},"end":{"line":744,"column":8}},"173":{"start":{"line":747,"column":6},"end":{"line":755,"column":8}},"174":{"start":{"line":757,"column":6},"end":{"line":762,"column":8}},"175":{"start":{"line":768,"column":0},"end":{"line":954,"column":2}},"176":{"start":{"line":777,"column":4},"end":{"line":952,"column":5}},"177":{"start":{"line":779,"column":19},"end":{"line":779,"column":99}},"178":{"start":{"line":782,"column":6},"end":{"line":793,"column":7}},"179":{"start":{"line":783,"column":8},"end":{"line":792,"column":10}},"180":{"start":{"line":796,"column":22},"end":{"line":796,"column":68}},"181":{"start":{"line":799,"column":27},"end":{"line":799,"column":52}},"182":{"start":{"line":801,"column":6},"end":{"line":823,"column":7}},"183":{"start":{"line":802,"column":8},"end":{"line":811,"column":10}},"184":{"start":{"line":812,"column":13},"end":{"line":823,"column":7}},"185":{"start":{"line":813,"column":8},"end":{"line":822,"column":10}},"186":{"start":{"line":826,"column":36},"end":{"line":826,"column":84}},"187":{"start":{"line":829,"column":26},"end":{"line":829,"column":28}},"188":{"start":{"line":830,"column":25},"end":{"line":830,"column":27}},"189":{"start":{"line":832,"column":6},"end":{"line":852,"column":7}},"190":{"start":{"line":834,"column":8},"end":{"line":834,"column":55}},"191":{"start":{"line":835,"column":8},"end":{"line":835,"column":29}},"192":{"start":{"line":836,"column":13},"end":{"line":852,"column":7}},"193":{"start":{"line":838,"column":8},"end":{"line":838,"column":56}},"194":{"start":{"line":839,"column":8},"end":{"line":839,"column":30}},"195":{"start":{"line":842,"column":8},"end":{"line":851,"column":10}},"196":{"start":{"line":863,"column":6},"end":{"line":908,"column":7}},"197":{"start":{"line":865,"column":23},"end":{"line":865,"column":40}},"198":{"start":{"line":866,"column":27},"end":{"line":866,"column":49}},"199":{"start":{"line":869,"column":25},"end":{"line":869,"column":57}},"200":{"start":{"line":870,"column":23},"end":{"line":870,"column":74}},"201":{"start":{"line":873,"column":8},"end":{"line":873,"column":66}},"202":{"start":{"line":874,"column":8},"end":{"line":874,"column":60}},"203":{"start":{"line":877,"column":8},"end":{"line":877,"column":64}},"204":{"start":{"line":880,"column":8},"end":{"line":880,"column":40}},"205":{"start":{"line":881,"column":8},"end":{"line":881,"column":56}},"206":{"start":{"line":882,"column":8},"end":{"line":882,"column":53}},"207":{"start":{"line":883,"column":8},"end":{"line":883,"column":78}},"208":{"start":{"line":885,"column":13},"end":{"line":908,"column":7}},"209":{"start":{"line":887,"column":23},"end":{"line":887,"column":32}},"210":{"start":{"line":888,"column":23},"end":{"line":888,"column":61}},"211":{"start":{"line":889,"column":28},"end":{"line":889,"column":67}},"212":{"start":{"line":891,"column":8},"end":{"line":891,"column":56}},"213":{"start":{"line":892,"column":8},"end":{"line":892,"column":24}},"214":{"start":{"line":893,"column":8},"end":{"line":893,"column":32}},"215":{"start":{"line":894,"column":8},"end":{"line":894,"column":30}},"216":{"start":{"line":895,"column":8},"end":{"line":895,"column":58}},"217":{"start":{"line":896,"column":8},"end":{"line":896,"column":55}},"218":{"start":{"line":897,"column":8},"end":{"line":897,"column":26}},"219":{"start":{"line":901,"column":8},"end":{"line":901,"column":30}},"220":{"start":{"line":902,"column":8},"end":{"line":902,"column":24}},"221":{"start":{"line":903,"column":8},"end":{"line":903,"column":41}},"222":{"start":{"line":904,"column":8},"end":{"line":904,"column":30}},"223":{"start":{"line":905,"column":8},"end":{"line":905,"column":29}},"224":{"start":{"line":906,"column":8},"end":{"line":906,"column":26}},"225":{"start":{"line":907,"column":8},"end":{"line":907,"column":26}},"226":{"start":{"line":911,"column":6},"end":{"line":940,"column":8}},"227":{"start":{"line":942,"column":6},"end":{"line":951,"column":8}},"228":{"start":{"line":957,"column":0},"end":{"line":1080,"column":2}},"229":{"start":{"line":965,"column":4},"end":{"line":1078,"column":5}},"230":{"start":{"line":967,"column":19},"end":{"line":967,"column":99}},"231":{"start":{"line":970,"column":6},"end":{"line":981,"column":7}},"232":{"start":{"line":971,"column":8},"end":{"line":980,"column":10}},"233":{"start":{"line":984,"column":22},"end":{"line":984,"column":68}},"234":{"start":{"line":987,"column":27},"end":{"line":987,"column":52}},"235":{"start":{"line":989,"column":6},"end":{"line":1011,"column":7}},"236":{"start":{"line":990,"column":8},"end":{"line":999,"column":10}},"237":{"start":{"line":1000,"column":13},"end":{"line":1011,"column":7}},"238":{"start":{"line":1001,"column":8},"end":{"line":1010,"column":10}},"239":{"start":{"line":1014,"column":36},"end":{"line":1014,"column":84}},"240":{"start":{"line":1017,"column":26},"end":{"line":1017,"column":28}},"241":{"start":{"line":1018,"column":25},"end":{"line":1018,"column":27}},"242":{"start":{"line":1020,"column":6},"end":{"line":1040,"column":7}},"243":{"start":{"line":1022,"column":8},"end":{"line":1022,"column":55}},"244":{"start":{"line":1023,"column":8},"end":{"line":1023,"column":29}},"245":{"start":{"line":1024,"column":13},"end":{"line":1040,"column":7}},"246":{"start":{"line":1026,"column":8},"end":{"line":1026,"column":56}},"247":{"start":{"line":1027,"column":8},"end":{"line":1027,"column":30}},"248":{"start":{"line":1030,"column":8},"end":{"line":1039,"column":10}},"249":{"start":{"line":1043,"column":26},"end":{"line":1043,"column":74}},"250":{"start":{"line":1046,"column":6},"end":{"line":1066,"column":8}},"251":{"start":{"line":1068,"column":6},"end":{"line":1077,"column":8}},"252":{"start":{"line":1085,"column":2},"end":{"line":1085,"column":57}},"253":{"start":{"line":1086,"column":2},"end":{"line":1086,"column":48}},"254":{"start":{"line":1088,"column":0},"end":{"line":1091,"column":3}},"255":{"start":{"line":1089,"column":2},"end":{"line":1089,"column":29}},"256":{"start":{"line":1090,"column":2},"end":{"line":1090,"column":18}}},"fnMap":{"0":{"name":"(anonymous_0)","decl":{"start":{"line":32,"column":2},"end":{"line":32,"column":7}},"loc":{"start":{"line":32,"column":25},"end":{"line":54,"column":3}}},"1":{"name":"(anonymous_1)","decl":{"start":{"line":62,"column":2},"end":{"line":62,"column":7}},"loc":{"start":{"line":62,"column":13},"end":{"line":74,"column":3}}},"2":{"name":"(anonymous_2)","decl":{"start":{"line":82,"column":2},"end":{"line":82,"column":7}},"loc":{"start":{"line":82,"column":13},"end":{"line":105,"column":3}}},"3":{"name":"(anonymous_3)","decl":{"start":{"line":118,"column":2},"end":{"line":118,"column":7}},"loc":{"start":{"line":118,"column":64},"end":{"line":206,"column":3}}},"4":{"name":"(anonymous_4)","decl":{"start":{"line":147,"column":51},"end":{"line":147,"column":52}},"loc":{"start":{"line":147,"column":60},"end":{"line":152,"column":7}}},"5":{"name":"(anonymous_5)","decl":{"start":{"line":176,"column":48},"end":{"line":176,"column":52}},"loc":{"start":{"line":176,"column":57},"end":{"line":182,"column":10}}},"6":{"name":"(anonymous_6)","decl":{"start":{"line":222,"column":2},"end":{"line":222,"column":7}},"loc":{"start":{"line":222,"column":70},"end":{"line":314,"column":3}}},"7":{"name":"(anonymous_7)","decl":{"start":{"line":241,"column":58},"end":{"line":241,"column":59}},"loc":{"start":{"line":241,"column":70},"end":{"line":241,"column":89}}},"8":{"name":"(anonymous_8)","decl":{"start":{"line":254,"column":47},"end":{"line":254,"column":48}},"loc":{"start":{"line":254,"column":56},"end":{"line":259,"column":7}}},"9":{"name":"(anonymous_9)","decl":{"start":{"line":284,"column":48},"end":{"line":284,"column":52}},"loc":{"start":{"line":284,"column":57},"end":{"line":290,"column":10}}},"10":{"name":"(anonymous_10)","decl":{"start":{"line":322,"column":2},"end":{"line":322,"column":7}},"loc":{"start":{"line":322,"column":25},"end":{"line":346,"column":3}}},"11":{"name":"(anonymous_11)","decl":{"start":{"line":356,"column":2},"end":{"line":356,"column":7}},"loc":{"start":{"line":356,"column":23},"end":{"line":394,"column":3}}},"12":{"name":"(anonymous_12)","decl":{"start":{"line":405,"column":2},"end":{"line":405,"column":7}},"loc":{"start":{"line":405,"column":30},"end":{"line":433,"column":3}}},"13":{"name":"(anonymous_13)","decl":{"start":{"line":441,"column":2},"end":{"line":441,"column":7}},"loc":{"start":{"line":441,"column":13},"end":{"line":464,"column":3}}},"14":{"name":"(anonymous_14)","decl":{"start":{"line":474,"column":2},"end":{"line":474,"column":7}},"loc":{"start":{"line":474,"column":28},"end":{"line":514,"column":3}}},"15":{"name":"(anonymous_15)","decl":{"start":{"line":524,"column":2},"end":{"line":524,"column":7}},"loc":{"start":{"line":524,"column":27},"end":{"line":586,"column":3}}},"16":{"name":"(anonymous_16)","decl":{"start":{"line":548,"column":52},"end":{"line":548,"column":53}},"loc":{"start":{"line":548,"column":61},"end":{"line":552,"column":7}}},"17":{"name":"(anonymous_17)","decl":{"start":{"line":556,"column":31},"end":{"line":556,"column":39}},"loc":{"start":{"line":556,"column":42},"end":{"line":562,"column":7}}},"18":{"name":"(anonymous_18)","decl":{"start":{"line":597,"column":2},"end":{"line":597,"column":7}},"loc":{"start":{"line":597,"column":44},"end":{"line":669,"column":3}}},"19":{"name":"(anonymous_19)","decl":{"start":{"line":618,"column":52},"end":{"line":618,"column":53}},"loc":{"start":{"line":618,"column":61},"end":{"line":622,"column":7}}},"20":{"name":"(anonymous_20)","decl":{"start":{"line":628,"column":45},"end":{"line":628,"column":49}},"loc":{"start":{"line":628,"column":54},"end":{"line":641,"column":10}}},"21":{"name":"(anonymous_21)","decl":{"start":{"line":682,"column":2},"end":{"line":682,"column":7}},"loc":{"start":{"line":682,"column":54},"end":{"line":764,"column":3}}},"22":{"name":"(anonymous_22)","decl":{"start":{"line":711,"column":51},"end":{"line":711,"column":52}},"loc":{"start":{"line":711,"column":60},"end":{"line":716,"column":7}}},"23":{"name":"(anonymous_23)","decl":{"start":{"line":738,"column":52},"end":{"line":738,"column":56}},"loc":{"start":{"line":738,"column":61},"end":{"line":744,"column":8}}},"24":{"name":"(anonymous_24)","decl":{"start":{"line":776,"column":2},"end":{"line":776,"column":7}},"loc":{"start":{"line":776,"column":41},"end":{"line":953,"column":3}}},"25":{"name":"(anonymous_25)","decl":{"start":{"line":964,"column":2},"end":{"line":964,"column":7}},"loc":{"start":{"line":964,"column":34},"end":{"line":1079,"column":3}}},"26":{"name":"main","decl":{"start":{"line":1084,"column":15},"end":{"line":1084,"column":19}},"loc":{"start":{"line":1084,"column":19},"end":{"line":1087,"column":1}}},"27":{"name":"(anonymous_27)","decl":{"start":{"line":1088,"column":13},"end":{"line":1088,"column":14}},"loc":{"start":{"line":1088,"column":19},"end":{"line":1091,"column":1}}}},"branchMap":{"0":{"loc":{"start":{"line":32,"column":11},"end":{"line":32,"column":19}},"type":"default-arg","locations":[{"start":{"line":32,"column":18},"end":{"line":32,"column":19}}]},"1":{"loc":{"start":{"line":50,"column":44},"end":{"line":50,"column":76}},"type":"binary-expr","locations":[{"start":{"line":50,"column":44},"end":{"line":50,"column":57}},{"start":{"line":50,"column":61},"end":{"line":50,"column":76}}]},"2":{"loc":{"start":{"line":70,"column":45},"end":{"line":70,"column":77}},"type":"binary-expr","locations":[{"start":{"line":70,"column":45},"end":{"line":70,"column":58}},{"start":{"line":70,"column":62},"end":{"line":70,"column":77}}]},"3":{"loc":{"start":{"line":87,"column":6},"end":{"line":94,"column":7}},"type":"if","locations":[{"start":{"line":87,"column":6},"end":{"line":94,"column":7}}]},"4":{"loc":{"start":{"line":101,"column":43},"end":{"line":101,"column":75}},"type":"binary-expr","locations":[{"start":{"line":101,"column":43},"end":{"line":101,"column":56}},{"start":{"line":101,"column":60},"end":{"line":101,"column":75}}]},"5":{"loc":{"start":{"line":118,"column":18},"end":{"line":118,"column":26}},"type":"default-arg","locations":[{"start":{"line":118,"column":25},"end":{"line":118,"column":26}}]},"6":{"loc":{"start":{"line":118,"column":28},"end":{"line":118,"column":38}},"type":"default-arg","locations":[{"start":{"line":118,"column":36},"end":{"line":118,"column":38}}]},"7":{"loc":{"start":{"line":118,"column":40},"end":{"line":118,"column":58}},"type":"default-arg","locations":[{"start":{"line":118,"column":49},"end":{"line":118,"column":58}}]},"8":{"loc":{"start":{"line":127,"column":6},"end":{"line":134,"column":7}},"type":"if","locations":[{"start":{"line":127,"column":6},"end":{"line":134,"column":7}}]},"9":{"loc":{"start":{"line":137,"column":6},"end":{"line":144,"column":7}},"type":"if","locations":[{"start":{"line":137,"column":6},"end":{"line":144,"column":7}}]},"10":{"loc":{"start":{"line":137,"column":10},"end":{"line":137,"column":52}},"type":"binary-expr","locations":[{"start":{"line":137,"column":10},"end":{"line":137,"column":23}},{"start":{"line":137,"column":27},"end":{"line":137,"column":52}}]},"11":{"loc":{"start":{"line":174,"column":6},"end":{"line":186,"column":7}},"type":"if","locations":[{"start":{"line":174,"column":6},"end":{"line":186,"column":7}},{"start":{"line":183,"column":13},"end":{"line":186,"column":7}}]},"12":{"loc":{"start":{"line":202,"column":36},"end":{"line":202,"column":68}},"type":"binary-expr","locations":[{"start":{"line":202,"column":36},"end":{"line":202,"column":49}},{"start":{"line":202,"column":53},"end":{"line":202,"column":68}}]},"13":{"loc":{"start":{"line":222,"column":24},"end":{"line":222,"column":32}},"type":"default-arg","locations":[{"start":{"line":222,"column":31},"end":{"line":222,"column":32}}]},"14":{"loc":{"start":{"line":222,"column":34},"end":{"line":222,"column":44}},"type":"default-arg","locations":[{"start":{"line":222,"column":42},"end":{"line":222,"column":44}}]},"15":{"loc":{"start":{"line":222,"column":46},"end":{"line":222,"column":64}},"type":"default-arg","locations":[{"start":{"line":222,"column":55},"end":{"line":222,"column":64}}]},"16":{"loc":{"start":{"line":231,"column":6},"end":{"line":238,"column":7}},"type":"if","locations":[{"start":{"line":231,"column":6},"end":{"line":238,"column":7}}]},"17":{"loc":{"start":{"line":241,"column":23},"end":{"line":241,"column":95}},"type":"cond-expr","locations":[{"start":{"line":241,"column":38},"end":{"line":241,"column":90}},{"start":{"line":241,"column":93},"end":{"line":241,"column":95}}]},"18":{"loc":{"start":{"line":244,"column":6},"end":{"line":251,"column":7}},"type":"if","locations":[{"start":{"line":244,"column":6},"end":{"line":251,"column":7}}]},"19":{"loc":{"start":{"line":282,"column":6},"end":{"line":294,"column":7}},"type":"if","locations":[{"start":{"line":282,"column":6},"end":{"line":294,"column":7}},{"start":{"line":291,"column":13},"end":{"line":294,"column":7}}]},"20":{"loc":{"start":{"line":310,"column":48},"end":{"line":310,"column":80}},"type":"binary-expr","locations":[{"start":{"line":310,"column":48},"end":{"line":310,"column":61}},{"start":{"line":310,"column":65},"end":{"line":310,"column":80}}]},"21":{"loc":{"start":{"line":342,"column":44},"end":{"line":342,"column":76}},"type":"binary-expr","locations":[{"start":{"line":342,"column":44},"end":{"line":342,"column":57}},{"start":{"line":342,"column":61},"end":{"line":342,"column":76}}]},"22":{"loc":{"start":{"line":359,"column":6},"end":{"line":366,"column":7}},"type":"if","locations":[{"start":{"line":359,"column":6},"end":{"line":366,"column":7}}]},"23":{"loc":{"start":{"line":369,"column":6},"end":{"line":376,"column":7}},"type":"if","locations":[{"start":{"line":369,"column":6},"end":{"line":376,"column":7}}]},"24":{"loc":{"start":{"line":389,"column":55},"end":{"line":389,"column":87}},"type":"binary-expr","locations":[{"start":{"line":389,"column":55},"end":{"line":389,"column":68}},{"start":{"line":389,"column":72},"end":{"line":389,"column":87}}]},"25":{"loc":{"start":{"line":408,"column":4},"end":{"line":410,"column":5}},"type":"if","locations":[{"start":{"line":408,"column":4},"end":{"line":410,"column":5}}]},"26":{"loc":{"start":{"line":412,"column":4},"end":{"line":416,"column":5}},"type":"if","locations":[{"start":{"line":412,"column":4},"end":{"line":416,"column":5}}]},"27":{"loc":{"start":{"line":418,"column":4},"end":{"line":425,"column":5}},"type":"if","locations":[{"start":{"line":418,"column":4},"end":{"line":425,"column":5}}]},"28":{"loc":{"start":{"line":446,"column":6},"end":{"line":453,"column":7}},"type":"if","locations":[{"start":{"line":446,"column":6},"end":{"line":453,"column":7}}]},"29":{"loc":{"start":{"line":460,"column":46},"end":{"line":460,"column":78}},"type":"binary-expr","locations":[{"start":{"line":460,"column":46},"end":{"line":460,"column":59}},{"start":{"line":460,"column":63},"end":{"line":460,"column":78}}]},"30":{"loc":{"start":{"line":479,"column":6},"end":{"line":496,"column":7}},"type":"if","locations":[{"start":{"line":479,"column":6},"end":{"line":496,"column":7}}]},"31":{"loc":{"start":{"line":483,"column":21},"end":{"line":483,"column":67}},"type":"binary-expr","locations":[{"start":{"line":483,"column":21},"end":{"line":483,"column":44}},{"start":{"line":483,"column":48},"end":{"line":483,"column":67}}]},"32":{"loc":{"start":{"line":509,"column":56},"end":{"line":509,"column":88}},"type":"binary-expr","locations":[{"start":{"line":509,"column":56},"end":{"line":509,"column":69}},{"start":{"line":509,"column":73},"end":{"line":509,"column":88}}]},"33":{"loc":{"start":{"line":524,"column":11},"end":{"line":524,"column":21}},"type":"default-arg","locations":[{"start":{"line":524,"column":19},"end":{"line":524,"column":21}}]},"34":{"loc":{"start":{"line":532,"column":6},"end":{"line":545,"column":7}},"type":"if","locations":[{"start":{"line":532,"column":6},"end":{"line":545,"column":7}}]},"35":{"loc":{"start":{"line":549,"column":41},"end":{"line":549,"column":67}},"type":"cond-expr","locations":[{"start":{"line":549,"column":50},"end":{"line":549,"column":62}},{"start":{"line":549,"column":65},"end":{"line":549,"column":67}}]},"36":{"loc":{"start":{"line":550,"column":41},"end":{"line":550,"column":67}},"type":"cond-expr","locations":[{"start":{"line":550,"column":50},"end":{"line":550,"column":62}},{"start":{"line":550,"column":65},"end":{"line":550,"column":67}}]},"37":{"loc":{"start":{"line":557,"column":21},"end":{"line":557,"column":47}},"type":"binary-expr","locations":[{"start":{"line":557,"column":21},"end":{"line":557,"column":34}},{"start":{"line":557,"column":38},"end":{"line":557,"column":47}}]},"38":{"loc":{"start":{"line":558,"column":8},"end":{"line":560,"column":9}},"type":"if","locations":[{"start":{"line":558,"column":8},"end":{"line":560,"column":9}}]},"39":{"loc":{"start":{"line":580,"column":58},"end":{"line":580,"column":90}},"type":"binary-expr","locations":[{"start":{"line":580,"column":58},"end":{"line":580,"column":71}},{"start":{"line":580,"column":75},"end":{"line":580,"column":90}}]},"40":{"loc":{"start":{"line":597,"column":11},"end":{"line":597,"column":21}},"type":"default-arg","locations":[{"start":{"line":597,"column":19},"end":{"line":597,"column":21}}]},"41":{"loc":{"start":{"line":597,"column":23},"end":{"line":597,"column":38}},"type":"default-arg","locations":[{"start":{"line":597,"column":32},"end":{"line":597,"column":38}}]},"42":{"loc":{"start":{"line":605,"column":6},"end":{"line":615,"column":7}},"type":"if","locations":[{"start":{"line":605,"column":6},"end":{"line":615,"column":7}}]},"43":{"loc":{"start":{"line":626,"column":6},"end":{"line":645,"column":7}},"type":"if","locations":[{"start":{"line":626,"column":6},"end":{"line":645,"column":7}},{"start":{"line":642,"column":13},"end":{"line":645,"column":7}}]},"44":{"loc":{"start":{"line":634,"column":17},"end":{"line":639,"column":23}},"type":"cond-expr","locations":[{"start":{"line":634,"column":30},"end":{"line":639,"column":12}},{"start":{"line":639,"column":14},"end":{"line":639,"column":23}}]},"45":{"loc":{"start":{"line":663,"column":53},"end":{"line":663,"column":85}},"type":"binary-expr","locations":[{"start":{"line":663,"column":53},"end":{"line":663,"column":66}},{"start":{"line":663,"column":70},"end":{"line":663,"column":85}}]},"46":{"loc":{"start":{"line":682,"column":28},"end":{"line":682,"column":36}},"type":"default-arg","locations":[{"start":{"line":682,"column":35},"end":{"line":682,"column":36}}]},"47":{"loc":{"start":{"line":682,"column":38},"end":{"line":682,"column":48}},"type":"default-arg","locations":[{"start":{"line":682,"column":46},"end":{"line":682,"column":48}}]},"48":{"loc":{"start":{"line":691,"column":6},"end":{"line":698,"column":7}},"type":"if","locations":[{"start":{"line":691,"column":6},"end":{"line":698,"column":7}}]},"49":{"loc":{"start":{"line":695,"column":49},"end":{"line":695,"column":67}},"type":"binary-expr","locations":[{"start":{"line":695,"column":49},"end":{"line":695,"column":61}},{"start":{"line":695,"column":65},"end":{"line":695,"column":67}}]},"50":{"loc":{"start":{"line":701,"column":6},"end":{"line":708,"column":7}},"type":"if","locations":[{"start":{"line":701,"column":6},"end":{"line":708,"column":7}}]},"51":{"loc":{"start":{"line":701,"column":10},"end":{"line":701,"column":52}},"type":"binary-expr","locations":[{"start":{"line":701,"column":10},"end":{"line":701,"column":23}},{"start":{"line":701,"column":27},"end":{"line":701,"column":52}}]},"52":{"loc":{"start":{"line":760,"column":48},"end":{"line":760,"column":80}},"type":"binary-expr","locations":[{"start":{"line":760,"column":48},"end":{"line":760,"column":61}},{"start":{"line":760,"column":65},"end":{"line":760,"column":80}}]},"53":{"loc":{"start":{"line":782,"column":6},"end":{"line":793,"column":7}},"type":"if","locations":[{"start":{"line":782,"column":6},"end":{"line":793,"column":7}}]},"54":{"loc":{"start":{"line":801,"column":6},"end":{"line":823,"column":7}},"type":"if","locations":[{"start":{"line":801,"column":6},"end":{"line":823,"column":7}},{"start":{"line":812,"column":13},"end":{"line":823,"column":7}}]},"55":{"loc":{"start":{"line":812,"column":13},"end":{"line":823,"column":7}},"type":"if","locations":[{"start":{"line":812,"column":13},"end":{"line":823,"column":7}}]},"56":{"loc":{"start":{"line":832,"column":6},"end":{"line":852,"column":7}},"type":"if","locations":[{"start":{"line":832,"column":6},"end":{"line":852,"column":7}},{"start":{"line":836,"column":13},"end":{"line":852,"column":7}}]},"57":{"loc":{"start":{"line":836,"column":13},"end":{"line":852,"column":7}},"type":"if","locations":[{"start":{"line":836,"column":13},"end":{"line":852,"column":7}},{"start":{"line":840,"column":13},"end":{"line":852,"column":7}}]},"58":{"loc":{"start":{"line":836,"column":17},"end":{"line":836,"column":167}},"type":"binary-expr","locations":[{"start":{"line":836,"column":17},"end":{"line":836,"column":66}},{"start":{"line":836,"column":70},"end":{"line":836,"column":100}},{"start":{"line":836,"column":104},"end":{"line":836,"column":134}},{"start":{"line":836,"column":138},"end":{"line":836,"column":167}}]},"59":{"loc":{"start":{"line":848,"column":28},"end":{"line":848,"column":58}},"type":"binary-expr","locations":[{"start":{"line":848,"column":28},"end":{"line":848,"column":50}},{"start":{"line":848,"column":54},"end":{"line":848,"column":58}}]},"60":{"loc":{"start":{"line":863,"column":6},"end":{"line":908,"column":7}},"type":"if","locations":[{"start":{"line":863,"column":6},"end":{"line":908,"column":7}},{"start":{"line":885,"column":13},"end":{"line":908,"column":7}}]},"61":{"loc":{"start":{"line":865,"column":23},"end":{"line":865,"column":40}},"type":"binary-expr","locations":[{"start":{"line":865,"column":23},"end":{"line":865,"column":32}},{"start":{"line":865,"column":36},"end":{"line":865,"column":40}}]},"62":{"loc":{"start":{"line":882,"column":21},"end":{"line":882,"column":52}},"type":"cond-expr","locations":[{"start":{"line":882,"column":36},"end":{"line":882,"column":45}},{"start":{"line":882,"column":48},"end":{"line":882,"column":52}}]},"63":{"loc":{"start":{"line":883,"column":21},"end":{"line":883,"column":77}},"type":"cond-expr","locations":[{"start":{"line":883,"column":37},"end":{"line":883,"column":70}},{"start":{"line":883,"column":73},"end":{"line":883,"column":77}}]},"64":{"loc":{"start":{"line":885,"column":13},"end":{"line":908,"column":7}},"type":"if","locations":[{"start":{"line":885,"column":13},"end":{"line":908,"column":7}},{"start":{"line":899,"column":13},"end":{"line":908,"column":7}}]},"65":{"loc":{"start":{"line":896,"column":21},"end":{"line":896,"column":54}},"type":"cond-expr","locations":[{"start":{"line":896,"column":36},"end":{"line":896,"column":47}},{"start":{"line":896,"column":50},"end":{"line":896,"column":54}}]},"66":{"loc":{"start":{"line":916,"column":19},"end":{"line":916,"column":52}},"type":"binary-expr","locations":[{"start":{"line":916,"column":19},"end":{"line":916,"column":33}},{"start":{"line":916,"column":37},"end":{"line":916,"column":52}}]},"67":{"loc":{"start":{"line":917,"column":18},"end":{"line":917,"column":49}},"type":"binary-expr","locations":[{"start":{"line":917,"column":18},"end":{"line":917,"column":31}},{"start":{"line":917,"column":35},"end":{"line":917,"column":49}}]},"68":{"loc":{"start":{"line":918,"column":18},"end":{"line":918,"column":50}},"type":"binary-expr","locations":[{"start":{"line":918,"column":18},"end":{"line":918,"column":32}},{"start":{"line":918,"column":36},"end":{"line":918,"column":50}}]},"69":{"loc":{"start":{"line":933,"column":18},"end":{"line":935,"column":47}},"type":"cond-expr","locations":[{"start":{"line":934,"column":16},"end":{"line":934,"column":178}},{"start":{"line":935,"column":16},"end":{"line":935,"column":47}}]},"70":{"loc":{"start":{"line":934,"column":157},"end":{"line":934,"column":174}},"type":"binary-expr","locations":[{"start":{"line":934,"column":157},"end":{"line":934,"column":166}},{"start":{"line":934,"column":170},"end":{"line":934,"column":174}}]},"71":{"loc":{"start":{"line":937,"column":26},"end":{"line":937,"column":56}},"type":"binary-expr","locations":[{"start":{"line":937,"column":26},"end":{"line":937,"column":48}},{"start":{"line":937,"column":52},"end":{"line":937,"column":56}}]},"72":{"loc":{"start":{"line":946,"column":57},"end":{"line":946,"column":89}},"type":"binary-expr","locations":[{"start":{"line":946,"column":57},"end":{"line":946,"column":70}},{"start":{"line":946,"column":74},"end":{"line":946,"column":89}}]},"73":{"loc":{"start":{"line":970,"column":6},"end":{"line":981,"column":7}},"type":"if","locations":[{"start":{"line":970,"column":6},"end":{"line":981,"column":7}}]},"74":{"loc":{"start":{"line":989,"column":6},"end":{"line":1011,"column":7}},"type":"if","locations":[{"start":{"line":989,"column":6},"end":{"line":1011,"column":7}},{"start":{"line":1000,"column":13},"end":{"line":1011,"column":7}}]},"75":{"loc":{"start":{"line":1000,"column":13},"end":{"line":1011,"column":7}},"type":"if","locations":[{"start":{"line":1000,"column":13},"end":{"line":1011,"column":7}}]},"76":{"loc":{"start":{"line":1020,"column":6},"end":{"line":1040,"column":7}},"type":"if","locations":[{"start":{"line":1020,"column":6},"end":{"line":1040,"column":7}},{"start":{"line":1024,"column":13},"end":{"line":1040,"column":7}}]},"77":{"loc":{"start":{"line":1024,"column":13},"end":{"line":1040,"column":7}},"type":"if","locations":[{"start":{"line":1024,"column":13},"end":{"line":1040,"column":7}},{"start":{"line":1028,"column":13},"end":{"line":1040,"column":7}}]},"78":{"loc":{"start":{"line":1024,"column":17},"end":{"line":1024,"column":167}},"type":"binary-expr","locations":[{"start":{"line":1024,"column":17},"end":{"line":1024,"column":66}},{"start":{"line":1024,"column":70},"end":{"line":1024,"column":100}},{"start":{"line":1024,"column":104},"end":{"line":1024,"column":134}},{"start":{"line":1024,"column":138},"end":{"line":1024,"column":167}}]},"79":{"loc":{"start":{"line":1036,"column":28},"end":{"line":1036,"column":58}},"type":"binary-expr","locations":[{"start":{"line":1036,"column":28},"end":{"line":1036,"column":50}},{"start":{"line":1036,"column":54},"end":{"line":1036,"column":58}}]},"80":{"loc":{"start":{"line":1051,"column":19},"end":{"line":1051,"column":52}},"type":"binary-expr","locations":[{"start":{"line":1051,"column":19},"end":{"line":1051,"column":33}},{"start":{"line":1051,"column":37},"end":{"line":1051,"column":52}}]},"81":{"loc":{"start":{"line":1052,"column":18},"end":{"line":1052,"column":49}},"type":"binary-expr","locations":[{"start":{"line":1052,"column":18},"end":{"line":1052,"column":31}},{"start":{"line":1052,"column":35},"end":{"line":1052,"column":49}}]},"82":{"loc":{"start":{"line":1053,"column":18},"end":{"line":1053,"column":50}},"type":"binary-expr","locations":[{"start":{"line":1053,"column":18},"end":{"line":1053,"column":32}},{"start":{"line":1053,"column":36},"end":{"line":1053,"column":50}}]},"83":{"loc":{"start":{"line":1060,"column":75},"end":{"line":1060,"column":140}},"type":"cond-expr","locations":[{"start":{"line":1060,"column":100},"end":{"line":1060,"column":136}},{"start":{"line":1060,"column":139},"end":{"line":1060,"column":140}}]},"84":{"loc":{"start":{"line":1060,"column":100},"end":{"line":1060,"column":136}},"type":"binary-expr","locations":[{"start":{"line":1060,"column":100},"end":{"line":1060,"column":131}},{"start":{"line":1060,"column":135},"end":{"line":1060,"column":136}}]},"85":{"loc":{"start":{"line":1063,"column":26},"end":{"line":1063,"column":56}},"type":"binary-expr","locations":[{"start":{"line":1063,"column":26},"end":{"line":1063,"column":48}},{"start":{"line":1063,"column":52},"end":{"line":1063,"column":56}}]},"86":{"loc":{"start":{"line":1072,"column":62},"end":{"line":1072,"column":94}},"type":"binary-expr","locations":[{"start":{"line":1072,"column":62},"end":{"line":1072,"column":75}},{"start":{"line":1072,"column":79},"end":{"line":1072,"column":94}}]}},"s":{"0":0,"1":0,"2":0,"3":0,"4":0,"5":0,"6":0,"7":0,"8":0,"9":0,"10":0,"11":0,"12":0,"13":0,"14":0,"15":0,"16":0,"17":0,"18":0,"19":0,"20":0,"21":0,"22":0,"23":0,"24":0,"25":0,"26":0,"27":0,"28":0,"29":0,"30":0,"31":0,"32":0,"33":0,"34":0,"35":0,"36":0,"37":0,"38":0,"39":0,"40":0,"41":0,"42":0,"43":0,"44":0,"45":0,"46":0,"47":0,"48":0,"49":0,"50":0,"51":0,"52":0,"53":0,"54":0,"55":0,"56":0,"57":0,"58":0,"59":0,"60":0,"61":0,"62":0,"63":0,"64":0,"65":0,"66":0,"67":0,"68":0,"69":0,"70":0,"71":0,"72":0,"73":0,"74":0,"75":0,"76":0,"77":0,"78":0,"79":0,"80":0,"81":0,"82":0,"83":0,"84":0,"85":0,"86":0,"87":0,"88":0,"89":0,"90":0,"91":0,"92":0,"93":0,"94":0,"95":0,"96":0,"97":0,"98":0,"99":0,"100":0,"101":0,"102":0,"103":0,"104":0,"105":0,"106":0,"107":0,"108":0,"109":0,"110":0,"111":0,"112":0,"113":0,"114":0,"115":0,"116":0,"117":0,"118":0,"119":0,"120":0,"121":0,"122":0,"123":0,"124":0,"125":0,"126":0,"127":0,"128":0,"129":0,"130":0,"131":0,"132":0,"133":0,"134":0,"135":0,"136":0,"137":0,"138":0,"139":0,"140":0,"141":0,"142":0,"143":0,"144":0,"145":0,"146":0,"147":0,"148":0,"149":0,"150":0,"151":0,"152":0,"153":0,"154":0,"155":0,"156":0,"157":0,"158":0,"159":0,"160":0,"161":0,"162":0,"163":0,"164":0,"165":0,"166":0,"167":0,"168":0,"169":0,"170":0,"171":0,"172":0,"173":0,"174":0,"175":0,"176":0,"177":0,"178":0,"179":0,"180":0,"181":0,"182":0,"183":0,"184":0,"185":0,"186":0,"187":0,"188":0,"189":0,"190":0,"191":0,"192":0,"193":0,"194":0,"195":0,"196":0,"197":0,"198":0,"199":0,"200":0,"201":0,"202":0,"203":0,"204":0,"205":0,"206":0,"207":0,"208":0,"209":0,"210":0,"211":0,"212":0,"213":0,"214":0,"215":0,"216":0,"217":0,"218":0,"219":0,"220":0,"221":0,"222":0,"223":0,"224":0,"225":0,"226":0,"227":0,"228":0,"229":0,"230":0,"231":0,"232":0,"233":0,"234":0,"235":0,"236":0,"237":0,"238":0,"239":0,"240":0,"241":0,"242":0,"243":0,"244":0,"245":0,"246":0,"247":0,"248":0,"249":0,"250":0,"251":0,"252":0,"253":0,"254":0,"255":0,"256":0},"f":{"0":0,"1":0,"2":0,"3":0,"4":0,"5":0,"6":0,"7":0,"8":0,"9":0,"10":0,"11":0,"12":0,"13":0,"14":0,"15":0,"16":0,"17":0,"18":0,"19":0,"20":0,"21":0,"22":0,"23":0,"24":0,"25":0,"26":0,"27":0},"b":{"0":[0],"1":[0,0],"2":[0,0],"3":[0],"4":[0,0],"5":[0],"6":[0],"7":[0],"8":[0],"9":[0],"10":[0,0],"11":[0,0],"12":[0,0],"13":[0],"14":[0],"15":[0],"16":[0],"17":[0,0],"18":[0],"19":[0,0],"20":[0,0],"21":[0,0],"22":[0],"23":[0],"24":[0,0],"25":[0],"26":[0],"27":[0],"28":[0],"29":[0,0],"30":[0],"31":[0,0],"32":[0,0],"33":[0],"34":[0],"35":[0,0],"36":[0,0],"37":[0,0],"38":[0],"39":[0,0],"40":[0],"41":[0],"42":[0],"43":[0,0],"44":[0,0],"45":[0,0],"46":[0],"47":[0],"48":[0],"49":[0,0],"50":[0],"51":[0,0],"52":[0,0],"53":[0],"54":[0,0],"55":[0],"56":[0,0],"57":[0,0],"58":[0,0,0,0],"59":[0,0],"60":[0,0],"61":[0,0],"62":[0,0],"63":[0,0],"64":[0,0],"65":[0,0],"66":[0,0],"67":[0,0],"68":[0,0],"69":[0,0],"70":[0,0],"71":[0,0],"72":[0,0],"73":[0],"74":[0,0],"75":[0],"76":[0,0],"77":[0,0],"78":[0,0,0,0],"79":[0,0],"80":[0,0],"81":[0,0],"82":[0,0],"83":[0,0],"84":[0,0],"85":[0,0],"86":[0,0]}}
,"/Users/happyhawking/Documents/Projects/Current/Claude/servers/opentk-mcp/src/services/api.ts": {"path":"/Users/happyhawking/Documents/Projects/Current/Claude/servers/opentk-mcp/src/services/api.ts","statementMap":{"0":{"start":{"line":1,"column":0},"end":{"line":1,"column":40}},"1":{"start":{"line":2,"column":0},"end":{"line":2,"column":66}},"2":{"start":{"line":3,"column":0},"end":{"line":3,"column":26}},"3":{"start":{"line":20,"column":25},"end":{"line":26,"column":4}},"4":{"start":{"line":35,"column":4},"end":{"line":70,"column":5}},"5":{"start":{"line":37,"column":29},"end":{"line":37,"column":69}},"6":{"start":{"line":40,"column":22},"end":{"line":43,"column":8}},"7":{"start":{"line":45,"column":18},"end":{"line":49,"column":27}},"8":{"start":{"line":51,"column":6},"end":{"line":53,"column":7}},"9":{"start":{"line":52,"column":8},"end":{"line":52,"column":70}},"10":{"start":{"line":55,"column":19},"end":{"line":55,"column":35}},"11":{"start":{"line":58,"column":6},"end":{"line":60,"column":7}},"12":{"start":{"line":59,"column":8},"end":{"line":59,"column":23}},"13":{"start":{"line":63,"column":6},"end":{"line":67,"column":7}},"14":{"start":{"line":64,"column":8},"end":{"line":64,"column":37}},"15":{"start":{"line":66,"column":8},"end":{"line":66,"column":23}},"16":{"start":{"line":69,"column":6},"end":{"line":69,"column":18}},"17":{"start":{"line":81,"column":4},"end":{"line":104,"column":5}},"18":{"start":{"line":83,"column":29},"end":{"line":83,"column":69}},"19":{"start":{"line":86,"column":22},"end":{"line":89,"column":8}},"20":{"start":{"line":91,"column":18},"end":{"line":95,"column":27}},"21":{"start":{"line":97,"column":6},"end":{"line":99,"column":7}},"22":{"start":{"line":98,"column":8},"end":{"line":98,"column":70}},"23":{"start":{"line":101,"column":6},"end":{"line":101,"column":30}},"24":{"start":{"line":103,"column":6},"end":{"line":103,"column":18}},"25":{"start":{"line":115,"column":4},"end":{"line":141,"column":5}},"26":{"start":{"line":117,"column":29},"end":{"line":117,"column":69}},"27":{"start":{"line":120,"column":22},"end":{"line":123,"column":8}},"28":{"start":{"line":125,"column":18},"end":{"line":129,"column":27}},"29":{"start":{"line":131,"column":6},"end":{"line":133,"column":7}},"30":{"start":{"line":132,"column":8},"end":{"line":132,"column":70}},"31":{"start":{"line":135,"column":19},"end":{"line":135,"column":42}},"32":{"start":{"line":136,"column":26},"end":{"line":136,"column":87}},"33":{"start":{"line":138,"column":6},"end":{"line":138,"column":35}},"34":{"start":{"line":140,"column":6},"end":{"line":140,"column":18}},"35":{"start":{"line":152,"column":4},"end":{"line":286,"column":5}},"36":{"start":{"line":155,"column":29},"end":{"line":155,"column":61}},"37":{"start":{"line":158,"column":23},"end":{"line":158,"column":37}},"38":{"start":{"line":159,"column":6},"end":{"line":159,"column":43}},"39":{"start":{"line":160,"column":6},"end":{"line":160,"column":73}},"40":{"start":{"line":161,"column":6},"end":{"line":161,"column":61}},"41":{"start":{"line":163,"column":18},"end":{"line":182,"column":27}},"42":{"start":{"line":184,"column":6},"end":{"line":267,"column":7}},"43":{"start":{"line":186,"column":8},"end":{"line":263,"column":9}},"44":{"start":{"line":188,"column":35},"end":{"line":188,"column":101}},"45":{"start":{"line":188,"column":64},"end":{"line":188,"column":100}},"46":{"start":{"line":189,"column":29},"end":{"line":189,"column":135}},"47":{"start":{"line":195,"column":34},"end":{"line":195,"column":65}},"48":{"start":{"line":198,"column":34},"end":{"line":198,"column":81}},"49":{"start":{"line":200,"column":10},"end":{"line":254,"column":11}},"50":{"start":{"line":204,"column":39},"end":{"line":204,"column":53}},"51":{"start":{"line":205,"column":12},"end":{"line":205,"column":60}},"52":{"start":{"line":206,"column":12},"end":{"line":206,"column":89}},"53":{"start":{"line":207,"column":12},"end":{"line":207,"column":77}},"54":{"start":{"line":209,"column":12},"end":{"line":251,"column":13}},"55":{"start":{"line":210,"column":31},"end":{"line":228,"column":35}},"56":{"start":{"line":230,"column":14},"end":{"line":248,"column":15}},"57":{"start":{"line":231,"column":34},"end":{"line":231,"column":55}},"58":{"start":{"line":233,"column":16},"end":{"line":243,"column":17}},"59":{"start":{"line":234,"column":19},"end":{"line":234,"column":86}},"60":{"start":{"line":236,"column":18},"end":{"line":242,"column":19}},"61":{"start":{"line":237,"column":38},"end":{"line":237,"column":59}},"62":{"start":{"line":239,"column":20},"end":{"line":239,"column":42}},"63":{"start":{"line":241,"column":20},"end":{"line":241,"column":184}},"64":{"start":{"line":246,"column":39},"end":{"line":246,"column":107}},"65":{"start":{"line":246,"column":73},"end":{"line":246,"column":106}},"66":{"start":{"line":247,"column":16},"end":{"line":247,"column":178}},"67":{"start":{"line":250,"column":17},"end":{"line":250,"column":161}},"68":{"start":{"line":253,"column":13},"end":{"line":253,"column":91}},"69":{"start":{"line":258,"column":36},"end":{"line":258,"column":151}},"70":{"start":{"line":259,"column":10},"end":{"line":262,"column":17}},"71":{"start":{"line":265,"column":26},"end":{"line":265,"column":92}},"72":{"start":{"line":265,"column":55},"end":{"line":265,"column":91}},"73":{"start":{"line":266,"column":8},"end":{"line":266,"column":115}},"74":{"start":{"line":270,"column":19},"end":{"line":270,"column":35}},"75":{"start":{"line":271,"column":6},"end":{"line":274,"column":7}},"76":{"start":{"line":273,"column":8},"end":{"line":273,"column":36}},"77":{"start":{"line":277,"column":6},"end":{"line":282,"column":7}},"78":{"start":{"line":278,"column":8},"end":{"line":278,"column":37}},"79":{"start":{"line":281,"column":8},"end":{"line":281,"column":36}},"80":{"start":{"line":285,"column":6},"end":{"line":285,"column":18}},"81":{"start":{"line":295,"column":4},"end":{"line":353,"column":5}},"82":{"start":{"line":297,"column":29},"end":{"line":297,"column":64}},"83":{"start":{"line":300,"column":6},"end":{"line":327,"column":7}},"84":{"start":{"line":301,"column":20},"end":{"line":307,"column":29}},"85":{"start":{"line":310,"column":25},"end":{"line":310,"column":58}},"86":{"start":{"line":313,"column":8},"end":{"line":320,"column":9}},"87":{"start":{"line":314,"column":23},"end":{"line":314,"column":39}},"88":{"start":{"line":316,"column":24},"end":{"line":316,"column":77}},"89":{"start":{"line":317,"column":10},"end":{"line":319,"column":11}},"90":{"start":{"line":318,"column":12},"end":{"line":318,"column":28}},"91":{"start":{"line":322,"column":8},"end":{"line":324,"column":9}},"92":{"start":{"line":323,"column":10},"end":{"line":323,"column":26}},"93":{"start":{"line":330,"column":6},"end":{"line":346,"column":7}},"94":{"start":{"line":331,"column":21},"end":{"line":331,"column":104}},"95":{"start":{"line":334,"column":28},"end":{"line":334,"column":102}},"96":{"start":{"line":335,"column":8},"end":{"line":337,"column":9}},"97":{"start":{"line":336,"column":10},"end":{"line":336,"column":32}},"98":{"start":{"line":340,"column":29},"end":{"line":340,"column":68}},"99":{"start":{"line":341,"column":8},"end":{"line":343,"column":9}},"100":{"start":{"line":342,"column":10},"end":{"line":342,"column":33}},"101":{"start":{"line":349,"column":6},"end":{"line":349,"column":86}},"102":{"start":{"line":352,"column":6},"end":{"line":352,"column":77}},"103":{"start":{"line":362,"column":4},"end":{"line":392,"column":5}},"104":{"start":{"line":364,"column":28},"end":{"line":364,"column":62}},"105":{"start":{"line":366,"column":18},"end":{"line":372,"column":27}},"106":{"start":{"line":374,"column":6},"end":{"line":380,"column":7}},"107":{"start":{"line":376,"column":8},"end":{"line":378,"column":9}},"108":{"start":{"line":377,"column":10},"end":{"line":377,"column":20}},"109":{"start":{"line":379,"column":8},"end":{"line":379,"column":70}},"110":{"start":{"line":382,"column":19},"end":{"line":382,"column":35}},"111":{"start":{"line":385,"column":6},"end":{"line":387,"column":7}},"112":{"start":{"line":386,"column":8},"end":{"line":386,"column":18}},"113":{"start":{"line":389,"column":6},"end":{"line":389,"column":75}},"114":{"start":{"line":389,"column":55},"end":{"line":389,"column":73}},"115":{"start":{"line":391,"column":6},"end":{"line":391,"column":18}},"116":{"start":{"line":399,"column":4},"end":{"line":409,"column":5}},"117":{"start":{"line":401,"column":19},"end":{"line":401,"column":59}},"118":{"start":{"line":404,"column":22},"end":{"line":404,"column":55}},"119":{"start":{"line":406,"column":6},"end":{"line":406,"column":21}},"120":{"start":{"line":408,"column":6},"end":{"line":408,"column":16}},"121":{"start":{"line":418,"column":27},"end":{"line":418,"column":29}},"122":{"start":{"line":420,"column":4},"end":{"line":489,"column":5}},"123":{"start":{"line":422,"column":25},"end":{"line":422,"column":75}},"124":{"start":{"line":423,"column":25},"end":{"line":423,"column":46}},"125":{"start":{"line":425,"column":6},"end":{"line":427,"column":7}},"126":{"start":{"line":426,"column":8},"end":{"line":426,"column":18}},"127":{"start":{"line":429,"column":27},"end":{"line":429,"column":40}},"128":{"start":{"line":432,"column":23},"end":{"line":432,"column":52}},"129":{"start":{"line":435,"column":6},"end":{"line":484,"column":7}},"130":{"start":{"line":436,"column":8},"end":{"line":436,"column":35}},"131":{"start":{"line":436,"column":26},"end":{"line":436,"column":35}},"132":{"start":{"line":437,"column":27},"end":{"line":437,"column":38}},"133":{"start":{"line":440,"column":24},"end":{"line":440,"column":54}},"134":{"start":{"line":441,"column":24},"end":{"line":441,"column":49}},"135":{"start":{"line":442,"column":19},"end":{"line":442,"column":65}},"136":{"start":{"line":444,"column":8},"end":{"line":444,"column":26}},"137":{"start":{"line":444,"column":17},"end":{"line":444,"column":26}},"138":{"start":{"line":447,"column":26},"end":{"line":447,"column":52}},"139":{"start":{"line":448,"column":26},"end":{"line":448,"column":53}},"140":{"start":{"line":449,"column":25},"end":{"line":449,"column":53}},"141":{"start":{"line":452,"column":26},"end":{"line":452,"column":45}},"142":{"start":{"line":453,"column":26},"end":{"line":453,"column":66}},"143":{"start":{"line":454,"column":25},"end":{"line":454,"column":87}},"144":{"start":{"line":457,"column":27},"end":{"line":457,"column":56}},"145":{"start":{"line":458,"column":22},"end":{"line":458,"column":24}},"146":{"start":{"line":461,"column":8},"end":{"line":465,"column":9}},"147":{"start":{"line":462,"column":10},"end":{"line":464,"column":11}},"148":{"start":{"line":463,"column":12},"end":{"line":463,"column":44}},"149":{"start":{"line":468,"column":22},"end":{"line":468,"column":86}},"150":{"start":{"line":471,"column":8},"end":{"line":483,"column":11}},"151":{"start":{"line":486,"column":6},"end":{"line":486,"column":21}},"152":{"start":{"line":488,"column":6},"end":{"line":488,"column":16}},"153":{"start":{"line":498,"column":4},"end":{"line":508,"column":5}},"154":{"start":{"line":500,"column":19},"end":{"line":500,"column":69}},"155":{"start":{"line":503,"column":21},"end":{"line":503,"column":57}},"156":{"start":{"line":505,"column":6},"end":{"line":505,"column":20}},"157":{"start":{"line":507,"column":6},"end":{"line":507,"column":18}},"158":{"start":{"line":518,"column":4},"end":{"line":550,"column":5}},"159":{"start":{"line":520,"column":25},"end":{"line":520,"column":54}},"160":{"start":{"line":521,"column":25},"end":{"line":521,"column":47}},"161":{"start":{"line":522,"column":23},"end":{"line":522,"column":52}},"162":{"start":{"line":525,"column":24},"end":{"line":525,"column":43}},"163":{"start":{"line":526,"column":24},"end":{"line":526,"column":64}},"164":{"start":{"line":527,"column":23},"end":{"line":527,"column":85}},"165":{"start":{"line":530,"column":25},"end":{"line":530,"column":48}},"166":{"start":{"line":531,"column":25},"end":{"line":531,"column":47}},"167":{"start":{"line":532,"column":20},"end":{"line":532,"column":49}},"168":{"start":{"line":535,"column":6},"end":{"line":547,"column":8}},"169":{"start":{"line":549,"column":6},"end":{"line":549,"column":18}},"170":{"start":{"line":559,"column":4},"end":{"line":582,"column":5}},"171":{"start":{"line":561,"column":28},"end":{"line":561,"column":45}},"172":{"start":{"line":564,"column":19},"end":{"line":564,"column":44}},"173":{"start":{"line":567,"column":27},"end":{"line":567,"column":81}},"174":{"start":{"line":569,"column":6},"end":{"line":569,"column":26}},"175":{"start":{"line":571,"column":6},"end":{"line":581,"column":8}},"176":{"start":{"line":15,"column":0},"end":{"line":15,"column":13}},"177":{"start":{"line":587,"column":13},"end":{"line":587,"column":43}}},"fnMap":{"0":{"name":"(anonymous_1)","decl":{"start":{"line":34,"column":2},"end":{"line":34,"column":7}},"loc":{"start":{"line":34,"column":60},"end":{"line":71,"column":3}}},"1":{"name":"(anonymous_2)","decl":{"start":{"line":80,"column":2},"end":{"line":80,"column":7}},"loc":{"start":{"line":80,"column":57},"end":{"line":105,"column":3}}},"2":{"name":"(anonymous_3)","decl":{"start":{"line":114,"column":2},"end":{"line":114,"column":7}},"loc":{"start":{"line":114,"column":59},"end":{"line":142,"column":3}}},"3":{"name":"(anonymous_4)","decl":{"start":{"line":151,"column":2},"end":{"line":151,"column":7}},"loc":{"start":{"line":151,"column":88},"end":{"line":287,"column":3}}},"4":{"name":"(anonymous_5)","decl":{"start":{"line":188,"column":58},"end":{"line":188,"column":61}},"loc":{"start":{"line":188,"column":64},"end":{"line":188,"column":100}}},"5":{"name":"(anonymous_6)","decl":{"start":{"line":246,"column":67},"end":{"line":246,"column":70}},"loc":{"start":{"line":246,"column":73},"end":{"line":246,"column":106}}},"6":{"name":"(anonymous_7)","decl":{"start":{"line":265,"column":49},"end":{"line":265,"column":52}},"loc":{"start":{"line":265,"column":55},"end":{"line":265,"column":91}}},"7":{"name":"(anonymous_8)","decl":{"start":{"line":294,"column":2},"end":{"line":294,"column":7}},"loc":{"start":{"line":294,"column":37},"end":{"line":354,"column":3}}},"8":{"name":"(anonymous_9)","decl":{"start":{"line":361,"column":2},"end":{"line":361,"column":7}},"loc":{"start":{"line":361,"column":33},"end":{"line":393,"column":3}}},"9":{"name":"(anonymous_10)","decl":{"start":{"line":389,"column":47},"end":{"line":389,"column":51}},"loc":{"start":{"line":389,"column":55},"end":{"line":389,"column":73}}},"10":{"name":"(anonymous_11)","decl":{"start":{"line":398,"column":2},"end":{"line":398,"column":7}},"loc":{"start":{"line":398,"column":18},"end":{"line":410,"column":3}}},"11":{"name":"(anonymous_12)","decl":{"start":{"line":417,"column":10},"end":{"line":417,"column":32}},"loc":{"start":{"line":417,"column":45},"end":{"line":490,"column":3}}},"12":{"name":"(anonymous_13)","decl":{"start":{"line":497,"column":2},"end":{"line":497,"column":7}},"loc":{"start":{"line":497,"column":28},"end":{"line":509,"column":3}}},"13":{"name":"(anonymous_14)","decl":{"start":{"line":517,"column":10},"end":{"line":517,"column":31}},"loc":{"start":{"line":517,"column":56},"end":{"line":551,"column":3}}},"14":{"name":"(anonymous_15)","decl":{"start":{"line":558,"column":2},"end":{"line":558,"column":7}},"loc":{"start":{"line":558,"column":36},"end":{"line":583,"column":3}}}},"branchMap":{"0":{"loc":{"start":{"line":34,"column":35},"end":{"line":34,"column":60}},"type":"default-arg","locations":[{"start":{"line":34,"column":58},"end":{"line":34,"column":60}}]},"1":{"loc":{"start":{"line":37,"column":29},"end":{"line":37,"column":69}},"type":"cond-expr","locations":[{"start":{"line":37,"column":52},"end":{"line":37,"column":56}},{"start":{"line":37,"column":59},"end":{"line":37,"column":69}}]},"2":{"loc":{"start":{"line":51,"column":6},"end":{"line":53,"column":7}},"type":"if","locations":[{"start":{"line":51,"column":6},"end":{"line":53,"column":7}}]},"3":{"loc":{"start":{"line":58,"column":6},"end":{"line":60,"column":7}},"type":"if","locations":[{"start":{"line":58,"column":6},"end":{"line":60,"column":7}}]},"4":{"loc":{"start":{"line":80,"column":32},"end":{"line":80,"column":57}},"type":"default-arg","locations":[{"start":{"line":80,"column":55},"end":{"line":80,"column":57}}]},"5":{"loc":{"start":{"line":83,"column":29},"end":{"line":83,"column":69}},"type":"cond-expr","locations":[{"start":{"line":83,"column":52},"end":{"line":83,"column":56}},{"start":{"line":83,"column":59},"end":{"line":83,"column":69}}]},"6":{"loc":{"start":{"line":97,"column":6},"end":{"line":99,"column":7}},"type":"if","locations":[{"start":{"line":97,"column":6},"end":{"line":99,"column":7}}]},"7":{"loc":{"start":{"line":114,"column":34},"end":{"line":114,"column":59}},"type":"default-arg","locations":[{"start":{"line":114,"column":57},"end":{"line":114,"column":59}}]},"8":{"loc":{"start":{"line":117,"column":29},"end":{"line":117,"column":69}},"type":"cond-expr","locations":[{"start":{"line":117,"column":52},"end":{"line":117,"column":56}},{"start":{"line":117,"column":59},"end":{"line":117,"column":69}}]},"9":{"loc":{"start":{"line":131,"column":6},"end":{"line":133,"column":7}},"type":"if","locations":[{"start":{"line":131,"column":6},"end":{"line":133,"column":7}}]},"10":{"loc":{"start":{"line":136,"column":26},"end":{"line":136,"column":87}},"type":"binary-expr","locations":[{"start":{"line":136,"column":26},"end":{"line":136,"column":57}},{"start":{"line":136,"column":61},"end":{"line":136,"column":87}}]},"11":{"loc":{"start":{"line":151,"column":33},"end":{"line":151,"column":88}},"type":"default-arg","locations":[{"start":{"line":151,"column":86},"end":{"line":151,"column":88}}]},"12":{"loc":{"start":{"line":160,"column":35},"end":{"line":160,"column":71}},"type":"cond-expr","locations":[{"start":{"line":160,"column":55},"end":{"line":160,"column":61}},{"start":{"line":160,"column":64},"end":{"line":160,"column":71}}]},"13":{"loc":{"start":{"line":161,"column":33},"end":{"line":161,"column":59}},"type":"binary-expr","locations":[{"start":{"line":161,"column":33},"end":{"line":161,"column":48}},{"start":{"line":161,"column":52},"end":{"line":161,"column":59}}]},"14":{"loc":{"start":{"line":169,"column":98},"end":{"line":169,"column":134}},"type":"cond-expr","locations":[{"start":{"line":169,"column":118},"end":{"line":169,"column":124}},{"start":{"line":169,"column":127},"end":{"line":169,"column":134}}]},"15":{"loc":{"start":{"line":169,"column":146},"end":{"line":169,"column":172}},"type":"binary-expr","locations":[{"start":{"line":169,"column":146},"end":{"line":169,"column":161}},{"start":{"line":169,"column":165},"end":{"line":169,"column":172}}]},"16":{"loc":{"start":{"line":184,"column":6},"end":{"line":267,"column":7}},"type":"if","locations":[{"start":{"line":184,"column":6},"end":{"line":267,"column":7}}]},"17":{"loc":{"start":{"line":186,"column":8},"end":{"line":263,"column":9}},"type":"if","locations":[{"start":{"line":186,"column":8},"end":{"line":263,"column":9}}]},"18":{"loc":{"start":{"line":200,"column":10},"end":{"line":254,"column":11}},"type":"if","locations":[{"start":{"line":200,"column":10},"end":{"line":254,"column":11}},{"start":{"line":252,"column":17},"end":{"line":254,"column":11}}]},"19":{"loc":{"start":{"line":200,"column":14},"end":{"line":200,"column":67}},"type":"binary-expr","locations":[{"start":{"line":200,"column":14},"end":{"line":200,"column":29}},{"start":{"line":200,"column":33},"end":{"line":200,"column":67}}]},"20":{"loc":{"start":{"line":206,"column":51},"end":{"line":206,"column":87}},"type":"cond-expr","locations":[{"start":{"line":206,"column":71},"end":{"line":206,"column":77}},{"start":{"line":206,"column":80},"end":{"line":206,"column":87}}]},"21":{"loc":{"start":{"line":207,"column":49},"end":{"line":207,"column":75}},"type":"binary-expr","locations":[{"start":{"line":207,"column":49},"end":{"line":207,"column":64}},{"start":{"line":207,"column":68},"end":{"line":207,"column":75}}]},"22":{"loc":{"start":{"line":215,"column":107},"end":{"line":215,"column":143}},"type":"cond-expr","locations":[{"start":{"line":215,"column":127},"end":{"line":215,"column":133}},{"start":{"line":215,"column":136},"end":{"line":215,"column":143}}]},"23":{"loc":{"start":{"line":215,"column":155},"end":{"line":215,"column":181}},"type":"binary-expr","locations":[{"start":{"line":215,"column":155},"end":{"line":215,"column":170}},{"start":{"line":215,"column":174},"end":{"line":215,"column":181}}]},"24":{"loc":{"start":{"line":230,"column":14},"end":{"line":248,"column":15}},"type":"if","locations":[{"start":{"line":230,"column":14},"end":{"line":248,"column":15}},{"start":{"line":244,"column":21},"end":{"line":248,"column":15}}]},"25":{"loc":{"start":{"line":233,"column":16},"end":{"line":243,"column":17}},"type":"if","locations":[{"start":{"line":233,"column":16},"end":{"line":243,"column":17}},{"start":{"line":235,"column":23},"end":{"line":243,"column":17}}]},"26":{"loc":{"start":{"line":241,"column":94},"end":{"line":241,"column":136}},"type":"cond-expr","locations":[{"start":{"line":241,"column":115},"end":{"line":241,"column":124}},{"start":{"line":241,"column":127},"end":{"line":241,"column":136}}]},"27":{"loc":{"start":{"line":250,"column":74},"end":{"line":250,"column":158}},"type":"cond-expr","locations":[{"start":{"line":250,"column":109},"end":{"line":250,"column":132}},{"start":{"line":250,"column":135},"end":{"line":250,"column":158}}]},"28":{"loc":{"start":{"line":271,"column":6},"end":{"line":274,"column":7}},"type":"if","locations":[{"start":{"line":271,"column":6},"end":{"line":274,"column":7}}]},"29":{"loc":{"start":{"line":310,"column":25},"end":{"line":310,"column":58}},"type":"binary-expr","locations":[{"start":{"line":310,"column":25},"end":{"line":310,"column":52}},{"start":{"line":310,"column":56},"end":{"line":310,"column":58}}]},"30":{"loc":{"start":{"line":313,"column":8},"end":{"line":320,"column":9}},"type":"if","locations":[{"start":{"line":313,"column":8},"end":{"line":320,"column":9}}]},"31":{"loc":{"start":{"line":313,"column":12},"end":{"line":313,"column":31}},"type":"binary-expr","locations":[{"start":{"line":313,"column":12},"end":{"line":313,"column":21}},{"start":{"line":313,"column":25},"end":{"line":313,"column":31}}]},"32":{"loc":{"start":{"line":317,"column":10},"end":{"line":319,"column":11}},"type":"if","locations":[{"start":{"line":317,"column":10},"end":{"line":319,"column":11}}]},"33":{"loc":{"start":{"line":317,"column":14},"end":{"line":317,"column":31}},"type":"binary-expr","locations":[{"start":{"line":317,"column":14},"end":{"line":317,"column":19}},{"start":{"line":317,"column":23},"end":{"line":317,"column":31}}]},"34":{"loc":{"start":{"line":322,"column":8},"end":{"line":324,"column":9}},"type":"if","locations":[{"start":{"line":322,"column":8},"end":{"line":324,"column":9}}]},"35":{"loc":{"start":{"line":335,"column":8},"end":{"line":337,"column":9}},"type":"if","locations":[{"start":{"line":335,"column":8},"end":{"line":337,"column":9}}]},"36":{"loc":{"start":{"line":335,"column":12},"end":{"line":335,"column":41}},"type":"binary-expr","locations":[{"start":{"line":335,"column":12},"end":{"line":335,"column":23}},{"start":{"line":335,"column":27},"end":{"line":335,"column":41}}]},"37":{"loc":{"start":{"line":341,"column":8},"end":{"line":343,"column":9}},"type":"if","locations":[{"start":{"line":341,"column":8},"end":{"line":343,"column":9}}]},"38":{"loc":{"start":{"line":341,"column":12},"end":{"line":341,"column":43}},"type":"binary-expr","locations":[{"start":{"line":341,"column":12},"end":{"line":341,"column":24}},{"start":{"line":341,"column":28},"end":{"line":341,"column":43}}]},"39":{"loc":{"start":{"line":374,"column":6},"end":{"line":380,"column":7}},"type":"if","locations":[{"start":{"line":374,"column":6},"end":{"line":380,"column":7}}]},"40":{"loc":{"start":{"line":376,"column":8},"end":{"line":378,"column":9}},"type":"if","locations":[{"start":{"line":376,"column":8},"end":{"line":378,"column":9}}]},"41":{"loc":{"start":{"line":385,"column":6},"end":{"line":387,"column":7}},"type":"if","locations":[{"start":{"line":385,"column":6},"end":{"line":387,"column":7}}]},"42":{"loc":{"start":{"line":425,"column":6},"end":{"line":427,"column":7}},"type":"if","locations":[{"start":{"line":425,"column":6},"end":{"line":427,"column":7}}]},"43":{"loc":{"start":{"line":425,"column":10},"end":{"line":425,"column":39}},"type":"binary-expr","locations":[{"start":{"line":425,"column":10},"end":{"line":425,"column":21}},{"start":{"line":425,"column":25},"end":{"line":425,"column":39}}]},"44":{"loc":{"start":{"line":436,"column":8},"end":{"line":436,"column":35}},"type":"if","locations":[{"start":{"line":436,"column":8},"end":{"line":436,"column":35}}]},"45":{"loc":{"start":{"line":442,"column":19},"end":{"line":442,"column":65}},"type":"cond-expr","locations":[{"start":{"line":442,"column":34},"end":{"line":442,"column":58}},{"start":{"line":442,"column":61},"end":{"line":442,"column":65}}]},"46":{"loc":{"start":{"line":444,"column":8},"end":{"line":444,"column":26}},"type":"if","locations":[{"start":{"line":444,"column":8},"end":{"line":444,"column":26}}]},"47":{"loc":{"start":{"line":449,"column":25},"end":{"line":449,"column":53}},"type":"binary-expr","locations":[{"start":{"line":449,"column":25},"end":{"line":449,"column":47}},{"start":{"line":449,"column":51},"end":{"line":449,"column":53}}]},"48":{"loc":{"start":{"line":453,"column":26},"end":{"line":453,"column":66}},"type":"cond-expr","locations":[{"start":{"line":453,"column":49},"end":{"line":453,"column":61}},{"start":{"line":453,"column":64},"end":{"line":453,"column":66}}]},"49":{"loc":{"start":{"line":454,"column":25},"end":{"line":454,"column":87}},"type":"cond-expr","locations":[{"start":{"line":454,"column":48},"end":{"line":454,"column":76}},{"start":{"line":454,"column":79},"end":{"line":454,"column":87}}]},"50":{"loc":{"start":{"line":462,"column":10},"end":{"line":464,"column":11}},"type":"if","locations":[{"start":{"line":462,"column":10},"end":{"line":464,"column":11}}]},"51":{"loc":{"start":{"line":468,"column":22},"end":{"line":468,"column":86}},"type":"cond-expr","locations":[{"start":{"line":468,"column":41},"end":{"line":468,"column":49}},{"start":{"line":468,"column":53},"end":{"line":468,"column":85}}]},"52":{"loc":{"start":{"line":468,"column":53},"end":{"line":468,"column":85}},"type":"cond-expr","locations":[{"start":{"line":468,"column":72},"end":{"line":468,"column":80}},{"start":{"line":468,"column":83},"end":{"line":468,"column":85}}]},"53":{"loc":{"start":{"line":522,"column":23},"end":{"line":522,"column":52}},"type":"binary-expr","locations":[{"start":{"line":522,"column":23},"end":{"line":522,"column":46}},{"start":{"line":522,"column":50},"end":{"line":522,"column":52}}]},"54":{"loc":{"start":{"line":526,"column":24},"end":{"line":526,"column":64}},"type":"cond-expr","locations":[{"start":{"line":526,"column":47},"end":{"line":526,"column":59}},{"start":{"line":526,"column":62},"end":{"line":526,"column":64}}]},"55":{"loc":{"start":{"line":527,"column":23},"end":{"line":527,"column":85}},"type":"cond-expr","locations":[{"start":{"line":527,"column":46},"end":{"line":527,"column":74}},{"start":{"line":527,"column":77},"end":{"line":527,"column":85}}]},"56":{"loc":{"start":{"line":532,"column":20},"end":{"line":532,"column":49}},"type":"binary-expr","locations":[{"start":{"line":532,"column":20},"end":{"line":532,"column":43}},{"start":{"line":532,"column":47},"end":{"line":532,"column":49}}]},"57":{"loc":{"start":{"line":558,"column":20},"end":{"line":558,"column":36}},"type":"default-arg","locations":[{"start":{"line":558,"column":35},"end":{"line":558,"column":36}}]},"58":{"loc":{"start":{"line":580,"column":16},"end":{"line":580,"column":58}},"type":"binary-expr","locations":[{"start":{"line":580,"column":16},"end":{"line":580,"column":39}},{"start":{"line":580,"column":43},"end":{"line":580,"column":58}}]}},"s":{"0":2,"1":2,"2":2,"3":2,"4":0,"5":0,"6":0,"7":0,"8":0,"9":0,"10":0,"11":0,"12":0,"13":0,"14":0,"15":0,"16":0,"17":5,"18":5,"19":5,"20":5,"21":5,"22":0,"23":5,"24":0,"25":1,"26":1,"27":1,"28":1,"29":1,"30":0,"31":1,"32":1,"33":1,"34":0,"35":3,"36":3,"37":3,"38":3,"39":3,"40":3,"41":3,"42":3,"43":0,"44":0,"45":0,"46":0,"47":0,"48":0,"49":0,"50":0,"51":0,"52":0,"53":0,"54":0,"55":0,"56":0,"57":0,"58":0,"59":0,"60":0,"61":0,"62":0,"63":0,"64":0,"65":0,"66":0,"67":0,"68":0,"69":0,"70":0,"71":0,"72":0,"73":0,"74":3,"75":3,"76":0,"77":3,"78":3,"79":0,"80":0,"81":1,"82":1,"83":1,"84":1,"85":1,"86":1,"87":0,"88":0,"89":0,"90":0,"91":1,"92":0,"93":1,"94":1,"95":1,"96":1,"97":1,"98":0,"99":0,"100":0,"101":0,"102":0,"103":1,"104":1,"105":1,"106":1,"107":0,"108":0,"109":0,"110":1,"111":1,"112":0,"113":1,"114":38261,"115":0,"116":1,"117":1,"118":1,"119":1,"120":0,"121":1,"122":1,"123":1,"124":1,"125":1,"126":0,"127":1,"128":1,"129":1,"130":151,"131":0,"132":151,"133":151,"134":151,"135":151,"136":151,"137":0,"138":151,"139":151,"140":151,"141":151,"142":151,"143":151,"144":151,"145":151,"146":151,"147":604,"148":604,"149":151,"150":151,"151":1,"152":0,"153":1,"154":1,"155":1,"156":1,"157":0,"158":1,"159":1,"160":1,"161":1,"162":1,"163":1,"164":1,"165":1,"166":1,"167":1,"168":1,"169":0,"170":0,"171":0,"172":0,"173":0,"174":0,"175":0,"176":2,"177":2},"f":{"0":0,"1":5,"2":1,"3":3,"4":0,"5":0,"6":0,"7":1,"8":1,"9":38261,"10":1,"11":1,"12":1,"13":1,"14":0},"b":{"0":[0],"1":[0,0],"2":[0],"3":[0],"4":[5],"5":[5,0],"6":[0],"7":[1],"8":[1,0],"9":[0],"10":[1,0],"11":[3],"12":[0,3],"13":[3,3],"14":[0,3],"15":[3,3],"16":[0],"17":[0],"18":[0,0],"19":[0,0],"20":[0,0],"21":[0,0],"22":[0,0],"23":[0,0],"24":[0,0],"25":[0,0],"26":[0,0],"27":[0,0],"28":[0],"29":[1,1],"30":[0],"31":[1,1],"32":[0],"33":[0,0],"34":[0],"35":[1],"36":[1,1],"37":[0],"38":[0,0],"39":[0],"40":[0],"41":[0],"42":[0],"43":[1,1],"44":[0],"45":[151,0],"46":[0],"47":[151,0],"48":[150,1],"49":[150,1],"50":[604],"51":[151,0],"52":[0,0],"53":[1,0],"54":[0,1],"55":[0,1],"56":[1,1],"57":[0],"58":[0,0]}}
,"/Users/happyhawking/Documents/Projects/Current/Claude/servers/opentk-mcp/src/utils/document-extractor.ts": {"path":"/Users/happyhawking/Documents/Projects/Current/Claude/servers/opentk-mcp/src/utils/document-extractor.ts","statementMap":{"0":{"start":{"line":7,"column":17},"end":{"line":7,"column":37}},"1":{"start":{"line":16,"column":2},"end":{"line":36,"column":3}},"2":{"start":{"line":18,"column":19},"end":{"line":18,"column":36}},"3":{"start":{"line":21,"column":19},"end":{"line":21,"column":41}},"4":{"start":{"line":24,"column":24},"end":{"line":24,"column":41}},"5":{"start":{"line":27,"column":4},"end":{"line":27,"column":62}},"6":{"start":{"line":29,"column":4},"end":{"line":31,"column":5}},"7":{"start":{"line":30,"column":6},"end":{"line":30,"column":235}},"8":{"start":{"line":33,"column":4},"end":{"line":33,"column":25}},"9":{"start":{"line":35,"column":4},"end":{"line":35,"column":191}},"10":{"start":{"line":45,"column":2},"end":{"line":65,"column":3}},"11":{"start":{"line":47,"column":19},"end":{"line":47,"column":36}},"12":{"start":{"line":50,"column":19},"end":{"line":50,"column":59}},"13":{"start":{"line":53,"column":24},"end":{"line":53,"column":42}},"14":{"start":{"line":56,"column":4},"end":{"line":56,"column":62}},"15":{"start":{"line":58,"column":4},"end":{"line":60,"column":5}},"16":{"start":{"line":59,"column":6},"end":{"line":59,"column":223}},"17":{"start":{"line":62,"column":4},"end":{"line":62,"column":25}},"18":{"start":{"line":64,"column":4},"end":{"line":64,"column":179}},"19":{"start":{"line":83,"column":22},"end":{"line":83,"column":33}},"20":{"start":{"line":86,"column":2},"end":{"line":95,"column":3}},"21":{"start":{"line":87,"column":4},"end":{"line":94,"column":6}},"22":{"start":{"line":98,"column":22},"end":{"line":98,"column":63}},"23":{"start":{"line":99,"column":24},"end":{"line":99,"column":59}},"24":{"start":{"line":100,"column":22},"end":{"line":100,"column":47}},"25":{"start":{"line":103,"column":21},"end":{"line":103,"column":53}},"26":{"start":{"line":104,"column":26},"end":{"line":104,"column":51}},"27":{"start":{"line":106,"column":2},"end":{"line":113,"column":4}},"28":{"start":{"line":134,"column":2},"end":{"line":136,"column":3}},"29":{"start":{"line":135,"column":4},"end":{"line":135,"column":14}},"30":{"start":{"line":138,"column":42},"end":{"line":138,"column":44}},"31":{"start":{"line":141,"column":16},"end":{"line":141,"column":35}},"32":{"start":{"line":144,"column":31},"end":{"line":144,"column":56}},"33":{"start":{"line":147,"column":26},"end":{"line":147,"column":27}},"34":{"start":{"line":148,"column":32},"end":{"line":148,"column":34}},"35":{"start":{"line":150,"column":2},"end":{"line":156,"column":3}},"36":{"start":{"line":150,"column":15},"end":{"line":150,"column":16}},"37":{"start":{"line":151,"column":4},"end":{"line":151,"column":40}},"38":{"start":{"line":152,"column":17},"end":{"line":152,"column":25}},"39":{"start":{"line":153,"column":4},"end":{"line":155,"column":5}},"40":{"start":{"line":154,"column":6},"end":{"line":154,"column":43}},"41":{"start":{"line":159,"column":2},"end":{"line":195,"column":3}},"42":{"start":{"line":159,"column":23},"end":{"line":159,"column":24}},"43":{"start":{"line":160,"column":17},"end":{"line":160,"column":33}},"44":{"start":{"line":161,"column":4},"end":{"line":161,"column":24}},"45":{"start":{"line":161,"column":15},"end":{"line":161,"column":24}},"46":{"start":{"line":163,"column":27},"end":{"line":163,"column":46}},"47":{"start":{"line":166,"column":4},"end":{"line":194,"column":5}},"48":{"start":{"line":168,"column":25},"end":{"line":168,"column":57}},"49":{"start":{"line":170,"column":6},"end":{"line":193,"column":7}},"50":{"start":{"line":171,"column":27},"end":{"line":171,"column":49}},"51":{"start":{"line":172,"column":8},"end":{"line":192,"column":9}},"52":{"start":{"line":173,"column":34},"end":{"line":173,"column":57}},"53":{"start":{"line":176,"column":31},"end":{"line":176,"column":59}},"54":{"start":{"line":177,"column":29},"end":{"line":177,"column":87}},"55":{"start":{"line":178,"column":26},"end":{"line":178,"column":66}},"56":{"start":{"line":181,"column":31},"end":{"line":181,"column":57}},"57":{"star
[...]
nd":{"line":376,"column":38}}]},"57":{"loc":{"start":{"line":379,"column":6},"end":{"line":379,"column":68}},"type":"if","locations":[{"start":{"line":379,"column":6},"end":{"line":379,"column":68}}]},"58":{"loc":{"start":{"line":379,"column":10},"end":{"line":379,"column":57}},"type":"binary-expr","locations":[{"start":{"line":379,"column":10},"end":{"line":379,"column":21}},{"start":{"line":379,"column":25},"end":{"line":379,"column":39}},{"start":{"line":379,"column":43},"end":{"line":379,"column":57}}]},"59":{"loc":{"start":{"line":402,"column":2},"end":{"line":404,"column":3}},"type":"if","locations":[{"start":{"line":402,"column":2},"end":{"line":404,"column":3}}]},"60":{"loc":{"start":{"line":412,"column":2},"end":{"line":414,"column":3}},"type":"if","locations":[{"start":{"line":412,"column":2},"end":{"line":414,"column":3}}]},"61":{"loc":{"start":{"line":412,"column":6},"end":{"line":412,"column":35}},"type":"binary-expr","locations":[{"start":{"line":412,"column":6},"end":{"line":412,"column":17}},{"start":{"line":412,"column":21},"end":{"line":412,"column":35}}]},"62":{"loc":{"start":{"line":423,"column":4},"end":{"line":423,"column":31}},"type":"if","locations":[{"start":{"line":423,"column":4},"end":{"line":423,"column":31}}]},"63":{"loc":{"start":{"line":433,"column":6},"end":{"line":435,"column":7}},"type":"if","locations":[{"start":{"line":433,"column":6},"end":{"line":435,"column":7}}]},"64":{"loc":{"start":{"line":438,"column":4},"end":{"line":438,"column":35}},"type":"if","locations":[{"start":{"line":438,"column":4},"end":{"line":438,"column":35}}]},"65":{"loc":{"start":{"line":441,"column":4},"end":{"line":441,"column":28}},"type":"if","locations":[{"start":{"line":441,"column":4},"end":{"line":441,"column":28}}]},"66":{"loc":{"start":{"line":445,"column":4},"end":{"line":445,"column":46}},"type":"if","locations":[{"start":{"line":445,"column":4},"end":{"line":445,"column":46}}]},"67":{"loc":{"start":{"line":445,"column":8},"end":{"line":445,"column":35}},"type":"binary-expr","locations":[{"start":{"line":445,"column":8},"end":{"line":445,"column":18}},{"start":{"line":445,"column":22},"end":{"line":445,"column":35}}]},"68":{"loc":{"start":{"line":448,"column":17},"end":{"line":448,"column":42}},"type":"binary-expr","locations":[{"start":{"line":448,"column":17},"end":{"line":448,"column":29}},{"start":{"line":448,"column":33},"end":{"line":448,"column":42}}]},"69":{"loc":{"start":{"line":452,"column":4},"end":{"line":454,"column":5}},"type":"if","locations":[{"start":{"line":452,"column":4},"end":{"line":454,"column":5}}]},"70":{"loc":{"start":{"line":452,"column":8},"end":{"line":452,"column":36}},"type":"binary-expr","locations":[{"start":{"line":452,"column":8},"end":{"line":452,"column":24}},{"start":{"line":452,"column":28},"end":{"line":452,"column":36}}]},"71":{"loc":{"start":{"line":453,"column":17},"end":{"line":453,"column":69}},"type":"binary-expr","locations":[{"start":{"line":453,"column":17},"end":{"line":453,"column":56}},{"start":{"line":453,"column":60},"end":{"line":453,"column":69}}]},"72":{"loc":{"start":{"line":458,"column":4},"end":{"line":465,"column":5}},"type":"if","locations":[{"start":{"line":458,"column":4},"end":{"line":465,"column":5}}]},"73":{"loc":{"start":{"line":458,"column":8},"end":{"line":458,"column":36}},"type":"binary-expr","locations":[{"start":{"line":458,"column":8},"end":{"line":458,"column":24}},{"start":{"line":458,"column":28},"end":{"line":458,"column":36}}]},"74":{"loc":{"start":{"line":459,"column":18},"end":{"line":459,"column":70}},"type":"binary-expr","locations":[{"start":{"line":459,"column":18},"end":{"line":459,"column":57}},{"start":{"line":459,"column":61},"end":{"line":459,"column":70}}]},"75":{"loc":{"start":{"line":462,"column":6},"end":{"line":464,"column":7}},"type":"if","locations":[{"start":{"line":462,"column":6},"end":{"line":464,"column":7}}]},"76":{"loc":{"start":{"line":462,"column":10},"end":{"line":462,"column":35}},"type":"binary-expr","locations":[{"start":{"line":462,"column":10},"end":{"line":462,"column":19}},{"start":{"line":462,"column":23},"end":{"line":462,"column":35}}]},"77":{"loc":{"start":{"line":468,"column":4},"end":{"line":468,"column":49}},"type":"if","locations":[{"start":{"line":468,"column":4},"end":{"line":468,"column":49}}]},"78":{"loc":{"start":{"line":468,"column":8},"end":{"line":468,"column":38}},"type":"binary-expr","locations":[{"start":{"line":468,"column":8},"end":{"line":468,"column":25}},{"start":{"line":468,"column":29},"end":{"line":468,"column":38}}]},"79":{"loc":{"start":{"line":472,"column":4},"end":{"line":472,"column":84}},"type":"if","locations":[{"start":{"line":472,"column":4},"end":{"line":472,"column":84}}]},"80":{"loc":{"start":{"line":472,"column":8},"end":{"line":472,"column":73}},"type":"binary-expr","locations":[{"start":{"line":472,"column":8},"end":{"line":472,"column":19}},{"start":{"line":472,"column":23},"end":{"line":472,"column":37}},{"start":{"line":472,"column":41},"end":{"line":472,"column":55}},{"start":{"line":472,"column":59},"end":{"line":472,"column":73}}]},"81":{"loc":{"start":{"line":480,"column":4},"end":{"line":482,"column":5}},"type":"if","locations":[{"start":{"line":480,"column":4},"end":{"line":482,"column":5}}]},"82":{"loc":{"start":{"line":480,"column":8},"end":{"line":480,"column":36}},"type":"binary-expr","locations":[{"start":{"line":480,"column":8},"end":{"line":480,"column":24}},{"start":{"line":480,"column":28},"end":{"line":480,"column":36}}]},"83":{"loc":{"start":{"line":481,"column":13},"end":{"line":481,"column":65}},"type":"binary-expr","locations":[{"start":{"line":481,"column":13},"end":{"line":481,"column":52}},{"start":{"line":481,"column":56},"end":{"line":481,"column":65}}]},"84":{"loc":{"start":{"line":506,"column":2},"end":{"line":508,"column":3}},"type":"if","locations":[{"start":{"line":506,"column":2},"end":{"line":508,"column":3}}]},"85":{"loc":{"start":{"line":517,"column":4},"end":{"line":517,"column":33}},"type":"if","locations":[{"start":{"line":517,"column":4},"end":{"line":517,"column":33}}]},"86":{"loc":{"start":{"line":527,"column":6},"end":{"line":529,"column":7}},"type":"if","locations":[{"start":{"line":527,"column":6},"end":{"line":529,"column":7}}]},"87":{"loc":{"start":{"line":533,"column":4},"end":{"line":533,"column":34}},"type":"if","locations":[{"start":{"line":533,"column":4},"end":{"line":533,"column":34}}]},"88":{"loc":{"start":{"line":544,"column":6},"end":{"line":546,"column":7}},"type":"if","locations":[{"start":{"line":544,"column":6},"end":{"line":546,"column":7}}]},"89":{"loc":{"start":{"line":550,"column":4},"end":{"line":550,"column":35}},"type":"if","locations":[{"start":{"line":550,"column":4},"end":{"line":550,"column":35}}]},"90":{"loc":{"start":{"line":553,"column":21},"end":{"line":553,"column":35}},"type":"binary-expr","locations":[{"start":{"line":553,"column":21},"end":{"line":553,"column":29}},{"start":{"line":553,"column":33},"end":{"line":553,"column":35}}]},"91":{"loc":{"start":{"line":557,"column":22},"end":{"line":557,"column":36}},"type":"binary-expr","locations":[{"start":{"line":557,"column":22},"end":{"line":557,"column":30}},{"start":{"line":557,"column":34},"end":{"line":557,"column":36}}]},"92":{"loc":{"start":{"line":560,"column":4},"end":{"line":560,"column":84}},"type":"if","locations":[{"start":{"line":560,"column":4},"end":{"line":560,"column":84}}]},"93":{"loc":{"start":{"line":560,"column":8},"end":{"line":560,"column":73}},"type":"binary-expr","locations":[{"start":{"line":560,"column":8},"end":{"line":560,"column":19}},{"start":{"line":560,"column":23},"end":{"line":560,"column":37}},{"start":{"line":560,"column":41},"end":{"line":560,"column":55}},{"start":{"line":560,"column":59},"end":{"line":560,"column":73}}]},"94":{"loc":{"start":{"line":567,"column":22},"end":{"line":567,"column":79}},"type":"cond-expr","locations":[{"start":{"line":567,"column":33},"end":{"line":567,"column":72}},{"start":{"line":567,"column":75},"end":{"line":567,"column":79}}]},"95":{"loc":{"start":{"line":570,"column":23},"end":{"line":570,"column":37}},"type":"binary-expr","locations":[{"start":{"line":570,"column":23},"end":{"line":570,"column":31}},{"start":{"line":570,"column":35},"end":{"line":570,"column":37}}]},"96":{"loc":{"start":{"line":574,"column":21},"end":{"line":574,"column":89}},"type":"cond-expr","locations":[{"start":{"line":574,"column":32},"end":{"line":574,"column":85}},{"start":{"line":574,"column":88},"end":{"line":574,"column":89}}]},"97":{"loc":{"start":{"line":575,"column":25},"end":{"line":575,"column":93}},"type":"cond-expr","locations":[{"start":{"line":575,"column":36},"end":{"line":575,"column":89}},{"start":{"line":575,"column":92},"end":{"line":575,"column":93}}]},"98":{"loc":{"start":{"line":586,"column":6},"end":{"line":588,"column":7}},"type":"if","locations":[{"start":{"line":586,"column":6},"end":{"line":588,"column":7}}]},"99":{"loc":{"start":{"line":596,"column":27},"end":{"line":596,"column":89}},"type":"binary-expr","locations":[{"start":{"line":596,"column":27},"end":{"line":596,"column":83}},{"start":{"line":596,"column":87},"end":{"line":596,"column":89}}]},"100":{"loc":{"start":{"line":597,"column":4},"end":{"line":605,"column":5}},"type":"if","locations":[{"start":{"line":597,"column":4},"end":{"line":605,"column":5}}]},"101":{"loc":{"start":{"line":600,"column":6},"end":{"line":604,"column":7}},"type":"if","locations":[{"start":{"line":600,"column":6},"end":{"line":604,"column":7}}]},"102":{"loc":{"start":{"line":600,"column":10},"end":{"line":600,"column":47}},"type":"binary-expr","locations":[{"start":{"line":600,"column":10},"end":{"line":600,"column":25}},{"start":{"line":600,"column":29},"end":{"line":600,"column":47}}]},"103":{"loc":{"start":{"line":608,"column":31},"end":{"line":608,"column":94}},"type":"binary-expr","locations":[{"start":{"line":608,"column":31},"end":{"line":608,"column":88}},{"start":{"line":608,"column":92},"end":{"line":608,"column":94}}]},"104":{"loc":{"start":{"line":609,"column":4},"end":{"line":617,"column":5}},"type":"if","locations":[{"start":{"line":609,"column":4},"end":{"line":617,"column":5}}]},"105":{"loc":{"start":{"line":612,"column":6},"end":{"line":616,"column":7}},"type":"if","locations":[{"start":{"line":612,"column":6},"end":{"line":616,"column":7}}]},"106":{"loc":{"start":{"line":612,"column":10},"end":{"line":612,"column":55}},"type":"binary-expr","locations":[{"start":{"line":612,"column":10},"end":{"line":612,"column":29}},{"start":{"line":612,"column":33},"end":{"line":612,"column":55}}]},"107":{"loc":{"start":{"line":625,"column":17},"end":{"line":625,"column":39}},"type":"binary-expr","locations":[{"start":{"line":625,"column":17},"end":{"line":625,"column":26}},{"start":{"line":625,"column":30},"end":{"line":625,"column":39}}]},"108":{"loc":{"start":{"line":646,"column":71},"end":{"line":646,"column":87}},"type":"default-arg","locations":[{"start":{"line":646,"column":86},"end":{"line":646,"column":87}}]},"109":{"loc":{"start":{"line":647,"column":2},"end":{"line":658,"column":3}},"type":"if","locations":[{"start":{"line":647,"column":2},"end":{"line":658,"column":3}}]},"110":{"loc":{"start":{"line":668,"column":2},"end":{"line":747,"column":3}},"type":"if","locations":[{"start":{"line":668,"column":2},"end":{"line":747,"column":3}}]},"111":{"loc":{"start":{"line":668,"column":6},"end":{"line":668,"column":33}},"type":"binary-expr","locations":[{"start":{"line":668,"column":6},"end":{"line":668,"column":16}},{"start":{"line":668,"column":20},"end":{"line":668,"column":33}}]},"112":{"loc":{"start":{"line":676,"column":6},"end":{"line":676,"column":33}},"type":"if","locations":[{"start":{"line":676,"column":6},"end":{"line":676,"column":33}}]},"113":{"loc":{"start":{"line":686,"column":8},"end":{"line":688,"column":9}},"type":"if","locations":[{"start":{"line":686,"column":8},"end":{"line":688,"column":9}}]},"114":{"loc":{"start":{"line":692,"column":6},"end":{"line":692,"column":37}},"type":"if","locations":[{"start":{"line":692,"column":6},"end":{"line":692,"column":37}}]},"115":{"loc":{"start":{"line":695,"column":19},"end":{"line":695,"column":74}},"type":"cond-expr","locations":[{"start":{"line":695,"column":30},"end":{"line":695,"column":69}},{"start":{"line":695,"column":72},"end":{"line":695,"column":74}}]},"116":{"loc":{"start":{"line":696,"column":6},"end":{"line":696,"column":26}},"type":"if","locations":[{"start":{"line":696,"column":6},"end":{"line":696,"column":26}}]},"117":{"loc":{"start":{"line":699,"column":22},"end":{"line":699,"column":77}},"type":"cond-expr","locations":[{"start":{"line":699,"column":33},"end":{"line":699,"column":72}},{"start":{"line":699,"column":75},"end":{"line":699,"column":77}}]},"118":{"loc":{"start":{"line":702,"column":24},"end":{"line":702,"column":86}},"type":"cond-expr","locations":[{"start":{"line":702,"column":35},"end":{"line":702,"column":74}},{"start":{"line":702,"column":77},"end":{"line":702,"column":86}}]},"119":{"loc":{"start":{"line":705,"column":22},"end":{"line":705,"column":84}},"type":"cond-expr","locations":[{"start":{"line":705,"column":33},"end":{"line":705,"column":72}},{"start":{"line":705,"column":75},"end":{"line":705,"column":84}}]},"120":{"loc":{"start":{"line":708,"column":24},"end":{"line":708,"column":38}},"type":"binary-expr","locations":[{"start":{"line":708,"column":24},"end":{"line":708,"column":32}},{"start":{"line":708,"column":36},"end":{"line":708,"column":38}}]},"121":{"loc":{"start":{"line":716,"column":6},"end":{"line":726,"column":7}},"type":"if","locations":[{"start":{"line":716,"column":6},"end":{"line":726,"column":7}},{"start":{"line":720,"column":13},"end":{"line":726,"column":7}}]},"122":{"loc":{"start":{"line":716,"column":10},"end":{"line":716,"column":60}},"type":"binary-expr","locations":[{"start":{"line":716,"column":10},"end":{"line":716,"column":22}},{"start":{"line":716,"column":26},"end":{"line":716,"column":41}},{"start":{"line":716,"column":45},"end":{"line":716,"column":60}}]},"123":{"loc":{"start":{"line":730,"column":19},"end":{"line":730,"column":78}},"type":"cond-expr","locations":[{"start":{"line":730,"column":47},"end":{"line":730,"column":66}},{"start":{"line":730,"column":69},"end":{"line":730,"column":78}}]},"124":{"loc":{"start":{"line":730,"column":19},"end":{"line":730,"column":44}},"type":"binary-expr","locations":[{"start":{"line":730,"column":19},"end":{"line":730,"column":28}},{"start":{"line":730,"column":32},"end":{"line":730,"column":44}}]},"125":{"loc":{"start":{"line":745,"column":6},"end":{"line":745,"column":46}},"type":"if","locations":[{"start":{"line":745,"column":6},"end":{"line":745,"column":46}}]},"126":{"loc":{"start":{"line":753,"column":2},"end":{"line":783,"column":3}},"type":"if","locations":[{"start":{"line":753,"column":2},"end":{"line":783,"column":3}}]},"127":{"loc":{"start":{"line":753,"column":6},"end":{"line":753,"column":39}},"type":"binary-expr","locations":[{"start":{"line":753,"column":6},"end":{"line":753,"column":19}},{"start":{"line":753,"column":23},"end":{"line":753,"column":39}}]},"128":{"loc":{"start":{"line":759,"column":6},"end":{"line":781,"column":7}},"type":"if","locations":[{"start":{"line":759,"column":6},"end":{"line":781,"column":7}}]},"129":{"loc":{"start":{"line":759,"column":10},"end":{"line":759,"column":54}},"type":"binary-expr","locations":[{"start":{"line":759,"column":10},"end":{"line":759,"column":30}},{"start":{"line":759,"column":34},"end":{"line":759,"column":54}}]},"130":{"loc":{"start":{"line":768,"column":8},"end":{"line":771,"column":9}},"type":"if","locations":[{"start":{"line":768,"column":8},"end":{"line":771,"column":9}}]},"131":{"loc":{"start":{"line":768,"column":12},"end":{"line":768,"column":68}},"type":"binary-expr","locations":[{"start":{"line":768,"column":12},"end":{"line":768,"column":26}},{"start":{"line":768,"column":30},"end":{"line":768,"column":47}},{"start":{"line":768,"column":51},"end":{"line":768,"column":68}}]}},"s":{"0":3,"1":3,"2":3,"3":3,"4":3,"5":3,"6":3,"7":3,"8":6,"9":6,"10":6,"11":0,"12":6,"13":6,"14":3,"15":3,"16":3,"17":3,"18":2,"19":0,"20":2,"21":2,"22":2,"23":2,"24":2,"25":2,"26":2,"27":2,"28":2,"29":2,"30":2,"31":2,"32":2,"33":1,"34":1,"35":0,"36":1,"37":2,"38":2,"39":2,"40":0,"41":2,"42":0,"43":0,"44":0,"45":0,"46":0,"47":0,"48":0,"49":0,"50":0,"51":0,"52":0,"53":0,"54":0,"55":0,"56":0,"57":0,"58":0,"59":0,"60":0,"61":0,"62":0,"63":0,"64":0,"65":0,"66":0,"67":0,"68":0,"69":0,"70":0,"71":0,"72":0,"73":0,"74":0,"75":0,"76":0,"77":0,"78":0,"79":0,"80":0,"81":0,"82":0,"83":0,"84":0,"85":0,"86":0,"87":0,"88":0,"89":0,"90":0,"91":0,"92":0,"93":0,"94":0,"95":0,"96":0,"97":0,"98":0,"99":0,"100":0,"101":0,"102":0,"103":0,"104":0,"105":0,"106":0,"107":0,"108":0,"109":0,"110":0,"111":0,"112":0,"113":0,"114":0,"115":0,"116":0,"117":0,"118":0,"119":0,"120":0,"121":0,"122":0,"123":0,"124":0,"125":0,"126":0,"127":0,"128":0,"129":0,"130":0,"131":0,"132":0,"133":0,"134":0,"135":0,"136":0,"137":0,"138":0,"139":0,"140":0,"141":0,"142":0,"143":0,"144":0,"145":0,"146":0,"147":0,"148":0,"149":0,"150":0,"151":0,"152":0,"153":0,"154":0,"155":0,"156":0,"157":0,"158":0,"159":0,"160":0,"161":0,"162":0,"163":0,"164":0,"165":0,"166":0,"167":0,"168":0,"169":0,"170":0,"171":0,"172":0,"173":0,"174":0,"175":0,"176":0,"177":0,"178":0,"179":0,"180":0,"181":0,"182":0,"183":0,"184":0,"185":0,"186":0,"187":0,"188":0,"189":0,"190":0,"191":0,"192":0,"193":0,"194":0,"195":0,"196":0,"197":0,"198":0,"199":0,"200":0,"201":0,"202":0,"203":0,"204":0,"205":0,"206":0,"207":0,"208":0,"209":0,"210":0,"211":0,"212":0,"213":0,"214":0,"215":0,"216":0,"217":0,"218":0,"219":0,"220":0,"221":0,"222":0,"223":0,"224":0,"225":0,"226":0,"227":0,"228":0,"229":0,"230":0,"231":0,"232":0,"233":0,"234":0,"235":0,"236":0,"237":0,"238":0,"239":0,"240":0,"241":0,"242":0,"243":0,"244":0,"245":0,"246":0,"247":0,"248":0,"249":0,"250":0,"251":0,"252":0,"253":0,"254":0,"255":0,"256":0,"257":0,"258":0,"259":0,"260":0,"261":0,"262":0,"263":0,"264":0,"265":0,"266":0,"267":0,"268":0,"269":0,"270":0,"271":0,"272":0,"273":0,"274":0,"275":0,"276":0,"277":0,"278":0,"279":0,"280":0,"281":0,"282":0,"283":0,"284":0,"285":0,"286":0,"287":0,"288":0,"289":0,"290":0,"291":0,"292":0,"293":0,"294":0,"295":0,"296":0,"297":0,"298":0,"299":0,"300":0,"301":0,"302":0,"303":0,"304":0,"305":0,"306":0,"307":0,"308":0,"309":0,"310":0,"311":0,"312":0,"313":0,"314":0,"315":0,"316":0,"317":0,"318":0,"319":0,"320":0,"321":0,"322":0,"323":0},"f":{"0":6,"1":6,"2":2,"3":0,"4":0,"5":0,"6":0,"7":0,"8":0,"9":0,"10":0,"11":0,"12":0,"13":0},"b":{"0":[6],"1":[4,2],"2":[6,4],"3":[0],"4":[3],"5":[6,3],"6":[3],"7":[0],"8":[2],"9":[2,0],"10":[2,0],"11":[2,0],"12":[2,0],"13":[2],"14":[2,2],"15":[1,1],"16":[0,1],"17":[0],"18":[2,0],"19":[0,0],"20":[0,0],"21":[0],"22":[0],"23":[0,0],"24":[0],"25":[0],"26":[0,0,0,0],"27":[0],"28":[0],"29":[0,0],"30":[0],"31":[0],"32":[0,0],"33":[0],"34":[0,0],"35":[0],"36":[0,0],"37":[0],"38":[0],"39":[0],"40":[0,0],"41":[0,0],"42":[0],"43":[0,0,0],"44":[0],"45":[0,0],"46":[0,0],"47":[0,0],"48":[0],"49":[0,0],"50":[0],"51":[0],"52":[0],"53":[0],"54":[0,0],"55":[0],"56":[0,0],"57":[0],"58":[0,0,0],"59":[0],"60":[0],"61":[0,0],"62":[0],"63":[0],"64":[0],"65":[0],"66":[0],"67":[0,0],"68":[0,0],"69":[0],"70":[0,0],"71":[0,0],"72":[0],"73":[0,0],"74":[0,0],"75":[0],"76":[0,0],"77":[0],"78":[0,0],"79":[0],"80":[0,0,0,0],"81":[0],"82":[0,0],"83":[0,0],"84":[0],"85":[0],"86":[0],"87":[0],"88":[0],"89":[0],"90":[0,0],"91":[0,0],"92":[0],"93":[0,0,0,0],"94":[0,0],"95":[0,0],"96":[0,0],"97":[0,0],"98":[0],"99":[0,0],"100":[0],"101":[0],"102":[0,0],"103":[0,0],"104":[0],"105":[0],"106":[0,0],"107":[0,0],"108":[0],"109":[0],"110":[0],"111":[0,0],"112":[0],"113":[0],"114":[0],"115":[0,0],"116":[0],"117":[0,0],"118":[0,0],"119":[0,0],"120":[0,0],"121":[0,0],"122":[0,0,0],"123":[0,0],"124":[0,0],"125":[0],"126":[0],"127":[0,0],"128":[0],"129":[0,0],"130":[0],"131":[0,0,0]}}
}
