{"/Users/happyhawking/Documents/Projects/Current/Claude/servers/opentk-mcp/src/config.ts": {"path":"/Users/happyhawking/Documents/Projects/Current/Claude/servers/opentk-mcp/src/config.ts","statementMap":{"0":{"start":{"line":6,"column":24},"end":{"line":6,"column":51}}},"fnMap":{},"branchMap":{},"s":{"0":0},"f":{},"b":{}}
,"/Users/happyhawking/Documents/Projects/Current/Claude/servers/opentk-mcp/src/services/api.ts": {"path":"/Users/happyhawking/Documents/Projects/Current/Claude/servers/opentk-mcp/src/services/api.ts","statementMap":{"0":{"start":{"line":20,"column":25},"end":{"line":26,"column":4}},"1":{"start":{"line":35,"column":4},"end":{"line":70,"column":5}},"2":{"start":{"line":37,"column":29},"end":{"line":37,"column":69}},"3":{"start":{"line":40,"column":22},"end":{"line":43,"column":8}},"4":{"start":{"line":45,"column":18},"end":{"line":49,"column":27}},"5":{"start":{"line":51,"column":6},"end":{"line":53,"column":7}},"6":{"start":{"line":52,"column":8},"end":{"line":52,"column":70}},"7":{"start":{"line":55,"column":19},"end":{"line":55,"column":35}},"8":{"start":{"line":58,"column":6},"end":{"line":60,"column":7}},"9":{"start":{"line":59,"column":8},"end":{"line":59,"column":23}},"10":{"start":{"line":63,"column":6},"end":{"line":67,"column":7}},"11":{"start":{"line":64,"column":8},"end":{"line":64,"column":37}},"12":{"start":{"line":66,"column":8},"end":{"line":66,"column":23}},"13":{"start":{"line":69,"column":6},"end":{"line":69,"column":18}},"14":{"start":{"line":81,"column":4},"end":{"line":104,"column":5}},"15":{"start":{"line":83,"column":29},"end":{"line":83,"column":69}},"16":{"start":{"line":86,"column":22},"end":{"line":89,"column":8}},"17":{"start":{"line":91,"column":18},"end":{"line":95,"column":27}},"18":{"start":{"line":97,"column":6},"end":{"line":99,"column":7}},"19":{"start":{"line":98,"column":8},"end":{"line":98,"column":70}},"20":{"start":{"line":101,"column":6},"end":{"line":101,"column":30}},"21":{"start":{"line":103,"column":6},"end":{"line":103,"column":18}},"22":{"start":{"line":115,"column":4},"end":{"line":141,"column":5}},"23":{"start":{"line":117,"column":29},"end":{"line":117,"column":69}},"24":{"start":{"line":120,"column":22},"end":{"line":123,"column":8}},"25":{"start":{"line":125,"column":18},"end":{"line":129,"column":27}},"26":{"start":{"line":131,"column":6},"end":{"line":133,"column":7}},"27":{"start":{"line":132,"column":8},"end":{"line":132,"column":70}},"28":{"start":{"line":135,"column":19},"end":{"line":135,"column":42}},"29":{"start":{"line":136,"column":26},"end":{"line":136,"column":87}},"30":{"start":{"line":138,"column":6},"end":{"line":138,"column":35}},"31":{"start":{"line":140,"column":6},"end":{"line":140,"column":18}},"32":{"start":{"line":152,"column":4},"end":{"line":286,"column":5}},"33":{"start":{"line":155,"column":29},"end":{"line":155,"column":61}},"34":{"start":{"line":158,"column":23},"end":{"line":158,"column":37}},"35":{"start":{"line":159,"column":6},"end":{"line":159,"column":43}},"36":{"start":{"line":160,"column":6},"end":{"line":160,"column":73}},"37":{"start":{"line":161,"column":6},"end":{"line":161,"column":61}},"38":{"start":{"line":163,"column":18},"end":{"line":182,"column":27}},"39":{"start":{"line":184,"column":6},"end":{"line":267,"column":7}},"40":{"start":{"line":186,"column":8},"end":{"line":263,"column":9}},"41":{"start":{"line":188,"column":35},"end":{"line":188,"column":101}},"42":{"start":{"line":188,"column":64},"end":{"line":188,"column":100}},"43":{"start":{"line":189,"column":29},"end":{"line":189,"column":135}},"44":{"start":{"line":195,"column":34},"end":{"line":195,"column":65}},"45":{"start":{"line":198,"column":34},"end":{"line":198,"column":81}},"46":{"start":{"line":200,"column":10},"end":{"line":254,"column":11}},"47":{"start":{"line":204,"column":39},"end":{"line":204,"column":53}},"48":{"start":{"line":205,"column":12},"end":{"line":205,"column":60}},"49":{"start":{"line":206,"column":12},"end":{"line":206,"column":89}},"50":{"start":{"line":207,"column":12},"end":{"line":207,"column":77}},"51":{"start":{"line":209,"column":12},"end":{"line":251,"column":13}},"52":{"start":{"line":210,"column":31},"end":{"line":228,"column":35}},"53":{"start":{"line":230,"column":14},"end":{"line":248,"column":15}},"54":{"start":{"line":231,"column":34},"end":{"line":231,"column":55}},"55":{"start":{"line":233,"column":16},"end":{"line":243,"column":17}},"56":{"start":{"line":234,"column":19},"end":{"line":234,"column":86}},"57":{"start":{"line":236,"column":18},"end":{"line":242,"column":19}},"58":{"start":{"line":237,"column":38},"end":{"line":237,"column":59}},"59":{"start":{"line":239,"column":20},"end":{"line":239,"column":42}},"60":{"start":{"line":241,"column":20},"end":{"line":241,"column":184}},"61":{"start":{"line":246,"column":39},"end":{"line":246,"column":107}},"62":{"start":{"line":246,"column":73},"end":{"line":246,"column":106}},"63":{"start":{"line":247,"column":16},"end":{"line":247,"column":178}},"64":{"start":{"line":250,"column":17},"end":{"line":250,"column":161}},"65":{"start":{"line":253,"column":13},"end":{"line":253,"column":91}},"66":{"start":{"line":258,"column":36},"end":{"line":258,"column":151}},"67":{"start":{"line":259,"column":10},"end":{"line":262,"column":17}},"68":{"start":{"line":265,"column":26},"end":{"line":265,"column":92}},"69":{"start":{"line":265,"column":55},"end":{"line":265,"column":91}},"70":{"start":{"line":266,"column":8},"end":{"line":266,"column":115}},"71":{"start":{"line":270,"column":19},"end":{"line":270,"column":35}},"72":{"start":{"line":271,"column":6},"end":{"line":274,"column":7}},"73":{"start":{"line":273,"column":8},"end":{"line":273,"column":36}},"74":{"start":{"line":277,"column":6},"end":{"line":282,"column":7}},"75":{"start":{"line":278,"column":8},"end":{"line":278,"column":37}},"76":{"start":{"line":281,"column":8},"end":{"line":281,"column":36}},"77":{"start":{"line":285,"column":6},"end":{"line":285,"column":18}},"78":{"start":{"line":295,"column":4},"end":{"line":353,"column":5}},"79":{"start":{"line":297,"column":29},"end":{"line":297,"column":64}},"80":{"start":{"line":300,"column":6},"end":{"line":327,"column":7}},"81":{"start":{"line":301,"column":20},"end":{"line":307,"column":29}},"82":{"start":{"line":310,"column":25},"end":{"line":310,"column":58}},"83":{"start":{"line":313,"column":8},"end":{"line":320,"column":9}},"84":{"start":{"line":314,"column":23},"end":{"line":314,"column":39}},"85":{"start":{"line":316,"column":24},"end":{"line":316,"column":77}},"86":{"start":{"line":317,"column":10},"end":{"line":319,"column":11}},"87":{"start":{"line":318,"column":12},"end":{"line":318,"column":28}},"88":{"start":{"line":322,"column":8},"end":{"line":324,"column":9}},"89":{"start":{"line":323,"column":10},"end":{"line":323,"column":26}},"90":{"start":{"line":330,"column":6},"end":{"line":346,"column":7}},"91":{"start":{"line":331,"column":21},"end":{"line":331,"column":104}},"92":{"start":{"line":334,"column":28},"end":{"line":334,"column":102}},"93":{"start":{"line":335,"column":8},"end":{"line":337,"column":9}},"94":{"start":{"line":336,"column":10},"end":{"line":336,"column":32}},"95":{"start":{"line":340,"column":29},"end":{"line":340,"column":68}},"96":{"start":{"line":341,"column":8},"end":{"line":343,"column":9}},"97":{"start":{"line":342,"column":10},"end":{"line":342,"column":33}},"98":{"start":{"line":349,"column":6},"end":{"line":349,"column":86}},"99":{"start":{"line":352,"column":6},"end":{"line":352,"column":77}},"100":{"start":{"line":362,"column":4},"end":{"line":392,"column":5}},"101":{"start":{"line":364,"column":28},"end":{"line":364,"column":62}},"102":{"start":{"line":366,"column":18},"end":{"line":372,"column":27}},"103":{"start":{"line":374,"column":6},"end":{"line":380,"column":7}},"104":{"start":{"line":376,"column":8},"end":{"line":378,"column":9}},"105":{"start":{"line":377,"column":10},"end":{"line":377,"column":20}},"106":{"start":{"line":379,"column":8},"end":{"line":379,"column":70}},"107":{"start":{"line":382,"column":19},"end":{"line":382,"column":35}},"108":{"start":{"line":385,"column":6},"end":{"line":387,"column":7}},"109":{"start":{"line":386,"column":8},"end":{"line":386,"column":18}},"110":{"start":{"line":389,"column":6},"end":{"line":389,"column":75}},"111":{"start":{"line":389,"column":55},"end":{"line":389,"column":73}},"112":{"start":{"line":391,"column":6},"end":{"line":391,"column":18}},"113":{"start":{"line":399,"column":4},"end":{"line":409,"column":5}},"114":{"start":{"line":401,"column":19},"end":{"line":401,"column":59}},"115":{"start":{"line":404,"column":22},"end":{"line":404,"column":55}},"116":{"start":{"line":406,"column":6},"end":{"line":406,"column":21}},"117":{"start":{"line":408,"column":6},"end":{"line":408,"column":16}},"118":{"start":{"line":418,"column":27},"end":{"line":418,"column":29}},"119":{"start":{"line":420,"column":4},"end":{"line":489,"column":5}},"120":{"start":{"line":422,"column":25},"end":{"line":422,"column":75}},"121":{"start":{"line":423,"column":25},"end":{"line":423,"column":46}},"122":{"start":{"line":425,"column":6},"end":{"line":427,"column":7}},"123":{"start":{"line":426,"column":8},"end":{"line":426,"column":18}},"124":{"start":{"line":429,"column":27},"end":{"line":429,"column":40}},"125":{"start":{"line":432,"column":23},"end":{"line":432,"column":52}},"126":{"start":{"line":435,"column":6},"end":{"line":484,"column":7}},"127":{"start":{"line":436,"column":8},"end":{"line":436,"column":35}},"128":{"start":{"line":436,"column":26},"end":{"line":436,"column":35}},"129":{"start":{"line":437,"column":27},"end":{"line":437,"column":38}},"130":{"start":{"line":440,"column":24},"end":{"line":440,"column":54}},"131":{"start":{"line":441,"column":24},"end":{"line":441,"column":49}},"132":{"start":{"line":442,"column":19},"end":{"line":442,"column":65}},"133":{"start":{"line":444,"column":8},"end":{"line":444,"column":26}},"134":{"start":{"line":444,"column":17},"end":{"line":444,"column":26}},"135":{"start":{"line":447,"column":26},"end":{"line":447,"column":52}},"136":{"start":{"line":448,"column":26},"end":{"line":448,"column":53}},"137":{"start":{"line":449,"column":25},"end":{"line":449,"column":53}},"138":{"start":{"line":452,"column":26},"end":{"line":452,"column":45}},"139":{"start":{"line":453,"column":26},"end":{"line":453,"column":66}},"140":{"start":{"line":454,"column":25},"end":{"line":454,"column":87}},"141":{"start":{"line":457,"column":27},"end":{"line":457,"column":56}},"142":{"start":{"line":458,"column":22},"end":{"line":458,"column":24}},"143":{"start":{"line":461,"column":8},"end":{"line":465,"column":9}},"144":{"start":{"line":462,"column":10},"end":{"line":464,"column":11}},"145":{"start":{"line":463,"column":12},"end":{"line":463,"column":44}},"146":{"start":{"line":468,"column":22},"end":{"line":468,"column":86}},"147":{"start":{"line":471,"column":8},"end":{"line":483,"column":11}},"148":{"start":{"line":486,"column":6},"end":{"line":486,"column":21}},"149":{"start":{"line":488,"column":6},"end":{"line":488,"column":16}},"150":{"start":{"line":498,"column":4},"end":{"line":508,"column":5}},"151":{"start":{"line":500,"column":19},"end":{"line":500,"column":69}},"152":{"start":{"line":503,"column":21},"end":{"line":503,"column":57}},"153":{"start":{"line":505,"column":6},"end":{"line":505,"column":20}},"154":{"start":{"line":507,"column":6},"end":{"line":507,"column":18}},"155":{"start":{"line":518,"column":4},"end":{"line":550,"column":5}},"156":{"start":{"line":520,"column":25},"end":{"line":520,"column":54}},"157":{"start":{"line":521,"column":25},"end":{"line":521,"column":47}},"158":{"start":{"line":522,"column":23},"end":{"line":522,"column":52}},"159":{"start":{"line":525,"column":24},"end":{"line":525,"column":43}},"160":{"start":{"line":526,"column":24},"end":{"line":526,"column":64}},"161":{"start":{"line":527,"column":23},"end":{"line":527,"column":85}},"162":{"start":{"line":530,"column":25},"end":{"line":530,"column":48}},"163":{"start":{"line":531,"column":25},"end":{"line":531,"column":47}},"164":{"start":{"line":532,"column":20},"end":{"line":532,"column":49}},"165":{"start":{"line":535,"column":6},"end":{"line":547,"column":8}},"166":{"start":{"line":549,"column":6},"end":{"line":549,"column":18}},"167":{"start":{"line":559,"column":4},"end":{"line":582,"column":5}},"168":{"start":{"line":561,"column":28},"end":{"line":561,"column":45}},"169":{"start":{"line":564,"column":19},"end":{"line":564,"column":44}},"170":{"start":{"line":567,"column":27},"end":{"line":567,"column":81}},"171":{"start":{"line":569,"column":6},"end":{"line":569,"column":26}},"172":{"start":{"line":571,"column":6},"end":{"line":581,"column":8}},"173":{"start":{"line":587,"column":26},"end":{"line":587,"column":42}}},"fnMap":{"0":{"name":"(anonymous_0)","decl":{"start":{"line":34,"column":2},"end":{"line":34,"column":7}},"loc":{"start":{"line":34,"column":60},"end":{"line":71,"column":3}}},"1":{"name":"(anonymous_1)","decl":{"start":{"line":80,"column":2},"end":{"line":80,"column":7}},"loc":{"start":{"line":80,"column":57},"end":{"line":105,"column":3}}},"2":{"name":"(anonymous_2)","decl":{"start":{"line":114,"column":2},"end":{"line":114,"column":7}},"loc":{"start":{"line":114,"column":59},"end":{"line":142,"column":3}}},"3":{"name":"(anonymous_3)","decl":{"start":{"line":151,"column":2},"end":{"line":151,"column":7}},"loc":{"start":{"line":151,"column":88},"end":{"line":287,"column":3}}},"4":{"name":"(anonymous_4)","decl":{"start":{"line":188,"column":58},"end":{"line":188,"column":61}},"loc":{"start":{"line":188,"column":64},"end":{"line":188,"column":100}}},"5":{"name":"(anonymous_5)","decl":{"start":{"line":246,"column":67},"end":{"line":246,"column":70}},"loc":{"start":{"line":246,"column":73},"end":{"line":246,"column":106}}},"6":{"name":"(anonymous_6)","decl":{"start":{"line":265,"column":49},"end":{"line":265,"column":52}},"loc":{"start":{"line":265,"column":55},"end":{"line":265,"column":91}}},"7":{"name":"(anonymous_7)","decl":{"start":{"line":294,"column":2},"end":{"line":294,"column":7}},"loc":{"start":{"line":294,"column":37},"end":{"line":354,"column":3}}},"8":{"name":"(anonymous_8)","decl":{"start":{"line":361,"column":2},"end":{"line":361,"column":7}},"loc":{"start":{"line":361,"column":33},"end":{"line":393,"column":3}}},"9":{"name":"(anonymous_9)","decl":{"start":{"line":389,"column":47},"end":{"line":389,"column":51}},"loc":{"start":{"line":389,"column":55},"end":{"line":389,"column":73}}},"10":{"name":"(anonymous_10)","decl":{"start":{"line":398,"column":2},"end":{"line":398,"column":7}},"loc":{"start":{"line":398,"column":18},"end":{"line":410,"column":3}}},"11":{"name":"(anonymous_11)","decl":{"start":{"line":417,"column":10},"end":{"line":417,"column":32}},"loc":{"start":{"line":417,"column":45},"end":{"line":490,"column":3}}},"12":{"name":"(anonymous_12)","decl":{"start":{"line":497,"column":2},"end":{"line":497,"column":7}},"loc":{"start":{"line":497,"column":28},"end":{"line":509,"column":3}}},"13":{"name":"(anonymous_13)","decl":{"start":{"line":517,"column":10},"end":{"line":517,"column":31}},"loc":{"start":{"line":517,"column":56},"end":{"line":551,"column":3}}},"14":{"name":"(anonymous_14)","decl":{"start":{"line":558,"column":2},"end":{"line":558,"column":7}},"loc":{"start":{"line":558,"column":36},"end":{"line":583,"column":3}}}},"branchMap":{"0":{"loc":{"start":{"line":34,"column":35},"end":{"line":34,"column":60}},"type":"default-arg","locations":[{"start":{"line":34,"column":58},"end":{"line":34,"column":60}}]},"1":{"loc":{"start":{"line":37,"column":29},"end":{"line":37,"column":69}},"type":"cond-expr","locations":[{"start":{"line":37,"column":52},"end":{"line":37,"column":56}},{"start":{"line":37,"column":59},"end":{"line":37,"column":69}}]},"2":{"loc":{"start":{"line":51,"column":6},"end":{"line":53,"column":7}},"type":"if","locations":[{"start":{"line":51,"column":6},"end":{"line":53,"column":7}}]},"3":{"loc":{"start":{"line":58,"column":6},"end":{"line":60,"column":7}},"type":"if","locations":[{"start":{"line":58,"column":6},"end":{"line":60,"column":7}}]},"4":{"loc":{"start":{"line":80,"column":32},"end":{"line":80,"column":57}},"type":"default-arg","locations":[{"start":{"line":80,"column":55},"end":{"line":80,"column":57}}]},"5":{"loc":{"start":{"line":83,"column":29},"end":{"line":83,"column":69}},"type":"cond-expr","locations":[{"start":{"line":83,"column":52},"end":{"line":83,"column":56}},{"start":{"line":83,"column":59},"end":{"line":83,"column":69}}]},"6":{"loc":{"start":{"line":97,"column":6},"end":{"line":99,"column":7}},"type":"if","locations":[{"start":{"line":97,"column":6},"end":{"line":99,"column":7}}]},"7":{"loc":{"start":{"line":114,"column":34},"end":{"line":114,"column":59}},"type":"default-arg","locations":[{"start":{"line":114,"column":57},"end":{"line":114,"column":59}}]},"8":{"loc":{"start":{"line":117,"column":29},"end":{"line":117,"column":69}},"type":"cond-expr","locations":[{"start":{"line":117,"column":52},"end":{"line":117,"column":56}},{"start":{"line":117,"column":59},"end":{"line":117,"column":69}}]},"9":{"loc":{"start":{"line":131,"column":6},"end":{"line":133,"column":7}},"type":"if","locations":[{"start":{"line":131,"column":6},"end":{"line":133,"column":7}}]},"10":{"loc":{"start":{"line":136,"column":26},"end":{"line":136,"column":87}},"type":"binary-expr","locations":[{"start":{"line":136,"column":26},"end":{"line":136,"column":57}},{"start":{"line":136,"column":61},"end":{"line":136,"column":87}}]},"11":{"loc":{"start":{"line":151,"column":33},"end":{"line":151,"column":88}},"type":"default-arg","locations":[{"start":{"line":151,"column":86},"end":{"line":151,"column":88}}]},"12":{"loc":{"start":{"line":160,"column":35},"end":{"line":160,"column":71}},"type":"cond-expr","locations":[{"start":{"line":160,"column":55},"end":{"line":160,"column":61}},{"start":{"line":160,"column":64},"end":{"line":160,"column":71}}]},"13":{"loc":{"start":{"line":161,"column":33},"end":{"line":161,"column":59}},"type":"binary-expr","locations":[{"start":{"line":161,"column":33},"end":{"line":161,"column":48}},{"start":{"line":161,"column":52},"end":{"line":161,"column":59}}]},"14":{"loc":{"start":{"line":169,"column":98},"end":{"line":169,"column":134}},"type":"cond-expr","locations":[{"start":{"line":169,"column":118},"end":{"line":169,"column":124}},{"start":{"line":169,"column":127},"end":{"line":169,"column":134}}]},"15":{"loc":{"start":{"line":169,"column":146},"end":{"line":169,"column":172}},"type":"binary-expr","locations":[{"start":{"line":169,"column":146},"end":{"line":169,"column":161}},{"start":{"line":169,"column":165},"end":{"line":169,"column":172}}]},"16":{"loc":{"start":{"line":184,"column":6},"end":{"line":267,"column":7}},"type":"if","locations":[{"start":{"line":184,"column":6},"end":{"line":267,"column":7}}]},"17":{"loc":{"start":{"line":186,"column":8},"end":{"line":263,"column":9}},"type":"if","locations":[{"start":{"line":186,"column":8},"end":{"line":263,"column":9}}]},"18":{"loc":{"start":{"line":200,"column":10},"end":{"line":254,"column":11}},"type":"if","locations":[{"start":{"line":200,"column":10},"end":{"line":254,"column":11}},{"start":{"line":252,"column":17},"end":{"line":254,"column":11}}]},"19":{"loc":{"start":{"line":200,"column":14},"end":{"line":200,"column":67}},"type":"binary-expr","locations":[{"start":{"line":200,"column":14},"end":{"line":200,"column":29}},{"start":{"line":200,"column":33},"end":{"line":200,"column":67}}]},"20":{"loc":{"start":{"line":206,"column":51},"end":{"line":206,"column":87}},"type":"cond-expr","locations":[{"start":{"line":206,"column":71},"end":{"line":206,"column":77}},{"start":{"line":206,"column":80},"end":{"line":206,"column":87}}]},"21":{"loc":{"start":{"line":207,"column":49},"end":{"line":207,"column":75}},"type":"binary-expr","locations":[{"start":{"line":207,"column":49},"end":{"line":207,"column":64}},{"start":{"line":207,"column":68},"end":{"line":207,"column":75}}]},"22":{"loc":{"start":{"line":215,"column":107},"end":{"line":215,"column":143}},"type":"cond-expr","locations":[{"start":{"line":215,"column":127},"end":{"line":215,"column":133}},{"start":{"line":215,"column":136},"end":{"line":215,"column":143}}]},"23":{"loc":{"start":{"line":215,"column":155},"end":{"line":215,"column":181}},"type":"binary-expr","locations":[{"start":{"line":215,"column":155},"end":{"line":215,"column":170}},{"start":{"line":215,"column":174},"end":{"line":215,"column":181}}]},"24":{"loc":{"start":{"line":230,"column":14},"end":{"line":248,"column":15}},"type":"if","locations":[{"start":{"line":230,"column":14},"end":{"line":248,"column":15}},{"start":{"line":244,"column":21},"end":{"line":248,"column":15}}]},"25":{"loc":{"start":{"line":233,"column":16},"end":{"line":243,"column":17}},"type":"if","locations":[{"start":{"line":233,"column":16},"end":{"line":243,"column":17}},{"start":{"line":235,"column":23},"end":{"line":243,"column":17}}]},"26":{"loc":{"start":{"line":241,"column":94},"end":{"line":241,"column":136}},"type":"cond-expr","locations":[{"start":{"line":241,"column":115},"end":{"line":241,"column":124}},{"start":{"line":241,"column":127},"end":{"line":241,"column":136}}]},"27":{"loc":{"start":{"line":250,"column":74},"end":{"line":250,"column":158}},"type":"cond-expr","locations":[{"start":{"line":250,"column":109},"end":{"line":250,"column":132}},{"start":{"line":250,"column":135},"end":{"line":250,"column":158}}]},"28":{"loc":{"start":{"line":271,"column":6},"end":{"line":274,"column":7}},"type":"if","locations":[{"start":{"line":271,"column":6},"end":{"line":274,"column":7}}]},"29":{"loc":{"start":{"line":310,"column":25},"end":{"line":310,"column":58}},"type":"binary-expr","locations":[{"start":{"line":310,"column":25},"end":{"line":310,"column":52}},{"start":{"line":310,"column":56},"end":{"line":310,"column":58}}]},"30":{"loc":{"start":{"line":313,"column":8},"end":{"line":320,"column":9}},"type":"if","locations":[{"start":{"line":313,"column":8},"end":{"line":320,"column":9}}]},"31":{"loc":{"start":{"line":313,"column":12},"end":{"line":313,"column":31}},"type":"binary-expr","locations":[{"start":{"line":313,"column":12},"end":{"line":313,"column":21}},{"start":{"line":313,"column":25},"end":{"line":313,"column":31}}]},"32":{"loc":{"start":{"line":317,"column":10},"end":{"line":319,"column":11}},"type":"if","locations":[{"start":{"line":317,"column":10},"end":{"line":319,"column":11}}]},"33":{"loc":{"start":{"line":317,"column":14},"end":{"line":317,"column":31}},"type":"binary-expr","locations":[{"start":{"line":317,"column":14},"end":{"line":317,"column":19}},{"start":{"line":317,"column":23},"end":{"line":317,"column":31}}]},"34":{"loc":{"start":{"line":322,"column":8},"end":{"line":324,"column":9}},"type":"if","locations":[{"start":{"line":322,"column":8},"end":{"line":324,"column":9}}]},"35":{"loc":{"start":{"line":335,"column":8},"end":{"line":337,"column":9}},"type":"if","locations":[{"start":{"line":335,"column":8},"end":{"line":337,"column":9}}]},"36":{"loc":{"start":{"line":335,"column":12},"end":{"line":335,"column":41}},"type":"binary-expr","locations":[{"start":{"line":335,"column":12},"end":{"line":335,"column":23}},{"start":{"line":335,"column":27},"end":{"line":335,"column":41}}]},"37":{"loc":{"start":{"line":341,"column":8},"end":{"line":343,"column":9}},"type":"if","locations":[{"start":{"line":341,"column":8},"end":{"line":343,"column":9}}]},"38":{"loc":{"start":{"line":341,"column":12},"end":{"line":341,"column":43}},"type":"binary-expr","locations":[{"start":{"line":341,"column":12},"end":{"line":341,"column":24}},{"start":{"line":341,"column":28},"end":{"line":341,"column":43}}]},"39":{"loc":{"start":{"line":374,"column":6},"end":{"line":380,"column":7}},"type":"if","locations":[{"start":{"line":374,"column":6},"end":{"line":380,"column":7}}]},"40":{"loc":{"start":{"line":376,"column":8},"end":{"line":378,"column":9}},"type":"if","locations":[{"start":{"line":376,"column":8},"end":{"line":378,"column":9}}]},"41":{"loc":{"start":{"line":385,"column":6},"end":{"line":387,"column":7}},"type":"if","locations":[{"start":{"line":385,"column":6},"end":{"line":387,"column":7}}]},"42":{"loc":{"start":{"line":425,"column":6},"end":{"line":427,"column":7}},"type":"if","locations":[{"start":{"line":425,"column":6},"end":{"line":427,"column":7}}]},"43":{"loc":{"start":{"line":425,"column":10},"end":{"line":425,"column":39}},"type":"binary-expr","locations":[{"start":{"line":425,"column":10},"end":{"line":425,"column":21}},{"start":{"line":425,"column":25},"end":{"line":425,"column":39}}]},"44":{"loc":{"start":{"line":436,"column":8},"end":{"line":436,"column":35}},"type":"if","locations":[{"start":{"line":436,"column":8},"end":{"line":436,"column":35}}]},"45":{"loc":{"start":{"line":442,"column":19},"end":{"line":442,"column":65}},"type":"cond-expr","locations":[{"start":{"line":442,"column":34},"end":{"line":442,"column":58}},{"start":{"line":442,"column":61},"end":{"line":442,"column":65}}]},"46":{"loc":{"start":{"line":444,"column":8},"end":{"line":444,"column":26}},"type":"if","locations":[{"start":{"line":444,"column":8},"end":{"line":444,"column":26}}]},"47":{"loc":{"start":{"line":449,"column":25},"end":{"line":449,"column":53}},"type":"binary-expr","locations":[{"start":{"line":449,"column":25},"end":{"line":449,"column":47}},{"start":{"line":449,"column":51},"end":{"line":449,"column":53}}]},"48":{"loc":{"start":{"line":453,"column":26},"end":{"line":453,"column":66}},"type":"cond-expr","locations":[{"start":{"line":453,"column":49},"end":{"line":453,"column":61}},{"start":{"line":453,"column":64},"end":{"line":453,"column":66}}]},"49":{"loc":{"start":{"line":454,"column":25},"end":{"line":454,"column":87}},"type":"cond-expr","locations":[{"start":{"line":454,"column":48},"end":{"line":454,"column":76}},{"start":{"line":454,"column":79},"end":{"line":454,"column":87}}]},"50":{"loc":{"start":{"line":462,"column":10},"end":{"line":464,"column":11}},"type":"if","locations":[{"start":{"line":462,"column":10},"end":{"line":464,"column":11}}]},"51":{"loc":{"start":{"line":468,"column":22},"end":{"line":468,"column":86}},"type":"cond-expr","locations":[{"start":{"line":468,"column":41},"end":{"line":468,"column":49}},{"start":{"line":468,"column":53},"end":{"line":468,"column":85}}]},"52":{"loc":{"start":{"line":468,"column":53},"end":{"line":468,"column":85}},"type":"cond-expr","locations":[{"start":{"line":468,"column":72},"end":{"line":468,"column":80}},{"start":{"line":468,"column":83},"end":{"line":468,"column":85}}]},"53":{"loc":{"start":{"line":522,"column":23},"end":{"line":522,"column":52}},"type":"binary-expr","locations":[{"start":{"line":522,"column":23},"end":{"line":522,"column":46}},{"start":{"line":522,"column":50},"end":{"line":522,"column":52}}]},"54":{"loc":{"start":{"line":526,"column":24},"end":{"line":526,"column":64}},"type":"cond-expr","locations":[{"start":{"line":526,"column":47},"end":{"line":526,"column":59}},{"start":{"line":526,"column":62},"end":{"line":526,"column":64}}]},"55":{"loc":{"start":{"line":527,"column":23},"end":{"line":527,"column":85}},"type":"cond-expr","locations":[{"start":{"line":527,"column":46},"end":{"line":527,"column":74}},{"start":{"line":527,"column":77},"end":{"line":527,"column":85}}]},"56":{"loc":{"start":{"line":532,"column":20},"end":{"line":532,"column":49}},"type":"binary-expr","locations":[{"start":{"line":532,"column":20},"end":{"line":532,"column":43}},{"start":{"line":532,"column":47},"end":{"line":532,"column":49}}]},"57":{"loc":{"start":{"line":558,"column":20},"end":{"line":558,"column":36}},"type":"default-arg","locations":[{"start":{"line":558,"column":35},"end":{"line":558,"column":36}}]},"58":{"loc":{"start":{"line":580,"column":16},"end":{"line":580,"column":58}},"type":"binary-expr","locations":[{"start":{"line":580,"column":16},"end":{"line":580,"column":39}},{"start":{"line":580,"column":43},"end":{"line":580,"column":58}}]}},"s":{"0":0,"1":0,"2":0,"3":0,"4":0,"5":0,"6":0,"7":0,"8":0,"9":0,"10":0,"11":0,"12":0,"13":0,"14":0,"15":0,"16":0,"17":0,"18":0,"19":0,"20":0,"21":0,"22":0,"23":0,"24":0,"25":0,"26":0,"27":0,"28":0,"29":0,"30":0,"31":0,"32":0,"33":0,"34":0,"35":0,"36":0,"37":0,"38":0,"39":0,"40":0,"41":0,"42":0,"43":0,"44":0,"45":0,"46":0,"47":0,"48":0,"49":0,"50":0,"51":0,"52":0,"53":0,"54":0,"55":0,"56":0,"57":0,"58":0,"59":0,"60":0,"61":0,"62":0,"63":0,"64":0,"65":0,"66":0,"67":0,"68":0,"69":0,"70":0,"71":0,"72":0,"73":0,"74":0,"75":0,"76":0,"77":0,"78":0,"79":0,"80":0,"81":0,"82":0,"83":0,"84":0,"85":0,"86":0,"87":0,"88":0,"89":0,"90":0,"91":0,"92":0,"93":0,"94":0,"95":0,"96":0,"97":0,"98":0,"99":0,"100":0,"101":0,"102":0,"103":0,"104":0,"105":0,"106":0,"107":0,"108":0,"109":0,"110":0,"111":0,"112":0,"113":0,"114":0,"115":0,"116":0,"117":0,"118":0,"119":0,"120":0,"121":0,"122":0,"123":0,"124":0,"125":0,"126":0,"127":0,"128":0,"129":0,"130":0,"131":0,"132":0,"133":0,"134":0,"135":0,"136":0,"137":0,"138":0,"139":0,"140":0,"141":0,"142":0,"143":0,"144":0,"145":0,"146":0,"147":0,"148":0,"149":0,"150":0,"151":0,"152":0,"153":0,"154":0,"155":0,"156":0,"157":0,"158":0,"159":0,"160":0,"161":0,"162":0,"163":0,"164":0,"165":0,"166":0,"167":0,"168":0,"169":0,"170":0,"171":0,"172":0,"173":0},"f":{"0":0,"1":0,"2":0,"3":0,"4":0,"5":0,"6":0,"7":0,"8":0,"9":0,"10":0,"11":0,"12":0,"13":0,"14":0},"b":{"0":[0],"1":[0,0],"2":[0],"3":[0],"4":[0],"5":[0,0],"6":[0],"7":[0],"8":[0,0],"9":[0],"10":[0,0],"11":[0],"12":[0,0],"13":[0,0],"14":[0,0],"15":[0,0],"16":[0],"17":[0],"18":[0,0],"19":[0,0],"20":[0,0],"21":[0,0],"22":[0,0],"23":[0,0],"24":[0,0],"25":[0,0],"26":[0,0],"27":[0,0],"28":[0],"29":[0,0],"30":[0],"31":[0,0],"32":[0],"33":[0,0],"34":[0],"35":[0],"36":[0,0],"37":[0],"38":[0,0],"39":[0],"40":[0],"41":[0],"42":[0],"43":[0,0],"44":[0],"45":[0,0],"46":[0],"47":[0,0],"48":[0,0],"49":[0,0],"50":[0],"51":[0,0],"52":[0,0],"53":[0,0],"54":[0,0],"55":[0,0],"56":[0,0],"57":[0],"58":[0,0]}}
,"/Users/happyhawking/Documents/Projects/Current/Claude/servers/opentk-mcp/src/utils/document-extractor.ts": {"path":"/Users/happyhawking/Documents/Projects/Current/Claude/servers/opentk-mcp/src/utils/document-extractor.ts","statementMap":{"0":{"start":{"line":15,"column":0},"end":{"line":15,"column":7}},"1":{"start":{"line":44,"column":0},"end":{"line":44,"column":7}},"2":{"start":{"line":75,"column":0},"end":{"line":75,"column":16}},"3":{"start":{"line":133,"column":0},"end":{"line":133,"column":16}},"4":{"start":{"line":7,"column":17},"end":{"line":7,"column":37}},"5":{"start":{"line":8,"column":0},"end":{"line":8,"column":35}},"6":{"start":{"line":16,"column":2},"end":{"line":36,"column":3}},"7":{"start":{"line":18,"column":19},"end":{"line":18,"column":36}},"8":{"start":{"line":21,"column":19},"end":{"line":21,"column":41}},"9":{"start":{"line":24,"column":24},"end":{"line":24,"column":41}},"10":{"start":{"line":27,"column":4},"end":{"line":27,"column":62}},"11":{"start":{"line":29,"column":4},"end":{"line":31,"column":5}},"12":{"start":{"line":30,"column":6},"end":{"line":30,"column":235}},"13":{"start":{"line":33,"column":4},"end":{"line":33,"column":25}},"14":{"start":{"line":35,"column":4},"end":{"line":35,"column":191}},"15":{"start":{"line":45,"column":2},"end":{"line":65,"column":3}},"16":{"start":{"line":47,"column":19},"end":{"line":47,"column":36}},"17":{"start":{"line":50,"column":19},"end":{"line":50,"column":59}},"18":{"start":{"line":53,"column":24},"end":{"line":53,"column":42}},"19":{"start":{"line":56,"column":4},"end":{"line":56,"column":62}},"20":{"start":{"line":58,"column":4},"end":{"line":60,"column":5}},"21":{"start":{"line":59,"column":6},"end":{"line":59,"column":223}},"22":{"start":{"line":62,"column":4},"end":{"line":62,"column":25}},"23":{"start":{"line":64,"column":4},"end":{"line":64,"column":179}},"24":{"start":{"line":83,"column":22},"end":{"line":83,"column":33}},"25":{"start":{"line":86,"column":2},"end":{"line":95,"column":3}},"26":{"start":{"line":87,"column":4},"end":{"line":94,"column":6}},"27":{"start":{"line":98,"column":22},"end":{"line":98,"column":63}},"28":{"start":{"line":99,"column":24},"end":{"line":99,"column":59}},"29":{"start":{"line":100,"column":22},"end":{"line":100,"column":47}},"30":{"start":{"line":103,"column":21},"end":{"line":103,"column":53}},"31":{"start":{"line":104,"column":26},"end":{"line":104,"column":51}},"32":{"start":{"line":106,"column":2},"end":{"line":113,"column":4}},"33":{"start":{"line":134,"column":2},"end":{"line":136,"column":3}},"34":{"start":{"line":135,"column":4},"end":{"line":135,"column":14}},"35":{"start":{"line":138,"column":42},"end":{"line":138,"column":44}},"36":{"start":{"line":141,"column":16},"end":{"line":141,"column":35}},"37":{"start":{"line":144,"column":31},"end":{"line":144,"column":56}},"38":{"start":{"line":147,"column":26},"end":{"line":147,"column":27}},"39":{"start":{"line":148,"column":32},"end":{"line":148,"column":34}},"40":{"start":{"line":150,"column":2},"end":{"line":156,"column":3}},"41":{"start":{"line":150,"column":15},"end":{"line":150,"column":16}},"42":{"start":{"line":151,"column":4},"end":{"line":151,"column":40}},"43":{"start":{"line":152,"column":17},"end":{"line":152,"column":25}},"44":{"start":{"line":153,"column":4},"end":{"line":155,"column":5}},"45":{"start":{"line":154,"column":6},"end":{"line":154,"column":43}},"46":{"start":{"line":159,"column":2},"end":{"line":195,"column":3}},"47":{"start":{"line":159,"column":23},"end":{"line":159,"column":24}},"48":{"start":{"line":160,"column":17},"end":{"line":160,"column":33}},"49":{"start":{"line":161,"column":4},"end":{"line":161,"column":24}},"50":{"start":{"line":161,"column":15},"end":{"line":161,"column":24}},"51":{"start":{"line":163,"column":27},"end":{"line":163,"column":46}},"52":{"start":{"line":166,"column":4},"end":{"line":194,"column":5}},"53":{"start":{"line":168,"column":25},"end":{"line":168,"column":57}},"54":{"start":{"line":170,"column":6},"end":{"line":193,"column":7}},"55":{"start":{"line":171,"column":27},"end":{"line":171,"column":49}},"56":{"start":{"line":172,"column":8},"end":{"line":192,"column":9}},"57":{"start":{"line":173,"column":34},"end":{"line":173,"column":57}},"58":{"start":{"line":176,"column":31},"end":{"line":176,"column":59}},"59":{"start":{"line":177,"column":29},"end":{"line":177,"column":87}},"60":{"start":{"line":178,"column":26},"end":{"line":178,"column":66}},"61":{"start":{"line":181,"column":31},"end":{"line":181,"column":57}},"62":{"start":{"line":182,"column":29},"end":{"line":182,"column":66}},"63":{"start":{"line":183,"column":26},"end":{"line":183,"column":74}},"64":{"start":{"line":185,"column":10},"end":{"line":191,"column":13}},"65":{"start":{"line":197,"column":2},"end":{"line":197,"column":21}},"66":{"start":{"line":206,"column":2},"end":{"line":212,"column":12}},"67":{"start":{"line":222,"column":29},"end":{"line":222,"column":56}},"68":{"start":{"line":223,"column":27},"end":{"line":223,"column":52}},"69":{"start":{"line":225,"column":16},"end":{"line":225,"column":60}},"70":{"start":{"line":226,"column":2},"end":{"line":228,"column":3}},"71":{"start":{"line":227,"column":4},"end":{"line":227,"column":14}},"72":{"start":{"line":231,"column":22},"end":{"line":231,"column":23}},"73":{"start":{"line":232,"column":24},"end":{"line":232,"column":25}},"74":{"start":{"line":234,"column":2},"end":{"line":244,"column":3}},"75":{"start":{"line":235,"column":17},"end":{"line":235,"column":44}},"76":{"start":{"line":236,"column":4},"end":{"line":242,"column":5}},"77":{"start":{"line":237,"column":29},"end":{"line":237,"column":48}},"78":{"start":{"line":239,"column":6},"end":{"line":241,"column":7}},"79":{"start":{"line":240,"column":8},"end":{"line":240,"column":49}},"80":{"start":{"line":243,"column":4},"end":{"line":243,"column":20}},"81":{"start":{"line":246,"column":2},"end":{"line":246,"column":23}}},"fnMap":{"0":{"name":"extractTextFromPdf","decl":{"start":{"line":15,"column":22},"end":{"line":15,"column":40}},"loc":{"start":{"line":15,"column":58},"end":{"line":37,"column":1}}},"1":{"name":"extractTextFromDocx","decl":{"start":{"line":44,"column":22},"end":{"line":44,"column":41}},"loc":{"start":{"line":44,"column":59},"end":{"line":66,"column":1}}},"2":{"name":"summarizeText","decl":{"start":{"line":75,"column":16},"end":{"line":75,"column":29}},"loc":{"start":{"line":75,"column":88},"end":{"line":114,"column":1}}},"3":{"name":"findPersonOccurrences","decl":{"start":{"line":133,"column":16},"end":{"line":133,"column":37}},"loc":{"start":{"line":133,"column":70},"end":{"line":198,"column":1}}},"4":{"name":"normalizeText","decl":{"start":{"line":205,"column":9},"end":{"line":205,"column":22}},"loc":{"start":{"line":205,"column":35},"end":{"line":213,"column":1}}},"5":{"name":"findFuzzyMatch","decl":{"start":{"line":221,"column":9},"end":{"line":221,"column":23}},"loc":{"start":{"line":221,"column":64},"end":{"line":247,"column":1}}}},"branchMap":{"0":{"loc":{"start":{"line":24,"column":24},"end":{"line":24,"column":41}},"type":"binary-expr","locations":[{"start":{"line":24,"column":24},"end":{"line":24,"column":35}},{"start":{"line":24,"column":39},"end":{"line":24,"column":41}}]},"1":{"loc":{"start":{"line":29,"column":4},"end":{"line":31,"column":5}},"type":"if","locations":[{"start":{"line":29,"column":4},"end":{"line":31,"column":5}}]},"2":{"loc":{"start":{"line":29,"column":8},"end":{"line":29,"column":51}},"type":"binary-expr","locations":[{"start":{"line":29,"column":8},"end":{"line":29,"column":22}},{"start":{"line":29,"column":26},"end":{"line":29,"column":51}}]},"3":{"loc":{"start":{"line":53,"column":24},"end":{"line":53,"column":42}},"type":"binary-expr","locations":[{"start":{"line":53,"column":24},"end":{"line":53,"column":36}},{"start":{"line":53,"column":40},"end":{"line":53,"column":42}}]},"4":{"loc":{"start":{"line":58,"column":4},"end":{"line":60,"column":5}},"type":"if","locations":[{"start":{"line":58,"column":4},"end":{"line":60,"column":5}}]},"5":{"loc":{"start":{"line":58,"column":8},"end":{"line":58,"column":51}},"type":"binary-expr","locations":[{"start":{"line":58,"column":8},"end":{"line":58,"column":22}},{"start":{"line":58,"column":26},"end":{"line":58,"column":51}}]},"6":{"loc":{"start":{"line":75,"column":44},"end":{"line":75,"column":68}},"type":"default-arg","locations":[{"start":{"line":75,"column":64},"end":{"line":75,"column":68}}]},"7":{"loc":{"start":{"line":75,"column":70},"end":{"line":75,"column":88}},"type":"default-arg","locations":[{"start":{"line":75,"column":87},"end":{"line":75,"column":88}}]},"8":{"loc":{"start":{"line":86,"column":2},"end":{"line":95,"column":3}},"type":"if","locations":[{"start":{"line":86,"column":2},"end":{"line":95,"column":3}}]},"9":{"loc":{"start":{"line":103,"column":21},"end":{"line":103,"column":53}},"type":"cond-expr","locations":[{"start":{"line":103,"column":35},"end":{"line":103,"column":46}},{"start":{"line":103,"column":49},"end":{"line":103,"column":53}}]},"10":{"loc":{"start":{"line":107,"column":27},"end":{"line":107,"column":82}},"type":"cond-expr","locations":[{"start":{"line":107,"column":41},"end":{"line":107,"column":77}},{"start":{"line":107,"column":80},"end":{"line":107,"column":82}}]},"11":{"loc":{"start":{"line":134,"column":2},"end":{"line":136,"column":3}},"type":"if","locations":[{"start":{"line":134,"column":2},"end":{"line":136,"column":3}}]},"12":{"loc":{"start":{"line":134,"column":6},"end":{"line":134,"column":26}},"type":"binary-expr","locations":[{"start":{"line":134,"column":6},"end":{"line":134,"column":11}},{"start":{"line":134,"column":15},"end":{"line":134,"column":26}}]},"13":{"loc":{"start":{"line":153,"column":4},"end":{"line":155,"column":5}},"type":"if","locations":[{"start":{"line":153,"column":4},"end":{"line":155,"column":5}}]},"14":{"loc":{"start":{"line":161,"column":4},"end":{"line":161,"column":24}},"type":"if","locations":[{"start":{"line":161,"column":4},"end":{"line":161,"column":24}}]},"15":{"loc":{"start":{"line":166,"column":4},"end":{"line":194,"column":5}},"type":"if","locations":[{"start":{"line":166,"column":4},"end":{"line":194,"column":5}}]},"16":{"loc":{"start":{"line":170,"column":6},"end":{"line":193,"column":7}},"type":"if","locations":[{"start":{"line":170,"column":6},"end":{"line":193,"column":7}}]},"17":{"loc":{"start":{"line":172,"column":8},"end":{"line":192,"column":9}},"type":"if","locations":[{"start":{"line":172,"column":8},"end":{"line":192,"column":9}}]},"18":{"loc":{"start":{"line":226,"column":2},"end":{"line":228,"column":3}},"type":"if","locations":[{"start":{"line":226,"column":2},"end":{"line":228,"column":3}}]},"19":{"loc":{"start":{"line":234,"column":9},"end":{"line":234,"column":71}},"type":"binary-expr","locations":[{"start":{"line":234,"column":9},"end":{"line":234,"column":32}},{"start":{"line":234,"column":36},"end":{"line":234,"column":71}}]},"20":{"loc":{"start":{"line":236,"column":4},"end":{"line":242,"column":5}},"type":"if","locations":[{"start":{"line":236,"column":4},"end":{"line":242,"column":5}}]},"21":{"loc":{"start":{"line":239,"column":6},"end":{"line":241,"column":7}},"type":"if","locations":[{"start":{"line":239,"column":6},"end":{"line":241,"column":7}}]}},"s":{"0":1,"1":1,"2":1,"3":1,"4":1,"5":1,"6":0,"7":0,"8":0,"9":0,"10":0,"11":0,"12":0,"13":0,"14":0,"15":0,"16":0,"17":0,"18":0,"19":0,"20":0,"21":0,"22":0,"23":0,"24":0,"25":0,"26":0,"27":0,"28":0,"29":0,"30":0,"31":0,"32":0,"33":11,"34":2,"35":9,"36":9,"37":9,"38":9,"39":9,"40":9,"41":9,"42":30,"43":30,"44":30,"45":30,"46":9,"47":9,"48":30,"49":30,"50":0,"51":30,"52":30,"53":13,"54":13,"55":13,"56":13,"57":13,"58":13,"59":13,"60":13,"61":13,"62":13,"63":13,"64":13,"65":9,"66":257,"67":13,"68":13,"69":13,"70":13,"71":0,"72":13,"73":13,"74":13,"75":192,"76":192,"77":192,"78":192,"79":144,"80":192,"81":13},"f":{"0":0,"1":0,"2":0,"3":11,"4":257,"5":13},"b":{"0":[0,0],"1":[0],"2":[0,0],"3":[0,0],"4":[0],"5":[0,0],"6":[0],"7":[0],"8":[0],"9":[0,0],"10":[0,0],"11":[2],"12":[11,10],"13":[30],"14":[0],"15":[13],"16":[13],"17":[13],"18":[0],"19":[205,192],"20":[192],"21":[144]}}
,"/Users/happyhawking/Documents/Projects/Current/Claude/servers/opentk-mcp/src/utils/html-parser.ts": {"path":"/Users/happyhawking/Documents/Projects/Current/Claude/servers/opentk-mcp/src/utils/html-parser.ts","statementMap":{"0":{"start":{"line":97,"column":21},"end":{"line":100,"column":1}},"1":{"start":{"line":98,"column":16},"end":{"line":98,"column":33}},"2":{"start":{"line":99,"column":2},"end":{"line":99,"column":60}},"3":{"start":{"line":104,"column":2},"end":{"line":106,"column":3}},"4":{"start":{"line":105,"column":4},"end":{"line":105,"column":23}},"5":{"start":{"line":108,"column":16},"end":{"line":108,"column":85}},"6":{"start":{"line":109,"column":2},"end":{"line":115,"column":3}},"7":{"start":{"line":111,"column":17},"end":{"line":111,"column":25}},"8":{"start":{"line":112,"column":4},"end":{"line":114,"column":5}},"9":{"start":{"line":113,"column":6},"end":{"line":113,"column":18}},"10":{"start":{"line":116,"column":2},"end":{"line":116,"column":14}},"11":{"start":{"line":120,"column":2},"end":{"line":122,"column":3}},"12":{"start":{"line":121,"column":4},"end":{"line":121,"column":16}},"13":{"start":{"line":124,"column":35},"end":{"line":134,"column":4}},"14":{"start":{"line":137,"column":2},"end":{"line":137,"column":73}},"15":{"start":{"line":138,"column":2},"end":{"line":138,"column":87}},"16":{"start":{"line":141,"column":24},"end":{"line":141,"column":127}},"17":{"start":{"line":142,"column":2},"end":{"line":147,"column":3}},"18":{"start":{"line":143,"column":4},"end":{"line":143,"column":54}},"19":{"start":{"line":144,"column":4},"end":{"line":144,"column":53}},"20":{"start":{"line":145,"column":4},"end":{"line":145,"column":58}},"21":{"start":{"line":146,"column":4},"end":{"line":146,"column":78}},"22":{"start":{"line":150,"column":26},"end":{"line":150,"column":99}},"23":{"start":{"line":151,"column":2},"end":{"line":164,"column":3}},"24":{"start":{"line":153,"column":20},"end":{"line":153,"column":38}},"25":{"start":{"line":156,"column":4},"end":{"line":163,"column":5}},"26":{"start":{"line":157,"column":6},"end":{"line":157,"column":54}},"27":{"start":{"line":158,"column":11},"end":{"line":163,"column":5}},"28":{"start":{"line":159,"column":6},"end":{"line":159,"column":61}},"29":{"start":{"line":162,"column":6},"end":{"line":162,"column":61}},"30":{"start":{"line":165,"column":2},"end":{"line":165,"column":148}},"31":{"start":{"line":168,"column":23},"end":{"line":168,"column":127}},"32":{"start":{"line":169,"column":2},"end":{"line":175,"column":3}},"33":{"start":{"line":170,"column":4},"end":{"line":174,"column":6}},"34":{"start":{"line":177,"column":2},"end":{"line":177,"column":17}},"35":{"start":{"line":187,"column":2},"end":{"line":189,"column":3}},"36":{"start":{"line":188,"column":4},"end":{"line":188,"column":14}},"37":{"start":{"line":191,"column":34},"end":{"line":191,"column":36}},"38":{"start":{"line":194,"column":21},"end":{"line":194,"column":70}},"39":{"start":{"line":195,"column":21},"end":{"line":195,"column":43}},"40":{"start":{"line":197,"column":2},"end":{"line":199,"column":3}},"41":{"start":{"line":198,"column":4},"end":{"line":198,"column":14}},"42":{"start":{"line":201,"column":23},"end":{"line":201,"column":36}},"43":{"start":{"line":204,"column":19},"end":{"line":204,"column":48}},"44":{"start":{"line":207,"column":2},"end":{"line":227,"column":3}},"45":{"start":{"line":208,"column":4},"end":{"line":208,"column":31}},"46":{"start":{"line":208,"column":22},"end":{"line":208,"column":31}},"47":{"start":{"line":210,"column":23},"end":{"line":210,"column":34}},"48":{"start":{"line":213,"column":22},"end":{"line":213,"column":77}},"49":{"start":{"line":214,"column":22},"end":{"line":214,"column":49}},"50":{"start":{"line":216,"column":4},"end":{"line":226,"column":5}},"51":{"start":{"line":217,"column":17},"end":{"line":217,"column":29}},"52":{"start":{"line":218,"column":19},"end":{"line":218,"column":38}},"53":{"start":{"line":219,"column":18},"end":{"line":219,"column":53}},"54":{"start":{"line":221,"column":6},"end":{"line":225,"column":9}},"55":{"start":{"line":229,"column":2},"end":{"line":229,"column":20}},"56":{"start":{"line":239,"column":2},"end":{"line":241,"column":3}},"57":{"start":{"line":240,"column":4},"end":{"line":240,"column":16}},"58":{"start":{"line":244,"column":13},"end":{"line":244,"column":15}},"59":{"start":{"line":247,"column":18},"end":{"line":247,"column":38}},"60":{"start":{"line":248,"column":18},"end":{"line":248,"column":37}},"61":{"start":{"line":249,"column":2},"end":{"line":251,"column":3}},"62":{"start":{"line":250,"column":4},"end":{"line":250,"column":29}},"63":{"start":{"line":254,"column":2},"end":{"line":260,"column":3}},"64":{"start":{"line":255,"column":23},"end":{"line":255,"column":49}},"65":{"start":{"line":256,"column":23},"end":{"line":256,"column":45}},"66":{"start":{"line":257,"column":4},"end":{"line":259,"column":5}},"67":{"start":{"line":258,"column":6},"end":{"line":258,"column":34}},"68":{"start":{"line":262,"column":2},"end":{"line":264,"column":3}},"69":{"start":{"line":263,"column":4},"end":{"line":263,"column":16}},"70":{"start":{"line":266,"column":36},"end":{"line":272,"column":4}},"71":{"start":{"line":275,"column":27},"end":{"line":275,"column":65}},"72":{"start":{"line":276,"column":27},"end":{"line":276,"column":55}},"73":{"start":{"line":277,"column":2},"end":{"line":277,"column":62}},"74":{"start":{"line":280,"column":28},"end":{"line":280,"column":109}},"75":{"start":{"line":281,"column":28},"end":{"line":281,"column":57}},"76":{"start":{"line":283,"column":2},"end":{"line":332,"column":3}},"77":{"start":{"line":284,"column":32},"end":{"line":284,"column":52}},"78":{"start":{"line":285,"column":21},"end":{"line":285,"column":50}},"79":{"start":{"line":288,"column":4},"end":{"line":331,"column":5}},"80":{"start":{"line":289,"column":6},"end":{"line":289,"column":33}},"81":{"start":{"line":289,"column":24},"end":{"line":289,"column":33}},"82":{"start":{"line":291,"column":25},"end":{"line":291,"column":36}},"83":{"start":{"line":294,"column":24},"end":{"line":294,"column":53}},"84":{"start":{"line":295,"column":30},"end":{"line":295,"column":32}},"85":{"start":{"line":298,"column":6},"end":{"line":302,"column":7}},"86":{"start":{"line":299,"column":8},"end":{"line":301,"column":9}},"87":{"start":{"line":300,"column":10},"end":{"line":300,"column":42}},"88":{"start":{"line":304,"column":6},"end":{"line":304,"column":37}},"89":{"start":{"line":304,"column":28},"end":{"line":304,"column":37}},"90":{"start":{"line":307,"column":19},"end":{"line":307,"column":74}},"91":{"start":{"line":310,"column":23},"end":{"line":310,"column":37}},"92":{"start":{"line":311,"column":24},"end":{"line":311,"column":94}},"93":{"start":{"line":313,"column":6},"end":{"line":313,"column":65}},"94":{"start":{"line":313,"column":56},"end":{"line":313,"column":65}},"95":{"start":{"line":315,"column":17},"end":{"line":315,"column":29}},"96":{"start":{"line":316,"column":19},"end":{"line":316,"column":38}},"97":{"start":{"line":319,"column":18},"end":{"line":319,"column":20}},"98":{"start":{"line":320,"column":25},"end":{"line":320,"column":70}},"99":{"start":{"line":321,"column":6},"end":{"line":323,"column":7}},"100":{"start":{"line":322,"column":8},"end":{"line":322,"column":37}},"101":{"start":{"line":325,"column":6},"end":{"line":330,"column":9}},"102":{"start":{"line":335,"column":22},"end":{"line":335,"column":104}},"103":{"start":{"line":337,"column":19},"end":{"line":337,"column":20}},"104":{"start":{"line":338,"column":31},"end":{"line":338,"column":33}},"105":{"start":{"line":341,"column":2},"end":{"line":347,"column":3}},"106":{"start":{"line":342,"column":4},"end":{"line":342,"column":17}},"107":{"start":{"line":343,"column":4},"end":{"line":346,"column":5}},"108":{"start":{"line":344,"column":6},"end":{"line":344,"column":45}},"109":{"start":{"line":345,"column":6},"end":{"line":345,"column":12}},"110":{"start":{"line":349,"column":2},"end":{"line":390,"column":3}},"111":{"start":{"line":350,"column":21},"end":{"line":350,"column":50}},"112":{"start":{"line":353,"column":4},"end":{"line":389,"column":5}},"113":{"start":{"line":354,"column":6},"end":{"line":354,"column":33}},"114":{"start":{"line":354,"column":24},"end":{"line":354,"column":33}},"115":{"start":{"line":356,"column":25},"end":{"line":356,"column":36}},"116":{"start":{"line":359,"column":24},"end":{"line":359,"column":53}},"117":{"start":{"line":360,"column":30},"end":{"line":360,"column":32}},"118":{"start":{"line":363,"column":6},"end":{"line":367,"column":7}},"119":{"start":{"line":364,"column":8},"end":{"line":366,"column":9}},"120":{"start":{"line":365,"column":10},"end":{"line":365,"column":42}},"121":{"start":{"line":369,"column":6},"end":{"line":369,"column":37}},"122":{"start":{"line":369,"column":28},"end":{"line":369,"column":37}},"123":{"start":{"line":372,"column":19},"end":{"line":372,"column":74}},"124":{"start":{"line":373,"column":6},"end":{"line":373,"column":26}},"125":{"start":{"line":373,"column":17},"end":{"line":373,"column":26}},"126":{"start":{"line":376,"column":24},"end":{"line":376,"column":38}},"127":{"start":{"line":377,"column":25},"end":{"line":377,"column":101}},"128":{"start":{"line":379,"column":6},"end":{"line":379,"column":68}},"129":{"start":{"line":379,"column":59},"end":{"line":379,"column":68}},"130":{"start":{"line":381,"column":18},"end":{"line":381,"column":54}},"131":{"start":{"line":382,"column":20},"end":{"line":382,"column":40}},"132":{"start":{"line":384,"column":6},"end":{"line":388,"column":9}},"133":{"start":{"line":392,"column":2},"end":{"line":392,"column":17}},"134":{"start":{"line":402,"column":2},"end":{"line":404,"column":3}},"135":{"start":{"line":403,"column":4},"end":{"line":403,"column":14}},"136":{"start":{"line":406,"column":33},"end":{"line":406,"column":35}},"137":{"start":{"line":409,"column":21},"end":{"line":409,"column":70}},"138":{"start":{"line":410,"column":21},"end":{"line":410,"column":43}},"139":{"start":{"line":412,"column":2},"end":{"line":414,"column":3}},"140":{"start":{"line":413,"column":4},"end":{"line":413,"column":14}},"141":{"start":{"line":416,"column":23},"end":{"line":416,"column":36}},"142":{"start":{"line":419,"column":19},"end":{"line":419,"column":48}},"143":{"start":{"line":422,"column":2},"end":{"line":494,"column":3}},"144":{"start":{"line":423,"column":4},"end":{"line":423,"column":31}},"145":{"start":{"line":423,"column":22},"end":{"line":423,"column":31}},"146":{"start":{"line":425,"column":23},"end":{"line":425,"column":34}},"147":{"start":{"line":428,"column":22},"end":{"line":428,"column":51}},"148":{"start":{"line":429,"column":28},"end":{"line":429,"column":30}},"149":{"start":{"line":432,"column":4},"end":{"line":436,"column":5}},"150":{"start":{"line":433,"column":6},"end":{"line":435,"column":7}},"151":{"start":{"line":434,"column":8},"end":{"line":434,"column":40}},"152":{"start":{"line":438,"column":4},"end":{"line":438,"column":35}},"153":{"start":{"line":438,"column":26},"end":{"line":438,"column":35}},"154":{"start":{"line":441,"column":4},"end":{"line":441,"column":28}},"155":{"start":{"line":441,"column":19},"end":{"line":441,"column":28}},"156":{"start":{"line":442,"column":21},"end":{"line":442,"column":29}},"157":{"start":{"line":443,"column":22},"end":{"line":443,"column":80}},"158":{"start":{"line":445,"column":4},"end":{"line":445,"column":46}},"159":{"start":{"line":445,"column":37},"end":{"line":445,"column":46}},"160":{"start":{"line":447,"column":17},"end":{"line":447,"column":29}},"161":{"start":{"line":448,"column":17},"end":{"line":448,"column":42}},"162":{"start":{"line":451,"column":39},"end":{"line":451,"column":48}},"163":{"start":{"line":452,"column":4},"end":{"line":454,"column":5}},"164":{"start":{"line":453,"column":6},"end":{"line":453,"column":70}},"165":{"start":{"line":457,"column":40},"end":{"line":457,"column":49}},"166":{"start":{"line":458,"column":4},"end":{"line":465,"column":5}},"167":{"start":{"line":459,"column":6},"end":{"line":459,"column":71}},"168":{"start":{"line":461,"column":24},"end":{"line":461,"column":65}},"169":{"start":{"line":462,"column":6},"end":{"line":464,"column":7}},"170":{"start":{"line":463,"column":8},"end":{"line":463,"column":40}},"171":{"start":{"line":468,"column":4},"end":{"line":468,"column":49}},"172":{"start":{"line":468,"column":40},"end":{"line":468,"column":49}},"173":{"start":{"line":469,"column":22},"end":{"line":469,"column":30}},"174":{"start":{"line":470,"column":23},"end":{"line":470,"column":99}},"175":{"start":{"line":472,"column":4},"end":{"line":472,"column":84}},"176":{"start":{"line":472,"column":75},"end":{"line":472,"column":84}},"177":{"start":{"line":474,"column":15},"end":{"line":474,"column":28}},"178":{"start":{"line":475,"column":16},"end":{"line":475,"column":52}},"179":{"start":{"line":476,"column":18},"end":{"line":476,"column":38}},"180":{"start":{"line":479,"column":35},"end":{"line":479,"column":44}},"181":{"start":{"line":480,"column":4},"end":{"line":482,"column":5}},"182":{"start":{"line":481,"column":6},"end":{"line":481,"column":66}},"183":{"start":{"line":484,"column":4},"end":{"line":493,"column":7}},"184":{"start":{"line":496,"column":2},"end":{"line":496,"column":20}},"185":{"start":{"line":506,"column":2},"end":{"line":508,"column":3}},"186":{"start":{"line":507,"column":4},"end":{"line":507,"column":14}},"187":{"start":{"line":510,"column":40},"end":{"line":510,"column":42}},"188":{"start":{"line":513,"column":21},"end":{"line":513,"column":51}},"189":{"start":{"line":516,"column":2},"end":{"line":634,"column":3}},"190":{"start":{"line":517,"column":4},"end":{"line":517,"column":33}},"191":{"start":{"line":517,"column":24},"end":{"line":517,"column":33}},"192":{"start":{"line":519,"column":25},"end":{"line":519,"column":38}},"193":{"start":{"line":522,"column":27},"end":{"line":522,"column":29}},"194":{"start":{"line":523,"column":21},"end":{"line":523,"column":50}},"195":{"start":{"line":526,"column":4},"end":{"line":530,"column":5}},"196":{"start":{"line":527,"column":6},"end":{"line":529,"column":7}},"197":{"start":{"line":528,"column":8},"end":{"line":528,"column":31}},"198":{"start":{"line":533,"column":4},"end":{"line":533,"column":34}},"199":{"start":{"line":533,"column":25},"end":{"line":533,"column":34}},"200":{"start":{"line":536,"column":27},"end":{"line":536,"column":34}},"201":{"start":{"line":539,"column":22},"end":{"line":539,"column":51}},"202":{"start":{"line":540,"column":28},"end":{"line":540,"column":30}},"203":{"start":{"line":543,"column":4},"end":{"line":547,"column":5}},"204":{"start":{"line":544,"column":6},"end":{"line":546,"column":7}},"205":{"start":{"line":545,"column":8},"end":{"line":545,"column":40}},"206":{"start":{"line":550,"column":4},"end":{"line":550,"column":35}},"207":{"start":{"line":550,"column":26},"end":{"line":550,"column":35}},"208":{"start":{"line":553,"column":21},"end":{"line":553,"column":35}},"209":{"start":{"line":554,"column":17},"end":{"line":554,"column":56}},"210":{"start":{"line":557,"column":22},"end":{"line":557,"column":36}},"211":{"start":{"line":558,"column":23},"end":{"line":558,"column":93}},"212":{"start":{"line":560,"column":4},"end":{"line":560,"column":84}},"213":{"start":{"line":560,"column":75},"end":{"line":560,"column":84}},"214":{"start":{"line":562,"column":15},"end":{"line":562,"column":28}},"215":{"start":{"line":563,"column":16},"end":{"line":563,"column":52}},"216":{"start":{"line":564,"column":18},"end":{"line":564,"column":38}},"217":{"start":{"line":567,"column":22},"end":{"line":567,"column":79}},"218":{"start":{"line":570,"column":23},"end":{"line":570,"column":37}},"219":{"start":{"line":571,"column":19},"end":{"line":571,"column":60}},"220":{"start":{"line":574,"column":21},"end":{"line":574,"column":89}},"221":{"start":{"line":575,"column":25},"end":{"line":575,"column":93}},"222":{"start":{"line":578,"column":30},"end":{"line":578,"column":37}},"223":{"start":{"line":581,"column":35},"end":{"line":581,"column":37}},"224":{"start":{"line":583,"column":29},"end":{"line":583,"column":58}},"225":{"start":{"line":585,"column":4},"end":{"line":589,"column":5}},"226":{"start":{"line":586,"column":6},"end":{"line":588,"column":7}},"227":{"start":{"line":587,"column":8},"end":{"line":587,"column":54}},"228":{"start":{"line":592,"column":31},"end":{"line":592,"column":33}},"229":{"start":{"line":593,"column":35},"end":{"line":593,"column":37}},"230":{"start":{"line":596,"column":27},"end":{"line":596,"column":89}},"231":{"start":{"line":596,"column":53},"end":{"line":596,"column":82}},"232":{"start":{"line":597,"column":4},"end":{"line":605,"column":5}},"233":{"start":{"line":599,"column":30},"end":{"line":599,"column":88}},"234":{"start":{"line":600,"column":6},"end":{"line":604,"column":7}},"235":{"start":{"line":601,"column":31},"end":{"line":601,"column":56}},"236":{"start":{"line":603,"column":8},"end":{"line":603,"column":81}},"237":{"start":{"line":603,"column":56},"end":{"line":603,"column":64}},"238":{"start":{"line":603,"column":78},"end":{"line":603,"column":79}},"239":{"start":{"line":608,"column":31},"end":{"line":608,"column":94}},"240":{"start":{"line":608,"column":57},"end":{"line":608,"column":87}},"241":{"start":{"line":609,"column":4},"end":{"line":617,"column":5}},"242":{"start":{"line":611,"column":34},"end":{"line":611,"column":97}},"243":{"start":{"line":612,"column":6},"end":{"line":616,"column":7}},"244":{"start":{"line":613,"column":35},"end":{"line":613,"column":64}},"245":{"start":{"line":615,"column":8},"end":{"line":615,"column":89}},"246":{"start":{"line":615,"column":64},"end":{"line":615,"column":72}},"247":{"start":{"line":615,"column":86},"end":{"line":615,"column":87}},"248":{"start":{"line":620,"column":4},"end":{"line":633,"column":7}},"249":{"start":{"line":636,"column":2},"end":{"line":636,"column":23}},"250":{"start":{"line":647,"column":2},"end":{"line":658,"column":3}},"251":{"start":{"line":648,"column":4},"end":{"line":657,"column":6}},"252":{"start":{"line":660,"column":44},"end":{"line":660,"column":46}},"253":{"start":{"line":661,"column":38},"end":{"line":661,"column":40}},"254":{"start":{"line":662,"column":20},"end":{"line":662,"column":44}},"255":{"start":{"line":665,"column":21},"end":{"line":665,"column":70}},"256":{"start":{"line":666,"column":21},"end":{"line":666,"column":43}},"257":{"start":{"line":668,"column":2},"end":{"line":747,"column":3}},"258":{"start":{"line":669,"column":25},"end":{"line":669,"column":38}},"259":{"start":{"line":672,"column":21},"end":{"line":672,"column":50}},"260":{"start":{"line":675,"column":4},"end":{"line":746,"column":5}},"261":{"start":{"line":676,"column":6},"end":{"line":676,"column":33}},"262":{"start":{"line":676,"column":24},"end":{"line":676,"column":33}},"263":{"start":{"line":678,"column":25},"end":{"line":678,"column":36}},"264":{"start":{"line":681,"column":24},"end":{"line":681,"column":53}},"265":{"start":{"line":682,"column":30},"end":{"line":682,"column":32}},"266":{"start":{"line":685,"column":6},"end":{"line":689,"column":7}},"267":{"start":{"line":686,"column":8},"end":{"line":688,"column":9}},"268":{"start":{"line":687,"column":10},"end":{"line":687,"column":42}},"269":{"start":{"line":692,"column":6},"end":{"line":692,"column":37}},"270":{"start":{"line":692,"column":28},"end":{"line":692,"column":37}},"271":{"start":{"line":695,"column":19},"end":{"line":695,"column":74}},"272":{"start":{"line":696,"column":6},"end":{"line":696,"column":26}},"273":{"start":{"line":696,"column":17},"end":{"line":696,"column":26}},"274":{"start":{"line":699,"column":22},"end":{"line":699,"column":77}},"275":{"start":{"line":702,"column":24},"end":{"line":702,"column":86}},"276":{"start":{"line":705,"column":22},"end":{"line":705,"column":84}},"277":{"start":{"line":708,"column":24},"end":{"line":708,"column":38}},"278":{"start":{"line":711,"column":27},"end":{"line":711,"column":103}},"279":{"start":{"line":712,"column":15},"end":{"line":712,"column":17}},"280":{"start":{"line":713,"column":18},"end":{"line":713,"column":20}},"281":{"start":{"line":714,"column":16},"end":{"line":714,"column":18}},"282":{"start":{"line":716,"column":6},"end":{"line":726,"column":7}},"283":{"start":{"line":717,"column":8},"end":{"line":717,"column":29}},"284":{"start":{"line":718,"column":8},"end":{"line":718,"column":39}},"285":{"start":{"line":719,"column":8},"end":{"line":719,"column":66}},"286":{"start":{"line":722,"column":8},"end":{"line":722,"column":57}},"287":{"start":{"line":724,"column":8},"end":{"line":724,"column":73}},"288":{"start":{"line":725,"column":8},"end":{"line":725,"column":22}},"289":{"start":{"line":729,"column":24},"end":{"line":729,"column":69}},"290":{"start":{"line":730,"column":19},"end":{"line":730,"column":78}},"291":{"start":{"line":733,"column":6},"end":{"line":742,"column":9}},"292":{"start":{"line":745,"column":6},"end":{"line":745,"column":46}},"293":{"start":{"line":745,"column":40},"end":{"line":745,"column":46}},"294":{"start":{"line":750,"column":24},"end":{"line":750,"column":71}},"295":{"start":{"line":751,"column":24},"end":{"line":751,"column":49}},"296":{"start":{"line":753,"column":2},"end":{"line":783,"column":3}},"297":{"start":{"line":754,"column":28},"end":{"line":754,"column":44}},"298":{"start":{"line":755,"column":30},"end":{"line":755,"column":89}},"299":{"start":{"line":758,"column":4},"end":{"line":782,"column":5}},"300":{"start":{"line":759,"column":6},"end":{"line":781,"column":7}},"301":{"start":{"line":760,"column":19},"end":{"line":760,"column":39}},"302":{"start":{"line":761,"column":30},"end":{"line":761,"column":57}},"303":{"start":{"line":764,"column":31},"end":{"line":764,"column":75}},"304":{"start":{"line":765,"column":19},"end":{"line":765,"column":32}},"305":{"start":{"line":766,"column":20},"end":{"line":766,"column":29}},"306":{"start":{"line":768,"column":8},"end":{"line":771,"column":9}},"307":{"start":{"line":769,"column":10},"end":{"line":769,"column":42}},"308":{"start":{"line":770,"column":10},"end":{"line":770,"column":43}},"309":{"start":{"line":773,"column":20},"end":{"line":773,"column":70}},"310":{"start":{"line":775,"column":8},"end":{"line":780,"column":11}},"311":{"start":{"line":789,"column":27},"end":{"line":789,"column":29}},"312":{"start":{"line":790,"column":21},"end":{"line":790,"column":50}},"313":{"start":{"line":791,"column":19},"end":{"line":791,"column":48}},"314":{"start":{"line":794,"column":29},"end":{"line":794,"column":72}},"315":{"start":{"line":797,"column":27},"end":{"line":797,"column":60}},"316":{"start":{"line":799,"column":2},"end":{"line":808,"column":4}}},"fnMap":{"0":{"name":"(anonymous_0)","decl":{"start":{"line":97,"column":21},"end":{"line":97,"column":22}},"loc":{"start":{"line":97,"column":87},"end":{"line":100,"column":1}}},"1":{"name":"extractDocumentLink","decl":{"start":{"line":102,"column":16},"end":{"line":102,"column":35}},"loc":{"start":{"line":102,"column":48},"end":{"line":117,"column":1}}},"2":{"name":"extractDocumentDetailsFromHtml","decl":{"start":{"line":119,"column":16},"end":{"line":119,"column":46}},"loc":{"start":{"line":119,"column":76},"end":{"line":178,"column":1}}},"3":{"name":"extractCommitteesFromHtml","decl":{"start":{"line":186,"column":16},"end":{"line":186,"column":41}},"loc":{"start":{"line":186,"column":71},"end":{"line":230,"column":1}}},"4":{"name":"extractCommitteeDetailsFromHtml","decl":{"start":{"line":238,"column":16},"end":{"line":238,"column":47}},"loc":{"start":{"line":238,"column":98},"end":{"line":393,"column":1}}},"5":{"name":"extractActivitiesFromHtml","decl":{"start":{"line":401,"column":16},"end":{"line":401,"column":41}},"loc":{"start":{"line":401,"column":71},"end":{"line":497,"column":1}}},"6":{"name":"extractVotingResultsFromHtml","decl":{"start":{"line":505,"column":16},"end":{"line":505,"column":44}},"loc":{"start":{"line":505,"column":74},"end":{"line":637,"column":1}}},"7":{"name":"(anonymous_7)","decl":{"start":{"line":596,"column":45},"end":{"line":596,"column":49}},"loc":{"start":{"line":596,"column":53},"end":{"line":596,"column":82}}},"8":{"name":"(anonymous_8)","decl":{"start":{"line":603,"column":51},"end":{"line":603,"column":52}},"loc":{"start":{"line":603,"column":56},"end":{"line":603,"column":64}}},"9":{"name":"(anonymous_9)","decl":{"start":{"line":603,"column":73},"end":{"line":603,"column":74}},"loc":{"start":{"line":603,"column":78},"end":{"line":603,"column":79}}},"10":{"name":"(anonymous_10)","decl":{"start":{"line":608,"column":49},"end":{"line":608,"column":53}},"loc":{"start":{"line":608,"column":57},"end":{"line":608,"column":87}}},"11":{"name":"(anonymous_11)","decl":{"start":{"line":615,"column":59},"end":{"line":615,"column":60}},"loc":{"start":{"line":615,"column":64},"end":{"line":615,"column":72}}},"12":{"name":"(anonymous_12)","decl":{"start":{"line":615,"column":81},"end":{"line":615,"column":82}},"loc":{"start":{"line":615,"column":86},"end":{"line":615,"column":87}}},"13":{"name":"extractOverviewFromHtml","decl":{"start":{"line":646,"column":16},"end":{"line":646,"column":39}},"loc":{"start":{"line":646,"column":87},"end":{"line":809,"column":1}}}},"branchMap":{"0":{"loc":{"start":{"line":97,"column":51},"end":{"line":97,"column":68}},"type":"default-arg","locations":[{"start":{"line":97,"column":67},"end":{"line":97,"column":68}}]},"1":{"loc":{"start":{"line":99,"column":9},"end":{"line":99,"column":59}},"type":"cond-expr","locations":[{"start":{"line":99,"column":33},"end":{"line":99,"column":52}},{"start":{"line":99,"column":55},"end":{"line":99,"column":59}}]},"2":{"loc":{"start":{"line":99,"column":9},"end":{"line":99,"column":30}},"type":"binary-expr","locations":[{"start":{"line":99,"column":9},"end":{"line":99,"column":14}},{"start":{"line":99,"column":18},"end":{"line":99,"column":30}}]},"3":{"loc":{"start":{"line":104,"column":2},"end":{"line":106,"column":3}},"type":"if","locations":[{"start":{"line":104,"column":2},"end":{"line":106,"column":3}}]},"4":{"loc":{"start":{"line":109,"column":2},"end":{"line":115,"column":3}},"type":"if","locations":[{"start":{"line":109,"column":2},"end":{"line":115,"column":3}}]},"5":{"loc":{"start":{"line":109,"column":6},"end":{"line":109,"column":23}},"type":"binary-expr","locations":[{"start":{"line":109,"column":6},"end":{"line":109,"column":11}},{"start":{"line":109,"column":15},"end":{"line":109,"column":23}}]},"6":{"loc":{"start":{"line":112,"column":4},"end":{"line":114,"column":5}},"type":"if","locations":[{"start":{"line":112,"column":4},"end":{"line":114,"column":5}}]},"7":{"loc":{"start":{"line":120,"column":2},"end":{"line":122,"column":3}},"type":"if","locations":[{"start":{"line":120,"column":2},"end":{"line":122,"column":3}}]},"8":{"loc":{"start":{"line":142,"column":2},"end":{"line":147,"column":3}},"type":"if","locations":[{"start":{"line":142,"column":2},"end":{"line":147,"column":3}}]},"9":{"loc":{"start":{"line":143,"column":21},"end":{"line":143,"column":53}},"type":"binary-expr","locations":[{"start":{"line":143,"column":21},"end":{"line":143,"column":45}},{"start":{"line":143,"column":49},"end":{"line":143,"column":53}}]},"10":{"loc":{"start":{"line":144,"column":20},"end":{"line":144,"column":52}},"type":"binary-expr","locations":[{"start":{"line":144,"column":20},"end":{"line":144,"column":44}},{"start":{"line":144,"column":48},"end":{"line":144,"column":52}}]},"11":{"loc":{"start":{"line":145,"column":25},"end":{"line":145,"column":57}},"type":"binary-expr","locations":[{"start":{"line":145,"column":25},"end":{"line":145,"column":49}},{"start":{"line":145,"column":53},"end":{"line":145,"column":57}}]},"12":{"loc":{"start":{"line":146,"column":21},"end":{"line":146,"column":77}},"type":"cond-expr","locations":[{"start":{"line":146,"column":40},"end":{"line":146,"column":70}},{"start":{"line":146,"column":73},"end":{"line":146,"column":77}}]},"13":{"loc":{"start":{"line":151,"column":2},"end":{"line":164,"column":3}},"type":"if","locations":[{"start":{"line":151,"column":2},"end":{"line":164,"column":3}}]},"14":{"loc":{"start":{"line":151,"column":6},"end":{"line":151,"column":43}},"type":"binary-expr","locations":[{"start":{"line":151,"column":6},"end":{"line":151,"column":21}},{"start":{"line":151,"column":25},"end":{"line":151,"column":43}}]},"15":{"loc":{"start":{"line":156,"column":4},"end":{"line":163,"column":5}},"type":"if","locations":[{"start":{"line":156,"column":4},"end":{"line":163,"column":5}},{"start":{"line":158,"column":11},"end":{"line":163,"column":5}}]},"16":{"loc":{"start":{"line":158,"column":11},"end":{"line":163,"column":5}},"type":"if","locations":[{"start":{"line":158,"column":11},"end":{"line":163,"column":5}},{"start":{"line":160,"column":11},"end":{"line":163,"column":5}}]},"17":{"loc":{"start":{"line":169,"column":2},"end":{"line":175,"column":3}},"type":"if","locations":[{"start":{"line":169,"column":2},"end":{"line":175,"column":3}}]},"18":{"loc":{"start":{"line":169,"column":6},"end":{"line":169,"column":37}},"type":"binary-expr","locations":[{"start":{"line":169,"column":6},"end":{"line":169,"column":18}},{"start":{"line":169,"column":22},"end":{"line":169,"column":37}}]},"19":{"loc":{"start":{"line":171,"column":13},"end":{"line":171,"column":44}},"type":"binary-expr","locations":[{"start":{"line":171,"column":13},"end":{"line":171,"column":36}},{"start":{"line":171,"column":40},"end":{"line":171,"column":44}}]},"20":{"loc":{"start":{"line":172,"column":14},"end":{"line":172,"column":45}},"type":"binary-expr","locations":[{"start":{"line":172,"column":14},"end":{"line":172,"column":37}},{"start":{"line":172,"column":41},"end":{"line":172,"column":45}}]},"21":{"loc":{"start":{"line":187,"column":2},"end":{"line":189,"column":3}},"type":"if","locations":[{"start":{"line":187,"column":2},"end":{"line":189,"column":3}}]},"22":{"loc":{"start":{"line":197,"column":2},"end":{"line":199,"column":3}},"type":"if","locations":[{"start":{"line":197,"column":2},"end":{"line":199,"column":3}}]},"23":{"loc":{"start":{"line":197,"column":6},"end":{"line":197,"column":35}},"type":"binary-expr","locations":[{"start":{"line":197,"column":6},"end":{"line":197,"column":17}},{"start":{"line":197,"column":21},"end":{"line":197,"column":35}}]},"24":{"loc":{"start":{"line":208,"column":4},"end":{"line":208,"column":31}},"type":"if","locations":[{"start":{"line":208,"column":4},"end":{"line":208,"column":31}}]},"25":{"loc":{"start":{"line":216,"column":4},"end":{"line":226,"column":5}},"type":"if","locations":[{"start":{"line":216,"column":4},"end":{"line":226,"column":5}}]},"26":{"loc":{"start":{"line":216,"column":8},"end":{"line":216,"column":65}},"type":"binary-expr","locations":[{"start":{"line":216,"column":8},"end":{"line":216,"column":17}},{"start":{"line":216,"column":21},"end":{"line":216,"column":33}},{"start":{"line":216,"column":37},"end":{"line":216,"column":49}},{"start":{"line":216,"column":53},"end":{"line":216,"column":65}}]},"27":{"loc":{"start":{"line":239,"column":2},"end":{"line":241,"column":3}},"type":"if","locations":[{"start":{"line":239,"column":2},"end":{"line":241,"column":3}}]},"28":{"loc":{"start":{"line":249,"column":2},"end":{"line":251,"column":3}},"type":"if","locations":[{"start":{"line":249,"column":2},"end":{"line":251,"column":3}}]},"29":{"loc":{"start":{"line":249,"column":6},"end":{"line":249,"column":27}},"type":"binary-expr","locations":[{"start":{"line":249,"column":6},"end":{"line":249,"column":13}},{"start":{"line":249,"column":17},"end":{"line":249,"column":27}}]},"30":{"loc":{"start":{"line":254,"column":2},"end":{"line":260,"column":3}},"type":"if","locations":[{"start":{"line":254,"column":2},"end":{"line":260,"column":3}}]},"31":{"loc":{"start":{"line":257,"column":4},"end":{"line":259,"column":5}},"type":"if","locations":[{"start":{"line":257,"column":4},"end":{"line":259,"column":5}}]},"32":{"loc":{"start":{"line":257,"column":8},"end":{"line":257,"column":35}},"type":"binary-expr","locations":[{"start":{"line":257,"column":8},"end":{"line":257,"column":18}},{"start":{"line":257,"column":22},"end":{"line":257,"column":35}}]},"33":{"loc":{"start":{"line":262,"column":2},"end":{"line":264,"column":3}},"type":"if","locations":[{"start":{"line":262,"column":2},"end":{"line":264,"column":3}}]},"34":{"loc":{"start":{"line":277,"column":24},"end":{"line":277,"column":61}},"type":"binary-expr","locations":[{"start":{"line":277,"column":24},"end":{"line":277,"column":53}},{"start":{"line":277,"column":57},"end":{"line":277,"column":61}}]},"35":{"loc":{"start":{"line":283,"column":2},"end":{"line":332,"column":3}},"type":"if","locations":[{"start":{"line":283,"column":2},"end":{"line":332,"column":3}}]},"36":{"loc":{"start":{"line":283,"column":6},"end":{"line":283,"column":47}},"type":"binary-expr","locations":[{"start":{"line":283,"column":6},"end":{"line":283,"column":23}},{"start":{"line":283,"column":27},"end":{"line":283,"column":47}}]},"37":{"loc":{"start":{"line":289,"column":6},"end":{"line":289,"column":33}},"type":"if","locations":[{"start":{"line":289,"column":6},"end":{"line":289,"column":33}}]},"38":{"loc":{"start":{"line":299,"column":8},"end":{"line":301,"column":9}},"type":"if","locations":[{"start":{"line":299,"column":8},"end":{"line":301,"column":9}}]},"39":{"loc":{"start":{"line":304,"column":6},"end":{"line":304,"column":37}},"type":"if","locations":[{"start":{"line":304,"column":6},"end":{"line":304,"column":37}}]},"40":{"loc":{"start":{"line":307,"column":19},"end":{"line":307,"column":74}},"type":"cond-expr","locations":[{"start":{"line":307,"column":30},"end":{"line":307,"column":69}},{"start":{"line":307,"column":72},"end":{"line":307,"column":74}}]},"41":{"loc":{"start":{"line":310,"column":23},"end":{"line":310,"column":37}},"type":"binary-expr","locations":[{"start":{"line":310,"column":23},"end":{"line":310,"column":31}},{"start":{"line":310,"column":35},"end":{"line":310,"column":37}}]},"42":{"loc":{"start":{"line":313,"column":6},"end":{"line":313,"column":65}},"type":"if","locations":[{"start":{"line":313,"column":6},"end":{"line":313,"column":65}}]},"43":{"loc":{"start":{"line":313,"column":10},"end":{"line":313,"column":54}},"type":"binary-expr","locations":[{"start":{"line":313,"column":10},"end":{"line":313,"column":20}},{"start":{"line":313,"column":24},"end":{"line":313,"column":37}},{"start":{"line":313,"column":41},"end":{"line":313,"column":54}}]},"44":{"loc":{"start":{"line":321,"column":6},"end":{"line":323,"column":7}},"type":"if","locations":[{"start":{"line":321,"column":6},"end":{"line":323,"column":7}}]},"45":{"loc":{"start":{"line":321,"column":10},"end":{"line":321,"column":37}},"type":"binary-expr","locations":[{"start":{"line":321,"column":10},"end":{"line":321,"column":20}},{"start":{"line":321,"column":24},"end":{"line":321,"column":37}}]},"46":{"loc":{"start":{"line":328,"column":14},"end":{"line":328,"column":31}},"type":"binary-expr","locations":[{"start":{"line":328,"column":14},"end":{"line":328,"column":18}},{"start":{"line":328,"column":22},"end":{"line":328,"column":31}}]},"47":{"loc":{"start":{"line":329,"column":15},"end":{"line":329,"column":33}},"type":"binary-expr","locations":[{"start":{"line":329,"column":15},"end":{"line":329,"column":20}},{"start":{"line":329,"column":24},"end":{"line":329,"column":33}}]},"48":{"loc":{"start":{"line":343,"column":4},"end":{"line":346,"column":5}},"type":"if","locations":[{"start":{"line":343,"column":4},"end":{"line":346,"column":5}}]},"49":{"loc":{"start":{"line":343,"column":8},"end":{"line":343,"column":41}},"type":"binary-expr","locations":[{"start":{"line":343,"column":8},"end":{"line":343,"column":24}},{"start":{"line":343,"column":28},"end":{"line":343,"column":41}}]},"50":{"loc":{"start":{"line":349,"column":2},"end":{"line":390,"column":3}},"type":"if","locations":[{"start":{"line":349,"column":2},"end":{"line":390,"column":3}}]},"51":{"loc":{"start":{"line":354,"column":6},"end":{"line":354,"column":33}},"type":"if","locations":[{"start":{"line":354,"column":6},"end":{"line":354,"column":33}}]},"52":{"loc":{"start":{"line":364,"column":8},"end":{"line":366,"column":9}},"type":"if","locations":[{"start":{"line":364,"column":8},"end":{"line":366,"column":9}}]},"53":{"loc":{"start":{"line":369,"column":6},"end":{"line":369,"column":37}},"type":"if","locations":[{"start":{"line":369,"column":6},"end":{"line":369,"column":37}}]},"54":{"loc":{"start":{"line":372,"column":19},"end":{"line":372,"column":74}},"type":"cond-expr","locations":[{"start":{"line":372,"column":30},"end":{"line":372,"column":69}},{"start":{"line":372,"column":72},"end":{"line":372,"column":74}}]},"55":{"loc":{"start":{"line":373,"column":6},"end":{"line":373,"column":26}},"type":"if","locations":[{"start":{"line":373,"column":6},"end":{"line":373,"column":26}}]},"56":{"loc":{"start":{"line":376,"column":24},"end":{"line":376,"column":38}},"type":"binary-expr","locations":[{"start":{"line":376,"column":24},"end":{"line":376,"column":32}},{"start":{"line":376,"column":36},"end":{"line":376,"column":38}}]},"57":{"loc":{"start":{"line":379,"column":6},"end":{"line":379,"column":68}},"type":"if","locations":[{"start":{"line":379,"column":6},"end":{"line":379,"column":68}}]},"58":{"loc":{"start":{"line":379,"column":10},"end":{"line":379,"column":57}},"type":"binary-expr","locations":[{"start":{"line":379,"column":10},"end":{"line":379,"column":21}},{"start":{"line":379,"column":25},"end":{"line":379,"column":39}},{"start":{"line":379,"column":43},"end":{"line":379,"column":57}}]},"59":{"loc":{"start":{"line":402,"column":2},"end":{"line":404,"column":3}},"type":"if","locations":[{"start":{"line":402,"column":2},"end":{"line":404,"column":3}}]},"60":{"loc":{"start":{"line":412,"column":2},"end":{"line":414,"column":3}},"type":"if","locations":[{"start":{"line":412,"column":2},"end":{"line":414,"column":3}}]},"61":{"loc":{"start":{"line":412,"column":6},"end":{"line":412,"column":35}},"type":"binary-expr","locations":[{"start":{"line":412,"column":6},"end":{"line":412,"column":17}},{"start":{"line":412,"column":21},"end":{"line":412,"column":35}}]},"62":{"loc":{"start":{"line":423,"column":4},"end":{"line":423,"column":31}},"type":"if","locations":[{"start":{"line":423,"column":4},"end":{"line":423,"column":31}}]},"63":{"loc":{"start":{"line":433,"column":6},"end":{"line":435,"column":7}},"type":"if","locations":[{"start":{"line":433,"column":6},"end":{"line":435,"column":7}}]},"64":{"loc":{"start":{"line":438,"column":4},"end":{"line":438,"column":35}},"type":"if","locations":[{"start":{"line":438,"column":4},"end":{"line":438,"column":35}}]},"65":{"loc":{"start":{"line":441,"column":4},"end":{"line":441,"column":28}},"type":"if","locations":[{"start":{"line":441,"column":4},"end":{"line":441,"column":28}}]},"66":{"loc":{"start":{"line":445,"column":4},"end":{"line":445,"column":46}},"type":"if","locations":[{"start":{"line":445,"column":4},"end":{"line":445,"column":46}}]},"67":{"loc":{"start":{"line":445,"column":8},"end":{"line":445,"column":35}},"type":"binary-expr","locations":[{"start":{"line":445,"column":8},"end":{"line":445,"column":18}},{"start":{"line":445,"column":22},"end":{"line":445,"column":35}}]},"68":{"loc":{"start":{"line":448,"column":17},"end":{"line":448,"column":42}},"type":"binary-expr","locations":[{"start":{"line":448,"column":17},"end":{"line":448,"column":29}},{"start":{"line":448,"column":33},"end":{"line":448,"column":42}}]},"69":{"loc":{"start":{"line":452,"column":4},"end":{"line":454,"column":5}},"type":"if","locations":[{"start":{"line":452,"column":4},"end":{"line":454,"column":5}}]},"70":{"loc":{"start":{"line":452,"column":8},"end":{"line":452,"column":36}},"type":"binary-expr","locations":[{"start":{"line":452,"column":8},"end":{"line":452,"column":24}},{"start":{"line":452,"column":28},"end":{"line":452,"column":36}}]},"71":{"loc":{"start":{"line":453,"column":17},"end":{"line":453,"column":69}},"type":"binary-expr","locations":[{"start":{"line":453,"column":17},"end":{"line":453,"column":56}},{"start":{"line":453,"column":60},"end":{"line":453,"column":69}}]},"72":{"loc":{"start":{"line":458,"column":4},"end":{"line":465,"column":5}},"type":"if","locations":[{"start":{"line":458,"column":4},"end":{"line":465,"column":5}}]},"73":{"loc":{"start":{"line":458,"column":8},"end":{"line":458,"column":36}},"type":"binary-expr","locations":[{"start":{"line":458,"column":8},"end":{"line":458,"column":24}},{"start":{"line":458,"column":28},"end":{"line":458,"column":36}}]},"74":{"loc":{"start":{"line":459,"column":18},"end":{"line":459,"column":70}},"type":"binary-expr","locations":[{"start":{"line":459,"column":18},"end":{"line":459,"column":57}},{"start":{"line":459,"column":61},"end":{"line":459,"column":70}}]},"75":{"loc":{"start":{"line":462,"column":6},"end":{"line":464,"column":7}},"type":"if","locations":[{"start":{"line":462,"column":6},"end":{"line":464,"column":7}}]},"76":{"loc":{"start":{"line":462,"column":10},"end":{"line":462,"column":35}},"type":"binary-expr","locations":[{"start":{"line":462,"column":10},"end":{"line":462,"column":19}},{"start":{"line":462,"column":23},"end":{"line":462,"column":35}}]},"77":{"loc":{"start":{"line":468,"column":4},"end":{"line":468,"column":49}},"type":"if","locations":[{"start":{"line":468,"column":4},"end":{"line":468,"column":49}}]},"78":{"loc":{"start":{"line":468,"column":8},"end":{"line":468,"column":38}},"type":"binary-expr","locations":[{"start":{"line":468,"column":8},"end":{"line":468,"column":25}},{"start":{"line":468,"column":29},"end":{"line":468,"column":38}}]},"79":{"loc":{"start":{"line":472,"column":4},"end":{"line":472,"column":84}},"type":"if","locations":[{"start":{"line":472,"column":4},"end":{"line":472,"column":84}}]},"80":{"loc":{"start":{"line":472,"column":8},"end":{"line":472,"column":73}},"type":"binary-expr","locations":[{"start":{"line":472,"column":8},"end":{"line":472,"column":19}},{"start":{"line":472,"column":23},"end":{"line":472,"column":37}},{"start":{"line":472,"column":41},"end":{"line":472,"column":55}},{"start":{"line":472,"column":59},"end":{"line":472,"column":73}}]},"81":{"loc":{"start":{"line":480,"column":4},"end":{"line":482,"column":5}},"type":"if","locations":[{"start":{"line":480,"column":4},"end":{"line":482,"column":5}}]},"82":{"loc":{"start":{"line":480,"column":8},"end":{"line":480,"column":36}},"type":"binary-expr","locations":[{"start":{"line":480,"column":8},"end":{"line":480,"column":24}},{"start":{"line":480,"column":28},"end":{"line":480,"column":36}}]},"83":{"loc":{"start":{"line":481,"column":13},"end":{"line":481,"column":65}},"type":"binary-expr","locations":[{"start":{"line":481,"column":13},"end":{"line":481,"column":52}},{"start":{"line":481,"column":56},"end":{"line":481,"column":65}}]},"84":{"loc":{"start":{"line":506,"column":2},"end":{"line":508,"column":3}},"type":"if","locations":[{"start":{"line":506,"column":2},"end":{"line":508,"column":3}}]},"85":{"loc":{"start":{"line":517,"column":4},"end":{"line":517,"column":33}},"type":"if","locations":[{"start":{"line":517,"column":4},"end":{"line":517,"column":33}}]},"86":{"loc":{"start":{"line":527,"column":6},"end":{"line":529,"column":7}},"type":"if","locations":[{"start":{"line":527,"column":6},"end":{"line":529,"column":7}}]},"87":{"loc":{"start":{"line":533,"column":4},"end":{"line":533,"column":34}},"type":"if","locations":[{"start":{"line":533,"column":4},"end":{"line":533,"column":34}}]},"88":{"loc":{"start":{"line":544,"column":6},"end":{"line":546,"column":7}},"type":"if","locations":[{"start":{"line":544,"column":6},"end":{"line":546,"column":7}}]},"89":{"loc":{"start":{"line":550,"column":4},"end":{"line":550,"column":35}},"type":"if","locations":[{"start":{"line":550,"column":4},"end":{"line":550,"column":35}}]},"90":{"loc":{"start":{"line":553,"column":21},"end":{"line":553,"column":35}},"type":"binary-expr","locations":[{"start":{"line":553,"column":21},"end":{"line":553,"column":29}},{"start":{"line":553,"column":33},"end":{"line":553,"column":35}}]},"91":{"loc":{"start":{"line":557,"column":22},"end":{"line":557,"column":36}},"type":"binary-expr","locations":[{"start":{"line":557,"column":22},"end":{"line":557,"column":30}},{"start":{"line":557,"column":34},"end":{"line":557,"column":36}}]},"92":{"loc":{"start":{"line":560,"column":4},"end":{"line":560,"column":84}},"type":"if","locations":[{"start":{"line":560,"column":4},"end":{"line":560,"column":84}}]},"93":{"loc":{"start":{"line":560,"column":8},"end":{"line":560,"column":73}},"type":"binary-expr","locations":[{"start":{"line":560,"column":8},"end":{"line":560,"column":19}},{"start":{"line":560,"column":23},"end":{"line":560,"column":37}},{"start":{"line":560,"column":41},"end":{"line":560,"column":55}},{"start":{"line":560,"column":59},"end":{"line":560,"column":73}}]},"94":{"loc":{"start":{"line":567,"column":22},"end":{"line":567,"column":79}},"type":"cond-expr","locations":[{"start":{"line":567,"column":33},"end":{"line":567,"column":72}},{"start":{"line":567,"column":75},"end":{"line":567,"column":79}}]},"95":{"loc":{"start":{"line":570,"column":23},"end":{"line":570,"column":37}},"type":"binary-expr","locations":[{"start":{"line":570,"column":23},"end":{"line":570,"column":31}},{"start":{"line":570,"column":35},"end":{"line":570,"column":37}}]},"96":{"loc":{"start":{"line":574,"column":21},"end":{"line":574,"column":89}},"type":"cond-expr","locations":[{"start":{"line":574,"column":32},"end":{"line":574,"column":85}},{"start":{"line":574,"column":88},"end":{"line":574,"column":89}}]},"97":{"loc":{"start":{"line":575,"column":25},"end":{"line":575,"column":93}},"type":"cond-expr","locations":[{"start":{"line":575,"column":36},"end":{"line":575,"column":89}},{"start":{"line":575,"column":92},"end":{"line":575,"column":93}}]},"98":{"loc":{"start":{"line":586,"column":6},"end":{"line":588,"column":7}},"type":"if","locations":[{"start":{"line":586,"column":6},"end":{"line":588,"column":7}}]},"99":{"loc":{"start":{"line":596,"column":27},"end":{"line":596,"column":89}},"type":"binary-expr","locations":[{"start":{"line":596,"column":27},"end":{"line":596,"column":83}},{"start":{"line":596,"column":87},"end":{"line":596,"column":89}}]},"100":{"loc":{"start":{"line":597,"column":4},"end":{"line":605,"column":5}},"type":"if","locations":[{"start":{"line":597,"column":4},"end":{"line":605,"column":5}}]},"101":{"loc":{"start":{"line":600,"column":6},"end":{"line":604,"column":7}},"type":"if","locations":[{"start":{"line":600,"column":6},"end":{"line":604,"column":7}}]},"102":{"loc":{"start":{"line":600,"column":10},"end":{"line":600,"column":47}},"type":"binary-expr","locations":[{"start":{"line":600,"column":10},"end":{"line":600,"column":25}},{"start":{"line":600,"column":29},"end":{"line":600,"column":47}}]},"103":{"loc":{"start":{"line":608,"column":31},"end":{"line":608,"column":94}},"type":"binary-expr","locations":[{"start":{"line":608,"column":31},"end":{"line":608,"column":88}},{"start":{"line":608,"column":92},"end":{"line":608,"column":94}}]},"104":{"loc":{"start":{"line":609,"column":4},"end":{"line":617,"column":5}},"type":"if","locations":[{"start":{"line":609,"column":4},"end":{"line":617,"column":5}}]},"105":{"loc":{"start":{"line":612,"column":6},"end":{"line":616,"column":7}},"type":"if","locations":[{"start":{"line":612,"column":6},"end":{"line":616,"column":7}}]},"106":{"loc":{"start":{"line":612,"column":10},"end":{"line":612,"column":55}},"type":"binary-expr","locations":[{"start":{"line":612,"column":10},"end":{"line":612,"column":29}},{"start":{"line":612,"column":33},"end":{"line":612,"column":55}}]},"107":{"loc":{"start":{"line":625,"column":17},"end":{"line":625,"column":39}},"type":"binary-expr","locations":[{"start":{"line":625,"column":17},"end":{"line":625,"column":26}},{"start":{"line":625,"column":30},"end":{"line":625,"column":39}}]},"108":{"loc":{"start":{"line":646,"column":71},"end":{"line":646,"column":87}},"type":"default-arg","locations":[{"start":{"line":646,"column":86},"end":{"line":646,"column":87}}]},"109":{"loc":{"start":{"line":647,"column":2},"end":{"line":658,"column":3}},"type":"if","locations":[{"start":{"line":647,"column":2},"end":{"line":658,"column":3}}]},"110":{"loc":{"start":{"line":668,"column":2},"end":{"line":747,"column":3}},"type":"if","locations":[{"start":{"line":668,"column":2},"end":{"line":747,"column":3}}]},"111":{"loc":{"start":{"line":668,"column":6},"end":{"line":668,"column":33}},"type":"binary-expr","locations":[{"start":{"line":668,"column":6},"end":{"line":668,"column":16}},{"start":{"line":668,"column":20},"end":{"line":668,"column":33}}]},"112":{"loc":{"start":{"line":676,"column":6},"end":{"line":676,"column":33}},"type":"if","locations":[{"start":{"line":676,"column":6},"end":{"line":676,"column":33}}]},"113":{"loc":{"start":{"line":686,"column":8},"end":{"line":688,"column":9}},"type":"if","locations":[{"start":{"line":686,"column":8},"end":{"line":688,"column":9}}]},"114":{"loc":{"start":{"line":692,"column":6},"end":{"line":692,"column":37}},"type":"if","locations":[{"start":{"line":692,"column":6},"end":{"line":692,"column":37}}]},"115":{"loc":{"start":{"line":695,"column":19},"end":{"line":695,"column":74}},"type":"cond-expr","locations":[{"start":{"line":695,"column":30},"end":{"line":695,"column":69}},{"start":{"line":695,"column":72},"end":{"line":695,"column":74}}]},"116":{"loc":{"start":{"line":696,"column":6},"end":{"line":696,"column":26}},"type":"if","locations":[{"start":{"line":696,"column":6},"end":{"line":696,"column":26}}]},"117":{"loc":{"start":{"line":699,"column":22},"end":{"line":699,"column":77}},"type":"cond-expr","locations":[{"start":{"line":699,"column":33},"end":{"line":699,"column":72}},{"start":{"line":699,"column":75},"end":{"line":699,"column":77}}]},"118":{"loc":{"start":{"line":702,"column":24},"end":{"line":702,"column":86}},"type":"cond-expr","locations":[{"start":{"line":702,"column":35},"end":{"line":702,"column":74}},{"start":{"line":702,"column":77},"end":{"line":702,"column":86}}]},"119":{"loc":{"start":{"line":705,"column":22},"end":{"line":705,"column":84}},"type":"cond-expr","locations":[{"start":{"line":705,"column":33},"end":{"line":705,"column":72}},{"start":{"line":705,"column":75},"end":{"line":705,"column":84}}]},"120":{"loc":{"start":{"line":708,"column":24},"end":{"line":708,"column":38}},"type":"binary-expr","locations":[{"start":{"line":708,"column":24},"end":{"line":708,"column":32}},{"start":{"line":708,"column":36},"end":{"line":708,"column":38}}]},"121":{"loc":{"start":{"line":716,"column":6},"end":{"line":726,"column":7}},"type":"if","locations":[{"start":{"line":716,"column":6},"end":{"line":726,"column":7}},{"start":{"line":720,"column":13},"end":{"line":726,"column":7}}]},"122":{"loc":{"start":{"line":716,"column":10},"end":{"line":716,"column":60}},"type":"binary-expr","locations":[{"start":{"line":716,"column":10},"end":{"line":716,"column":22}},{"start":{"line":716,"column":26},"end":{"line":716,"column":41}},{"start":{"line":716,"column":45},"end":{"line":716,"column":60}}]},"123":{"loc":{"start":{"line":730,"column":19},"end":{"line":730,"column":78}},"type":"cond-expr","locations":[{"start":{"line":730,"column":47},"end":{"line":730,"column":66}},{"start":{"line":730,"column":69},"end":{"line":730,"column":78}}]},"124":{"loc":{"start":{"line":730,"column":19},"end":{"line":730,"column":44}},"type":"binary-expr","locations":[{"start":{"line":730,"column":19},"end":{"line":730,"column":28}},{"start":{"line":730,"column":32},"end":{"line":730,"column":44}}]},"125":{"loc":{"start":{"line":745,"column":6},"end":{"line":745,"column":46}},"type":"if","locations":[{"start":{"line":745,"column":6},"end":{"line":745,"column":46}}]},"126":{"loc":{"start":{"line":753,"column":2},"end":{"line":783,"column":3}},"type":"if","locations":[{"start":{"line":753,"column":2},"end":{"line":783,"column":3}}]},"127":{"loc":{"start":{"line":753,"column":6},"end":{"line":753,"column":39}},"type":"binary-expr","locations":[{"start":{"line":753,"column":6},"end":{"line":753,"column":19}},{"start":{"line":753,"column":23},"end":{"line":753,"column":39}}]},"128":{"loc":{"start":{"line":759,"column":6},"end":{"line":781,"column":7}},"type":"if","locations":[{"start":{"line":759,"column":6},"end":{"line":781,"column":7}}]},"129":{"loc":{"start":{"line":759,"column":10},"end":{"line":759,"column":54}},"type":"binary-expr","locations":[{"start":{"line":759,"column":10},"end":{"line":759,"column":30}},{"start":{"line":759,"column":34},"end":{"line":759,"column":54}}]},"130":{"loc":{"start":{"line":768,"column":8},"end":{"line":771,"column":9}},"type":"if","locations":[{"start":{"line":768,"column":8},"end":{"line":771,"column":9}}]},"131":{"loc":{"start":{"line":768,"column":12},"end":{"line":768,"column":68}},"type":"binary-expr","locations":[{"start":{"line":768,"column":12},"end":{"line":768,"column":26}},{"start":{"line":768,"column":30},"end":{"line":768,"column":47}},{"start":{"line":768,"column":51},"end":{"line":768,"column":68}}]}},"s":{"0":0,"1":0,"2":0,"3":0,"4":0,"5":0,"6":0,"7":0,"8":0,"9":0,"10":0,"11":0,"12":0,"13":0,"14":0,"15":0,"16":0,"17":0,"18":0,"19":0,"20":0,"21":0,"22":0,"23":0,"24":0,"25":0,"26":0,"27":0,"28":0,"29":0,"30":0,"31":0,"32":0,"33":0,"34":0,"35":0,"36":0,"37":0,"38":0,"39":0,"40":0,"41":0,"42":0,"43":0,"44":0,"45":0,"46":0,"47":0,"48":0,"49":0,"50":0,"51":0,"52":0,"53":0,"54":0,"55":0,"56":0,"57":0,"58":0,"59":0,"60":0,"61":0,"62":0,"63":0,"64":0,"65":0,"66":0,"67":0,"68":0,"69":0,"70":0,"71":0,"72":0,"73":0,"74":0,"75":0,"76":0,"77":0,"78":0,"79":0,"80":0,"81":0,"82":0,"83":0,"84":0,"85":0,"86":0,"87":0,"88":0,"89":0,"90":0,"91":0,"92":0,"93":0,"94":0,"95":0,"96":0,"97":0,"98":0,"99":0,"100":0,"101":0,"102":0,"103":0,"104":0,"105":0,"106":0,"107":0,"108":0,"109":0,"110":0,"111":0,"112":0,"113":0,"114":0,"115":0,"116":0,"117":0,"118":0,"119":0,"120":0,"121":0,"122":0,"123":0,"124":0,"125":0,"126":0,"127":0,"128":0,"129":0,"130":0,"131":0,"132":0,"133":0,"134":0,"135":0,"136":0,"137":0,"138":0,"139":0,"140":0,"141":0,"142":0,"143":0,"144":0,"145":0,"146":0,"147":0,"148":0,"149":0,"150":0,"151":0,"152":0,"153":0,"154":0,"155":0,"156":0,"157":0,"158":0,"159":0,"160":0,"161":0,"162":0,"163":0,"164":0,"165":0,"166":0,"167":0,"168":0,"169":0,"170":0,"171":0,"172":0,"173":0,"174":0,"175":0,"176":0,"177":0,"178":0,"179":0,"180":0,"181":0,"182":0,"183":0,"184":0,"185":0,"186":0,"187":0,"188":0,"189":0,"190":0,"191":0,"192":0,"193":0,"194":0,"195":0,"196":0,"197":0,"198":0,"199":0,"200":0,"201":0,"202":0,"203":0,"204":0,"205":0,"206":0,"207":0,"208":0,"209":0,"210":0,"211":0,"212":0,"213":0,"214":0,"215":0,"216":0,"217":0,"218":0,"219":0,"220":0,"221":0,"222":0,"223":0,"224":0,"225":0,"226":0,"227":0,"228":0,"229":0,"230":0,"231":0,"232":0,"233":0,"234":0,"235":0,"236":0,"237":0,"238":0,"239":0,"240":0,"241":0,"242":0,"243":0,"244":0,"245":0,"246":0,"247":0,"248":0,"249":0,"250":0,"251":0,"252":0,"253":0,"254":0,"255":0,"256":0,"257":0,"258":0,"259":0,"260":0,"261":0,"262":0,"263":0,"264":0,"265":0,"266":0,"267":0,"268":0,"269":0,"270":0,"271":0,"272":0,"273":0,"274":0,"275":0,"276":0,"277":0,"278":0,"279":0,"280":0,"281":0,"282":0,"283":0,"284":0,"285":0,"286":0,"287":0,"288":0,"289":0,"290":0,"291":0,"292":0,"293":0,"294":0,"295":0,"296":0,"297":0,"298":0,"299":0,"300":0,"301":0,"302":0,"303":0,"304":0,"305":0,"306":0,"307":0,"308":0,"309":0,"310":0,"311":0,"312":0,"313":0,"314":0,"315":0,"316":0},"f":{"0":0,"1":0,"2":0,"3":0,"4":0,"5":0,"6":0,"7":0,"8":0,"9":0,"10":0,"11":0,"12":0,"13":0},"b":{"0":[0],"1":[0,0],"2":[0,0],"3":[0],"4":[0],"5":[0,0],"6":[0],"7":[0],"8":[0],"9":[0,0],"10":[0,0],"11":[0,0],"12":[0,0],"13":[0],"14":[0,0],"15":[0,0],"16":[0,0],"17":[0],"18":[0,0],"19":[0,0],"20":[0,0],"21":[0],"22":[0],"23":[0,0],"24":[0],"25":[0],"26":[0,0,0,0],"27":[0],"28":[0],"29":[0,0],"30":[0],"31":[0],"32":[0,0],"33":[0],"34":[0,0],"35":[0],"36":[0,0],"37":[0],"38":[0],"39":[0],"40":[0,0],"41":[0,0],"42":[0],"43":[0,0,0],"44":[0],"45":[0,0],"46":[0,0],"47":[0,0],"48":[0],"49":[0,0],"50":[0],"51":[0],"52":[0],"53":[0],"54":[0,0],"55":[0],"56":[0,0],"57":[0],"58":[0,0,0],"59":[0],"60":[0],"61":[0,0],"62":[0],"63":[0],"64":[0],"65":[0],"66":[0],"67":[0,0],"68":[0,0],"69":[0],"70":[0,0],"71":[0,0],"72":[0],"73":[0,0],"74":[0,0],"75":[0],"76":[0,0],"77":[0],"78":[0,0],"79":[0],"80":[0,0,0,0],"81":[0],"82":[0,0],"83":[0,0],"84":[0],"85":[0],"86":[0],"87":[0],"88":[0],"89":[0],"90":[0,0],"91":[0,0],"92":[0],"93":[0,0,0,0],"94":[0,0],"95":[0,0],"96":[0,0],"97":[0,0],"98":[0],"99":[0,0],"100":[0],"101":[0],"102":[0,0],"103":[0,0],"104":[0],"105":[0],"106":[0,0],"107":[0,0],"108":[0],"109":[0],"110":[0],"111":[0,0],"112":[0],"113":[0],"114":[0],"115":[0,0],"116":[0],"117":[0,0],"118":[0,0],"119":[0,0],"120":[0,0],"121":[0,0],"122":[0,0,0],"123":[0,0],"124":[0,0],"125":[0],"126":[0],"127":[0,0],"128":[0],"129":[0,0],"130":[0],"131":[0,0,0]}}
}
