TN:
SF:src/config.ts
FNF:0
FNH:0
DA:6,2
LF:1
LH:1
BRF:0
BRH:0
end_of_record
TN:
SF:src/index.ts
FN:32,(anonymous_0)
FN:62,(anonymous_1)
FN:82,(anonymous_2)
FN:118,(anonymous_3)
FN:147,(anonymous_4)
FN:176,(anonymous_5)
FN:222,(anonymous_6)
FN:241,(anonymous_7)
FN:254,(anonymous_8)
FN:284,(anonymous_9)
FN:322,(anonymous_10)
FN:356,(anonymous_11)
FN:405,(anonymous_12)
FN:441,(anonymous_13)
FN:474,(anonymous_14)
FN:524,(anonymous_15)
FN:548,(anonymous_16)
FN:556,(anonymous_17)
FN:597,(anonymous_18)
FN:618,(anonymous_19)
FN:628,(anonymous_20)
FN:682,(anonymous_21)
FN:711,(anonymous_22)
FN:738,(anonymous_23)
FN:775,(anonymous_24)
FN:898,main
FN:902,(anonymous_26)
FNF:27
FNH:0
FNDA:0,(anonymous_0)
FNDA:0,(anonymous_1)
FNDA:0,(anonymous_2)
FNDA:0,(anonymous_3)
FNDA:0,(anonymous_4)
FNDA:0,(anonymous_5)
FNDA:0,(anonymous_6)
FNDA:0,(anonymous_7)
FNDA:0,(anonymous_8)
FNDA:0,(anonymous_9)
FNDA:0,(anonymous_10)
FNDA:0,(anonymous_11)
FNDA:0,(anonymous_12)
FNDA:0,(anonymous_13)
FNDA:0,(anonymous_14)
FNDA:0,(anonymous_15)
FNDA:0,(anonymous_16)
FNDA:0,(anonymous_17)
FNDA:0,(anonymous_18)
FNDA:0,(anonymous_19)
FNDA:0,(anonymous_20)
FNDA:0,(anonymous_21)
FNDA:0,(anonymous_22)
FNDA:0,(anonymous_23)
FNDA:0,(anonymous_24)
FNDA:0,main
FNDA:0,(anonymous_26)
DA:19,0
DA:26,0
DA:33,0
DA:35,0
DA:38,0
DA:40,0
DA:47,0
DA:58,0
DA:63,0
DA:64,0
DA:65,0
DA:67,0
DA:78,0
DA:83,0
DA:85,0
DA:87,0
DA:88,0
DA:96,0
DA:98,0
DA:109,0
DA:119,0
DA:121,0
DA:122,0
DA:124,0
DA:127,0
DA:128,0
DA:137,0
DA:138,0
DA:147,0
DA:149,0
DA:150,0
DA:151,0
DA:155,0
DA:156,0
DA:157,0
DA:158,0
DA:159,0
DA:162,0
DA:174,0
DA:176,0
DA:185,0
DA:189,0
DA:199,0
DA:210,0
DA:223,0
DA:225,0
DA:226,0
DA:228,0
DA:231,0
DA:232,0
DA:241,0
DA:244,0
DA:245,0
DA:254,0
DA:256,0
DA:257,0
DA:258,0
DA:262,0
DA:263,0
DA:264,0
DA:265,0
DA:266,0
DA:269,0
DA:282,0
DA:284,0
DA:293,0
DA:297,0
DA:307,0
DA:318,0
DA:323,0
DA:324,0
DA:325,0
DA:326,0
DA:339,0
DA:350,0
DA:357,0
DA:358,0
DA:359,0
DA:360,0
DA:368,0
DA:369,0
DA:370,0
DA:378,0
DA:385,0
DA:398,0
DA:406,0
DA:408,0
DA:409,0
DA:412,0
DA:414,0
DA:415,0
DA:418,0
DA:419,0
DA:427,0
DA:437,0
DA:442,0
DA:443,0
DA:444,0
DA:446,0
DA:447,0
DA:455,0
DA:457,0
DA:468,0
DA:475,0
DA:476,0
DA:477,0
DA:479,0
DA:481,0
DA:482,0
DA:483,0
DA:485,0
DA:498,0
DA:505,0
DA:518,0
DA:525,0
DA:527,0
DA:529,0
DA:530,0
DA:532,0
DA:535,0
DA:548,0
DA:549,0
DA:550,0
DA:551,0
DA:555,0
DA:556,0
DA:557,0
DA:558,0
DA:559,0
DA:561,0
DA:564,0
DA:576,0
DA:590,0
DA:598,0
DA:600,0
DA:602,0
DA:603,0
DA:605,0
DA:606,0
DA:618,0
DA:619,0
DA:620,0
DA:621,0
DA:626,0
DA:628,0
DA:644,0
DA:647,0
DA:659,0
DA:673,0
DA:683,0
DA:685,0
DA:686,0
DA:688,0
DA:691,0
DA:692,0
DA:701,0
DA:702,0
DA:711,0
DA:713,0
DA:714,0
DA:715,0
DA:719,0
DA:720,0
DA:721,0
DA:722,0
DA:723,0
DA:726,0
DA:738,0
DA:747,0
DA:757,0
DA:768,0
DA:776,0
DA:778,0
DA:781,0
DA:782,0
DA:795,0
DA:798,0
DA:800,0
DA:801,0
DA:811,0
DA:812,0
DA:825,0
DA:828,0
DA:829,0
DA:831,0
DA:833,0
DA:834,0
DA:835,0
DA:837,0
DA:838,0
DA:841,0
DA:854,0
DA:857,0
DA:880,0
DA:881,0
DA:882,0
DA:899,0
DA:900,0
DA:902,0
DA:903,0
DA:904,0
LF:201
LH:0
BRDA:32,0,0,0
BRDA:50,1,0,0
BRDA:50,1,1,0
BRDA:70,2,0,0
BRDA:70,2,1,0
BRDA:87,3,0,0
BRDA:101,4,0,0
BRDA:101,4,1,0
BRDA:118,5,0,0
BRDA:118,6,0,0
BRDA:118,7,0,0
BRDA:127,8,0,0
BRDA:137,9,0,0
BRDA:137,10,0,0
BRDA:137,10,1,0
BRDA:174,11,0,0
BRDA:174,11,1,0
BRDA:202,12,0,0
BRDA:202,12,1,0
BRDA:222,13,0,0
BRDA:222,14,0,0
BRDA:222,15,0,0
BRDA:231,16,0,0
BRDA:241,17,0,0
BRDA:241,17,1,0
BRDA:244,18,0,0
BRDA:282,19,0,0
BRDA:282,19,1,0
BRDA:310,20,0,0
BRDA:310,20,1,0
BRDA:342,21,0,0
BRDA:342,21,1,0
BRDA:359,22,0,0
BRDA:369,23,0,0
BRDA:389,24,0,0
BRDA:389,24,1,0
BRDA:408,25,0,0
BRDA:412,26,0,0
BRDA:418,27,0,0
BRDA:446,28,0,0
BRDA:460,29,0,0
BRDA:460,29,1,0
BRDA:479,30,0,0
BRDA:483,31,0,0
BRDA:483,31,1,0
BRDA:509,32,0,0
BRDA:509,32,1,0
BRDA:524,33,0,0
BRDA:532,34,0,0
BRDA:549,35,0,0
BRDA:549,35,1,0
BRDA:550,36,0,0
BRDA:550,36,1,0
BRDA:557,37,0,0
BRDA:557,37,1,0
BRDA:558,38,0,0
BRDA:580,39,0,0
BRDA:580,39,1,0
BRDA:597,40,0,0
BRDA:597,41,0,0
BRDA:605,42,0,0
BRDA:626,43,0,0
BRDA:626,43,1,0
BRDA:634,44,0,0
BRDA:634,44,1,0
BRDA:663,45,0,0
BRDA:663,45,1,0
BRDA:682,46,0,0
BRDA:682,47,0,0
BRDA:691,48,0,0
BRDA:695,49,0,0
BRDA:695,49,1,0
BRDA:701,50,0,0
BRDA:701,51,0,0
BRDA:701,51,1,0
BRDA:760,52,0,0
BRDA:760,52,1,0
BRDA:775,53,0,0
BRDA:781,54,0,0
BRDA:800,55,0,0
BRDA:800,55,1,0
BRDA:811,56,0,0
BRDA:831,57,0,0
BRDA:831,57,1,0
BRDA:835,58,0,0
BRDA:835,58,1,0
BRDA:835,59,0,0
BRDA:835,59,1,0
BRDA:835,59,2,0
BRDA:835,59,3,0
BRDA:847,60,0,0
BRDA:847,60,1,0
BRDA:862,61,0,0
BRDA:862,61,1,0
BRDA:863,62,0,0
BRDA:863,62,1,0
BRDA:864,63,0,0
BRDA:864,63,1,0
BRDA:872,64,0,0
BRDA:872,64,1,0
BRDA:875,65,0,0
BRDA:875,65,1,0
BRDA:886,66,0,0
BRDA:886,66,1,0
BRF:104
BRH:0
end_of_record
TN:
SF:src/services/api.ts
FN:34,(anonymous_1)
FN:83,(anonymous_2)
FN:118,(anonymous_3)
FN:156,(anonymous_4)
FN:193,(anonymous_5)
FN:256,(anonymous_6)
FN:278,(anonymous_7)
FN:307,(anonymous_8)
FN:375,(anonymous_9)
FN:405,(anonymous_10)
FN:415,(anonymous_11)
FN:435,(anonymous_12)
FN:517,(anonymous_13)
FN:538,(anonymous_14)
FN:580,(anonymous_15)
FNF:15
FNH:10
FNDA:0,(anonymous_1)
FNDA:5,(anonymous_2)
FNDA:1,(anonymous_3)
FNDA:3,(anonymous_4)
FNDA:0,(anonymous_5)
FNDA:0,(anonymous_6)
FNDA:0,(anonymous_7)
FNDA:1,(anonymous_8)
FNDA:1,(anonymous_9)
FNDA:38261,(anonymous_10)
FNDA:1,(anonymous_11)
FNDA:1,(anonymous_12)
FNDA:1,(anonymous_13)
FNDA:1,(anonymous_14)
FNDA:0,(anonymous_15)
DA:1,2
DA:2,2
DA:3,2
DA:15,2
DA:20,2
DA:35,0
DA:37,0
DA:40,0
DA:45,0
DA:51,0
DA:52,0
DA:55,0
DA:58,0
DA:59,0
DA:60,0
DA:64,0
DA:65,0
DA:67,0
DA:68,0
DA:71,0
DA:72,0
DA:84,5
DA:86,5
DA:89,5
DA:94,5
DA:100,5
DA:101,0
DA:104,5
DA:106,0
DA:107,0
DA:119,1
DA:121,1
DA:124,1
DA:129,1
DA:135,1
DA:136,0
DA:139,1
DA:140,1
DA:142,1
DA:144,0
DA:145,0
DA:157,3
DA:160,3
DA:163,3
DA:164,3
DA:165,3
DA:166,3
DA:168,3
DA:189,3
DA:191,0
DA:193,0
DA:194,0
DA:195,0
DA:201,0
DA:204,0
DA:206,0
DA:208,0
DA:211,0
DA:212,0
DA:213,0
DA:214,0
DA:216,0
DA:217,0
DA:237,0
DA:238,0
DA:240,0
DA:241,0
DA:242,0
DA:244,0
DA:245,0
DA:246,0
DA:248,0
DA:250,0
DA:251,0
DA:256,0
DA:257,0
DA:258,0
DA:261,0
DA:262,0
DA:265,0
DA:266,0
DA:271,0
DA:272,0
DA:278,0
DA:279,0
DA:283,3
DA:284,3
DA:286,0
DA:290,3
DA:291,3
DA:294,0
DA:298,0
DA:308,1
DA:310,1
DA:313,1
DA:314,1
DA:323,1
DA:326,1
DA:327,0
DA:329,0
DA:330,0
DA:331,0
DA:335,1
DA:336,0
DA:339,0
DA:343,1
DA:344,1
DA:347,1
DA:348,1
DA:349,1
DA:353,0
DA:354,0
DA:355,0
DA:358,0
DA:362,0
DA:364,0
DA:366,0
DA:376,1
DA:378,1
DA:380,1
DA:388,1
DA:390,0
DA:391,0
DA:392,0
DA:394,0
DA:397,1
DA:400,1
DA:401,0
DA:402,0
DA:405,38261
DA:407,0
DA:408,0
DA:416,1
DA:418,1
DA:421,1
DA:423,1
DA:425,0
DA:426,0
DA:436,1
DA:438,1
DA:440,1
DA:441,1
DA:443,1
DA:444,0
DA:445,0
DA:448,1
DA:451,1
DA:454,1
DA:455,151
DA:456,151
DA:459,151
DA:460,151
DA:461,151
DA:463,151
DA:466,151
DA:467,151
DA:468,151
DA:471,151
DA:472,151
DA:473,151
DA:476,151
DA:477,151
DA:480,151
DA:481,604
DA:482,604
DA:487,151
DA:490,151
DA:505,1
DA:507,0
DA:508,0
DA:518,1
DA:520,1
DA:523,1
DA:525,1
DA:527,0
DA:528,0
DA:539,1
DA:541,1
DA:542,1
DA:543,1
DA:546,1
DA:547,1
DA:548,1
DA:551,1
DA:552,1
DA:553,1
DA:556,1
DA:570,0
DA:571,0
DA:581,0
DA:583,0
DA:586,0
DA:589,0
DA:591,0
DA:593,0
DA:594,0
DA:610,2
LF:197
LH:98
BRDA:34,0,0,0
BRDA:37,1,0,0
BRDA:37,1,1,0
BRDA:51,2,0,0
BRDA:58,3,0,0
BRDA:83,4,0,5
BRDA:86,5,0,5
BRDA:86,5,1,0
BRDA:100,6,0,0
BRDA:118,7,0,1
BRDA:121,8,0,1
BRDA:121,8,1,0
BRDA:135,9,0,0
BRDA:140,10,0,1
BRDA:140,10,1,0
BRDA:156,11,0,3
BRDA:165,12,0,0
BRDA:165,12,1,3
BRDA:166,13,0,3
BRDA:166,13,1,3
BRDA:174,14,0,0
BRDA:174,14,1,3
BRDA:174,15,0,3
BRDA:174,15,1,3
BRDA:189,16,0,0
BRDA:191,17,0,0
BRDA:206,18,0,0
BRDA:206,18,1,0
BRDA:206,19,0,0
BRDA:206,19,1,0
BRDA:213,20,0,0
BRDA:213,20,1,0
BRDA:214,21,0,0
BRDA:214,21,1,0
BRDA:222,22,0,0
BRDA:222,22,1,0
BRDA:222,23,0,0
BRDA:222,23,1,0
BRDA:237,24,0,0
BRDA:237,24,1,0
BRDA:240,25,0,0
BRDA:240,25,1,0
BRDA:250,26,0,0
BRDA:250,26,1,0
BRDA:261,27,0,0
BRDA:261,27,1,0
BRDA:284,28,0,0
BRDA:323,29,0,1
BRDA:323,29,1,1
BRDA:326,30,0,0
BRDA:326,31,0,1
BRDA:326,31,1,1
BRDA:330,32,0,0
BRDA:330,33,0,0
BRDA:330,33,1,0
BRDA:335,34,0,0
BRDA:348,35,0,1
BRDA:348,36,0,1
BRDA:348,36,1,1
BRDA:354,37,0,0
BRDA:354,38,0,0
BRDA:354,38,1,0
BRDA:388,39,0,0
BRDA:390,40,0,0
BRDA:400,41,0,0
BRDA:443,42,0,0
BRDA:443,43,0,1
BRDA:443,43,1,1
BRDA:455,44,0,0
BRDA:461,45,0,151
BRDA:461,45,1,0
BRDA:463,46,0,0
BRDA:468,47,0,151
BRDA:468,47,1,0
BRDA:472,48,0,150
BRDA:472,48,1,1
BRDA:473,49,0,150
BRDA:473,49,1,1
BRDA:481,50,0,604
BRDA:487,51,0,151
BRDA:487,51,1,0
BRDA:487,52,0,0
BRDA:487,52,1,0
BRDA:543,53,0,1
BRDA:543,53,1,0
BRDA:547,54,0,0
BRDA:547,54,1,1
BRDA:548,55,0,0
BRDA:548,55,1,1
BRDA:553,56,0,1
BRDA:553,56,1,1
BRDA:580,57,0,0
BRDA:603,58,0,0
BRDA:603,58,1,0
BRF:94
BRH:34
end_of_record
TN:
SF:src/utils/document-extractor.ts
FN:15,extractTextFromPdf
FN:45,extractTextFromDocx
FN:77,summarizeText
FNF:3
FNH:0
FNDA:0,extractTextFromPdf
FNDA:0,extractTextFromDocx
FNDA:0,summarizeText
DA:7,0
DA:16,0
DA:18,0
DA:21,0
DA:24,0
DA:27,0
DA:29,0
DA:30,0
DA:33,0
DA:35,0
DA:36,0
DA:46,0
DA:48,0
DA:51,0
DA:54,0
DA:57,0
DA:59,0
DA:60,0
DA:63,0
DA:65,0
DA:66,0
DA:85,0
DA:88,0
DA:89,0
DA:100,0
DA:101,0
DA:102,0
DA:105,0
DA:106,0
DA:108,0
LF:30
LH:0
BRDA:24,0,0,0
BRDA:24,0,1,0
BRDA:29,1,0,0
BRDA:29,2,0,0
BRDA:29,2,1,0
BRDA:54,3,0,0
BRDA:54,3,1,0
BRDA:59,4,0,0
BRDA:59,5,0,0
BRDA:59,5,1,0
BRDA:77,6,0,0
BRDA:77,7,0,0
BRDA:88,8,0,0
BRDA:105,9,0,0
BRDA:105,9,1,0
BRDA:109,10,0,0
BRDA:109,10,1,0
BRF:17
BRH:0
end_of_record
TN:
SF:src/utils/html-parser.ts
FN:97,(anonymous_0)
FN:102,extractDocumentLink
FN:119,extractDocumentDetailsFromHtml
FN:186,extractCommitteesFromHtml
FN:238,extractCommitteeDetailsFromHtml
FN:401,extractActivitiesFromHtml
FN:505,extractVotingResultsFromHtml
FN:596,(anonymous_7)
FN:603,(anonymous_8)
FN:603,(anonymous_9)
FN:608,(anonymous_10)
FN:615,(anonymous_11)
FN:615,(anonymous_12)
FN:646,extractOverviewFromHtml
FNF:14
FNH:3
FNDA:6,(anonymous_0)
FNDA:6,extractDocumentLink
FNDA:2,extractDocumentDetailsFromHtml
FNDA:0,extractCommitteesFromHtml
FNDA:0,extractCommitteeDetailsFromHtml
FNDA:0,extractActivitiesFromHtml
FNDA:0,extractVotingResultsFromHtml
FNDA:0,(anonymous_7)
FNDA:0,(anonymous_8)
FNDA:0,(anonymous_9)
FNDA:0,(anonymous_10)
FNDA:0,(anonymous_11)
FNDA:0,(anonymous_12)
FNDA:0,extractOverviewFromHtml
DA:97,3
DA:98,6
DA:99,6
DA:102,3
DA:104,6
DA:105,0
DA:108,6
DA:109,6
DA:111,3
DA:112,3
DA:113,3
DA:116,3
DA:119,3
DA:120,2
DA:121,0
DA:124,2
DA:137,2
DA:138,2
DA:141,2
DA:142,2
DA:143,2
DA:144,2
DA:145,2
DA:146,2
DA:150,2
DA:151,2
DA:153,2
DA:156,2
DA:157,1
DA:158,1
DA:159,0
DA:162,1
DA:165,2
DA:168,2
DA:169,2
DA:170,0
DA:177,2
DA:186,3
DA:187,0
DA:188,0
DA:191,0
DA:194,0
DA:195,0
DA:197,0
DA:198,0
DA:201,0
DA:204,0
DA:207,0
DA:208,0
DA:210,0
DA:213,0
DA:214,0
DA:216,0
DA:217,0
DA:218,0
DA:219,0
DA:221,0
DA:229,0
DA:238,3
DA:239,0
DA:240,0
DA:244,0
DA:247,0
DA:248,0
DA:249,0
DA:250,0
DA:254,0
DA:255,0
DA:256,0
DA:257,0
DA:258,0
DA:262,0
DA:263,0
DA:266,0
DA:275,0
DA:276,0
DA:277,0
DA:280,0
DA:281,0
DA:283,0
DA:284,0
DA:285,0
DA:288,0
DA:289,0
DA:291,0
DA:294,0
DA:295,0
DA:298,0
DA:299,0
DA:300,0
DA:304,0
DA:307,0
DA:310,0
DA:311,0
DA:313,0
DA:315,0
DA:316,0
DA:319,0
DA:320,0
DA:321,0
DA:322,0
DA:325,0
DA:335,0
DA:337,0
DA:338,0
DA:341,0
DA:342,0
DA:343,0
DA:344,0
DA:345,0
DA:349,0
DA:350,0
DA:353,0
DA:354,0
DA:356,0
DA:359,0
DA:360,0
DA:363,0
DA:364,0
DA:365,0
DA:369,0
DA:372,0
DA:373,0
DA:376,0
DA:377,0
DA:379,0
DA:381,0
DA:382,0
DA:384,0
DA:392,0
DA:401,3
DA:402,0
DA:403,0
DA:406,0
DA:409,0
DA:410,0
DA:412,0
DA:413,0
DA:416,0
DA:419,0
DA:422,0
DA:423,0
DA:425,0
DA:428,0
DA:429,0
DA:432,0
DA:433,0
DA:434,0
DA:438,0
DA:441,0
DA:442,0
DA:443,0
DA:445,0
DA:447,0
DA:448,0
DA:451,0
DA:452,0
DA:453,0
DA:457,0
DA:458,0
DA:459,0
DA:461,0
DA:462,0
DA:463,0
DA:468,0
DA:469,0
DA:470,0
DA:472,0
DA:474,0
DA:475,0
DA:476,0
DA:479,0
DA:480,0
DA:481,0
DA:484,0
DA:496,0
DA:505,3
DA:506,0
DA:507,0
DA:510,0
DA:513,0
DA:516,0
DA:517,0
DA:519,0
DA:522,0
DA:523,0
DA:526,0
DA:527,0
DA:528,0
DA:533,0
DA:536,0
DA:539,0
DA:540,0
DA:543,0
DA:544,0
DA:545,0
DA:550,0
DA:553,0
DA:554,0
DA:557,0
DA:558,0
DA:560,0
DA:562,0
DA:563,0
DA:564,0
DA:567,0
DA:570,0
DA:571,0
DA:574,0
DA:575,0
DA:578,0
DA:581,0
DA:583,0
DA:585,0
DA:586,0
DA:587,0
DA:592,0
DA:593,0
DA:596,0
DA:597,0
DA:599,0
DA:600,0
DA:601,0
DA:603,0
DA:608,0
DA:609,0
DA:611,0
DA:612,0
DA:613,0
DA:615,0
DA:620,0
DA:636,0
DA:646,3
DA:647,0
DA:648,0
DA:660,0
DA:661,0
DA:662,0
DA:665,0
DA:666,0
DA:668,0
DA:669,0
DA:672,0
DA:675,0
DA:676,0
DA:678,0
DA:681,0
DA:682,0
DA:685,0
DA:686,0
DA:687,0
DA:692,0
DA:695,0
DA:696,0
DA:699,0
DA:702,0
DA:705,0
DA:708,0
DA:711,0
DA:712,0
DA:713,0
DA:714,0
DA:716,0
DA:717,0
DA:718,0
DA:719,0
DA:722,0
DA:724,0
DA:725,0
DA:729,0
DA:730,0
DA:733,0
DA:745,0
DA:750,0
DA:751,0
DA:753,0
DA:754,0
DA:755,0
DA:758,0
DA:759,0
DA:760,0
DA:761,0
DA:764,0
DA:765,0
DA:766,0
DA:768,0
DA:769,0
DA:770,0
DA:773,0
DA:775,0
DA:789,0
DA:790,0
DA:791,0
DA:794,0
DA:797,0
DA:799,0
LF:296
LH:38
BRDA:97,0,0,6
BRDA:99,1,0,4
BRDA:99,1,1,2
BRDA:99,2,0,6
BRDA:99,2,1,4
BRDA:104,3,0,0
BRDA:109,4,0,3
BRDA:109,5,0,6
BRDA:109,5,1,3
BRDA:112,6,0,3
BRDA:120,7,0,0
BRDA:142,8,0,2
BRDA:143,9,0,2
BRDA:143,9,1,0
BRDA:144,10,0,2
BRDA:144,10,1,0
BRDA:145,11,0,2
BRDA:145,11,1,0
BRDA:146,12,0,2
BRDA:146,12,1,0
BRDA:151,13,0,2
BRDA:151,14,0,2
BRDA:151,14,1,2
BRDA:156,15,0,1
BRDA:156,15,1,1
BRDA:158,16,0,0
BRDA:158,16,1,1
BRDA:169,17,0,0
BRDA:169,18,0,2
BRDA:169,18,1,0
BRDA:171,19,0,0
BRDA:171,19,1,0
BRDA:172,20,0,0
BRDA:172,20,1,0
BRDA:187,21,0,0
BRDA:197,22,0,0
BRDA:197,23,0,0
BRDA:197,23,1,0
BRDA:208,24,0,0
BRDA:216,25,0,0
BRDA:216,26,0,0
BRDA:216,26,1,0
BRDA:216,26,2,0
BRDA:216,26,3,0
BRDA:239,27,0,0
BRDA:249,28,0,0
BRDA:249,29,0,0
BRDA:249,29,1,0
BRDA:254,30,0,0
BRDA:257,31,0,0
BRDA:257,32,0,0
BRDA:257,32,1,0
BRDA:262,33,0,0
BRDA:277,34,0,0
BRDA:277,34,1,0
BRDA:283,35,0,0
BRDA:283,36,0,0
BRDA:283,36,1,0
BRDA:289,37,0,0
BRDA:299,38,0,0
BRDA:304,39,0,0
BRDA:307,40,0,0
BRDA:307,40,1,0
BRDA:310,41,0,0
BRDA:310,41,1,0
BRDA:313,42,0,0
BRDA:313,43,0,0
BRDA:313,43,1,0
BRDA:313,43,2,0
BRDA:321,44,0,0
BRDA:321,45,0,0
BRDA:321,45,1,0
BRDA:328,46,0,0
BRDA:328,46,1,0
BRDA:329,47,0,0
BRDA:329,47,1,0
BRDA:343,48,0,0
BRDA:343,49,0,0
BRDA:343,49,1,0
BRDA:349,50,0,0
BRDA:354,51,0,0
BRDA:364,52,0,0
BRDA:369,53,0,0
BRDA:372,54,0,0
BRDA:372,54,1,0
BRDA:373,55,0,0
BRDA:376,56,0,0
BRDA:376,56,1,0
BRDA:379,57,0,0
BRDA:379,58,0,0
BRDA:379,58,1,0
BRDA:379,58,2,0
BRDA:402,59,0,0
BRDA:412,60,0,0
BRDA:412,61,0,0
BRDA:412,61,1,0
BRDA:423,62,0,0
BRDA:433,63,0,0
BRDA:438,64,0,0
BRDA:441,65,0,0
BRDA:445,66,0,0
BRDA:445,67,0,0
BRDA:445,67,1,0
BRDA:448,68,0,0
BRDA:448,68,1,0
BRDA:452,69,0,0
BRDA:452,70,0,0
BRDA:452,70,1,0
BRDA:453,71,0,0
BRDA:453,71,1,0
BRDA:458,72,0,0
BRDA:458,73,0,0
BRDA:458,73,1,0
BRDA:459,74,0,0
BRDA:459,74,1,0
BRDA:462,75,0,0
BRDA:462,76,0,0
BRDA:462,76,1,0
BRDA:468,77,0,0
BRDA:468,78,0,0
BRDA:468,78,1,0
BRDA:472,79,0,0
BRDA:472,80,0,0
BRDA:472,80,1,0
BRDA:472,80,2,0
BRDA:472,80,3,0
BRDA:480,81,0,0
BRDA:480,82,0,0
BRDA:480,82,1,0
BRDA:481,83,0,0
BRDA:481,83,1,0
BRDA:506,84,0,0
BRDA:517,85,0,0
BRDA:527,86,0,0
BRDA:533,87,0,0
BRDA:544,88,0,0
BRDA:550,89,0,0
BRDA:553,90,0,0
BRDA:553,90,1,0
BRDA:557,91,0,0
BRDA:557,91,1,0
BRDA:560,92,0,0
BRDA:560,93,0,0
BRDA:560,93,1,0
BRDA:560,93,2,0
BRDA:560,93,3,0
BRDA:567,94,0,0
BRDA:567,94,1,0
BRDA:570,95,0,0
BRDA:570,95,1,0
BRDA:574,96,0,0
BRDA:574,96,1,0
BRDA:575,97,0,0
BRDA:575,97,1,0
BRDA:586,98,0,0
BRDA:596,99,0,0
BRDA:596,99,1,0
BRDA:597,100,0,0
BRDA:600,101,0,0
BRDA:600,102,0,0
BRDA:600,102,1,0
BRDA:608,103,0,0
BRDA:608,103,1,0
BRDA:609,104,0,0
BRDA:612,105,0,0
BRDA:612,106,0,0
BRDA:612,106,1,0
BRDA:625,107,0,0
BRDA:625,107,1,0
BRDA:646,108,0,0
BRDA:647,109,0,0
BRDA:668,110,0,0
BRDA:668,111,0,0
BRDA:668,111,1,0
BRDA:676,112,0,0
BRDA:686,113,0,0
BRDA:692,114,0,0
BRDA:695,115,0,0
BRDA:695,115,1,0
BRDA:696,116,0,0
BRDA:699,117,0,0
BRDA:699,117,1,0
BRDA:702,118,0,0
BRDA:702,118,1,0
BRDA:705,119,0,0
BRDA:705,119,1,0
BRDA:708,120,0,0
BRDA:708,120,1,0
BRDA:716,121,0,0
BRDA:716,121,1,0
BRDA:716,122,0,0
BRDA:716,122,1,0
BRDA:716,122,2,0
BRDA:730,123,0,0
BRDA:730,123,1,0
BRDA:730,124,0,0
BRDA:730,124,1,0
BRDA:745,125,0,0
BRDA:753,126,0,0
BRDA:753,127,0,0
BRDA:753,127,1,0
BRDA:759,128,0,0
BRDA:759,129,0,0
BRDA:759,129,1,0
BRDA:768,130,0,0
BRDA:768,131,0,0
BRDA:768,131,1,0
BRDA:768,131,2,0
BRF:208
BRH:21
end_of_record
