TN:
SF:src/index.ts
FN:22,(anonymous_0)
FN:42,(anonymous_1)
FN:62,(anonymous_2)
FN:82,(anonymous_3)
FN:102,(anonymous_4)
FN:133,(anonymous_5)
FN:158,(anonymous_6)
FN:188,(anonymous_7)
FN:203,(anonymous_8)
FN:216,(anonymous_9)
FN:241,(anonymous_10)
FN:303,(anonymous_11)
FN:335,(anonymous_12)
FN:358,(anonymous_13)
FN:383,(anonymous_14)
FN:403,(anonymous_15)
FN:423,(anonymous_16)
FN:443,(anonymous_17)
FN:463,(anonymous_18)
FN:483,(anonymous_19)
FN:502,main
FN:506,(anonymous_21)
FNF:22
FNH:0
FNDA:0,(anonymous_0)
FNDA:0,(anonymous_1)
FNDA:0,(anonymous_2)
FNDA:0,(anonymous_3)
FNDA:0,(anonymous_4)
FNDA:0,(anonymous_5)
FNDA:0,(anonymous_6)
FNDA:0,(anonymous_7)
FNDA:0,(anonymous_8)
FNDA:0,(anonymous_9)
FNDA:0,(anonymous_10)
FNDA:0,(anonymous_11)
FNDA:0,(anonymous_12)
FNDA:0,(anonymous_13)
FNDA:0,(anonymous_14)
FNDA:0,(anonymous_15)
FNDA:0,(anonymous_16)
FNDA:0,(anonymous_17)
FNDA:0,(anonymous_18)
FNDA:0,(anonymous_19)
FNDA:0,main
FNDA:0,(anonymous_21)
DA:11,0
DA:18,0
DA:23,0
DA:24,0
DA:25,0
DA:27,0
DA:38,0
DA:43,0
DA:44,0
DA:45,0
DA:47,0
DA:58,0
DA:63,0
DA:64,0
DA:65,0
DA:67,0
DA:78,0
DA:83,0
DA:84,0
DA:85,0
DA:87,0
DA:98,0
DA:103,0
DA:105,0
DA:107,0
DA:108,0
DA:116,0
DA:118,0
DA:129,0
DA:134,0
DA:135,0
DA:138,0
DA:139,0
DA:148,0
DA:149,0
DA:158,0
DA:160,0
DA:161,0
DA:162,0
DA:166,0
DA:168,0
DA:179,0
DA:189,0
DA:190,0
DA:193,0
DA:194,0
DA:203,0
DA:206,0
DA:207,0
DA:216,0
DA:218,0
DA:219,0
DA:220,0
DA:224,0
DA:226,0
DA:237,0
DA:242,0
DA:244,0
DA:245,0
DA:246,0
DA:247,0
DA:260,0
DA:263,0
DA:264,0
DA:266,0
DA:268,0
DA:269,0
DA:270,0
DA:284,0
DA:288,0
DA:299,0
DA:304,0
DA:305,0
DA:306,0
DA:307,0
DA:320,0
DA:331,0
DA:336,0
DA:337,0
DA:338,0
DA:340,0
DA:351,0
DA:359,0
DA:360,0
DA:361,0
DA:363,0
DA:374,0
DA:384,0
DA:385,0
DA:386,0
DA:388,0
DA:399,0
DA:404,0
DA:405,0
DA:406,0
DA:408,0
DA:419,0
DA:424,0
DA:425,0
DA:426,0
DA:428,0
DA:439,0
DA:444,0
DA:445,0
DA:446,0
DA:448,0
DA:459,0
DA:464,0
DA:465,0
DA:466,0
DA:468,0
DA:479,0
DA:484,0
DA:485,0
DA:488,0
DA:490,0
DA:503,0
DA:504,0
DA:506,0
DA:507,0
DA:508,0
LF:121
LH:0
BRDA:30,0,0,0
BRDA:30,0,1,0
BRDA:45,1,0,0
BRDA:45,1,1,0
BRDA:50,2,0,0
BRDA:50,2,1,0
BRDA:70,3,0,0
BRDA:70,3,1,0
BRDA:90,4,0,0
BRDA:90,4,1,0
BRDA:107,5,0,0
BRDA:121,6,0,0
BRDA:121,6,1,0
BRDA:138,7,0,0
BRDA:148,8,0,0
BRDA:148,9,0,0
BRDA:148,9,1,0
BRDA:171,10,0,0
BRDA:171,10,1,0
BRDA:193,11,0,0
BRDA:203,12,0,0
BRDA:203,12,1,0
BRDA:206,13,0,0
BRDA:229,14,0,0
BRDA:229,14,1,0
BRDA:254,15,0,0
BRDA:254,15,1,0
BRDA:260,16,0,0
BRDA:260,16,1,0
BRDA:266,17,0,0
BRDA:266,17,1,0
BRDA:277,18,0,0
BRDA:277,18,1,0
BRDA:291,19,0,0
BRDA:291,19,1,0
BRDA:323,20,0,0
BRDA:323,20,1,0
BRDA:343,21,0,0
BRDA:343,21,1,0
BRDA:366,22,0,0
BRDA:366,22,1,0
BRDA:391,23,0,0
BRDA:391,23,1,0
BRDA:411,24,0,0
BRDA:411,24,1,0
BRDA:431,25,0,0
BRDA:431,25,1,0
BRDA:451,26,0,0
BRDA:451,26,1,0
BRDA:471,27,0,0
BRDA:471,27,1,0
BRDA:493,28,0,0
BRDA:493,28,1,0
BRF:53
BRH:0
end_of_record
TN:
SF:src/services/api.ts
FN:16,(anonymous_0)
FN:70,(anonymous_1)
FN:104,(anonymous_2)
FN:160,(anonymous_3)
FN:274,(anonymous_4)
FN:341,(anonymous_5)
FN:370,(anonymous_6)
FNF:7
FNH:7
FNDA:4,(anonymous_0)
FNDA:3,(anonymous_1)
FNDA:3,(anonymous_2)
FNDA:5,(anonymous_3)
FNDA:3,(anonymous_4)
FNDA:3,(anonymous_5)
FNDA:3,(anonymous_6)
DA:3,2
DA:17,4
DA:19,4
DA:20,4
DA:23,4
DA:34,4
DA:36,2
DA:37,1
DA:38,1
DA:40,1
DA:44,2
DA:45,2
DA:46,1
DA:47,1
DA:51,1
DA:52,1
DA:54,0
DA:55,0
DA:58,1
DA:59,1
DA:71,3
DA:73,3
DA:74,3
DA:77,3
DA:86,2
DA:87,1
DA:90,1
DA:92,2
DA:93,2
DA:105,3
DA:107,3
DA:108,3
DA:111,3
DA:120,3
DA:121,1
DA:125,2
DA:128,2
DA:129,0
DA:133,2
DA:134,2
DA:137,2
DA:139,1
DA:141,1
DA:143,0
DA:146,2
DA:148,1
DA:149,1
DA:161,5
DA:163,5
DA:166,5
DA:167,5
DA:168,5
DA:169,5
DA:171,5
DA:192,5
DA:194,3
DA:195,2
DA:198,2
DA:200,2
DA:201,2
DA:204,2
DA:205,2
DA:206,2
DA:207,2
DA:209,2
DA:229,1
DA:230,1
DA:231,0
DA:232,0
DA:233,0
DA:241,0
DA:246,1
DA:250,2
DA:251,0
DA:252,0
DA:253,0
DA:257,0
DA:258,0
DA:260,0
DA:261,0
DA:264,2
DA:265,2
DA:275,3
DA:277,3
DA:280,3
DA:281,3
DA:289,3
DA:292,3
DA:293,2
DA:295,2
DA:296,2
DA:297,1
DA:301,2
DA:302,1
DA:305,0
DA:309,1
DA:310,1
DA:313,0
DA:314,0
DA:315,0
DA:319,0
DA:320,0
DA:321,0
DA:324,1
DA:328,1
DA:330,0
DA:332,0
DA:342,3
DA:344,3
DA:346,3
DA:353,3
DA:355,1
DA:356,1
DA:357,1
DA:359,0
DA:362,2
DA:365,2
DA:366,1
DA:367,1
DA:370,3
DA:372,0
DA:373,0
DA:379,2
LF:123
LH:96
BRDA:16,0,0,4
BRDA:34,1,0,2
BRDA:36,2,0,1
BRDA:45,3,0,1
BRDA:70,4,0,3
BRDA:86,5,0,1
BRDA:104,6,0,3
BRDA:120,7,0,1
BRDA:125,8,0,2
BRDA:125,8,1,0
BRDA:128,9,0,0
BRDA:128,10,0,2
BRDA:128,10,1,2
BRDA:128,10,2,2
BRDA:137,11,0,1
BRDA:139,12,0,1
BRDA:139,12,1,0
BRDA:139,13,0,1
BRDA:139,13,1,1
BRDA:160,14,0,5
BRDA:168,15,0,0
BRDA:168,15,1,5
BRDA:169,16,0,5
BRDA:169,16,1,5
BRDA:176,17,0,0
BRDA:176,17,1,5
BRDA:176,18,0,5
BRDA:176,18,1,5
BRDA:192,19,0,3
BRDA:194,20,0,2
BRDA:200,21,0,2
BRDA:200,22,0,2
BRDA:200,22,1,2
BRDA:206,23,0,0
BRDA:206,23,1,2
BRDA:207,24,0,2
BRDA:207,24,1,2
BRDA:214,25,0,0
BRDA:214,25,1,2
BRDA:214,26,0,2
BRDA:214,26,1,2
BRDA:229,27,0,1
BRDA:251,28,0,0
BRDA:289,29,0,3
BRDA:289,29,1,2
BRDA:292,30,0,2
BRDA:292,31,0,3
BRDA:292,31,1,2
BRDA:296,32,0,1
BRDA:296,33,0,2
BRDA:296,33,1,1
BRDA:301,34,0,1
BRDA:314,35,0,0
BRDA:314,36,0,0
BRDA:314,36,1,0
BRDA:320,37,0,0
BRDA:320,38,0,0
BRDA:320,38,1,0
BRDA:353,39,0,1
BRDA:355,40,0,1
BRDA:365,41,0,1
BRF:61
BRH:47
end_of_record
TN:
SF:src/services/parliament-service.ts
FN:11,(anonymous_0)
FN:31,(anonymous_1)
FN:110,(anonymous_2)
FN:131,(anonymous_3)
FNF:4
FNH:0
FNDA:0,(anonymous_0)
FNDA:0,(anonymous_1)
FNDA:0,(anonymous_2)
FNDA:0,(anonymous_3)
DA:12,0
DA:14,0
DA:17,0
DA:19,0
DA:21,0
DA:22,0
DA:32,0
DA:34,0
DA:36,0
DA:37,0
DA:39,0
DA:40,0
DA:41,0
DA:44,0
DA:47,0
DA:50,0
DA:51,0
DA:54,0
DA:55,0
DA:56,0
DA:58,0
DA:61,0
DA:62,0
DA:63,0
DA:66,0
DA:67,0
DA:68,0
DA:71,0
DA:72,0
DA:75,0
DA:76,0
DA:80,0
DA:83,0
DA:98,0
DA:100,0
DA:101,0
DA:111,0
DA:113,0
DA:116,0
DA:118,0
DA:120,0
DA:121,0
DA:132,0
DA:134,0
DA:135,0
DA:136,0
DA:139,0
DA:140,0
DA:141,0
DA:144,0
DA:145,0
DA:146,0
DA:149,0
DA:163,0
DA:164,0
DA:170,1
LF:56
LH:1
BRDA:39,0,0,0
BRDA:39,1,0,0
BRDA:39,1,1,0
BRDA:56,2,0,0
BRDA:56,2,1,0
BRDA:58,3,0,0
BRDA:63,4,0,0
BRDA:63,4,1,0
BRDA:67,5,0,0
BRDA:67,5,1,0
BRDA:68,6,0,0
BRDA:68,6,1,0
BRDA:80,7,0,0
BRDA:80,7,1,0
BRDA:80,8,0,0
BRDA:80,8,1,0
BRDA:136,9,0,0
BRDA:136,9,1,0
BRDA:140,10,0,0
BRDA:140,10,1,0
BRDA:141,11,0,0
BRDA:141,11,1,0
BRDA:146,12,0,0
BRDA:146,12,1,0
BRF:24
BRH:0
end_of_record
TN:
SF:src/utils/html-parser.ts
FN:10,extractDocumentLink
FNF:1
FNH:1
FNDA:4,extractDocumentLink
DA:12,4
DA:13,4
DA:15,4
DA:16,1
DA:20,3
DA:21,3
DA:23,3
DA:24,2
DA:27,1
LF:9
LH:9
BRDA:15,0,0,1
BRDA:15,1,0,4
BRDA:15,1,1,1
BRDA:23,2,0,2
BRDA:23,3,0,3
BRDA:23,3,1,2
BRF:6
BRH:6
end_of_record
